#
# There is insufficient memory for the Java Runtime Environment to continue.
# Native memory allocation (mmap) failed to map 1032192 bytes for G1 virtual space
# Possible reasons:
#   The system is out of physical RAM or swap space
#   The process is running with CompressedOops enabled, and the Java Heap may be blocking the growth of the native heap
# Possible solutions:
#   Reduce memory load on the system
#   Increase physical memory or swap space
#   Check if swap backing store is full
#   Decrease Java heap size (-Xmx/-Xms)
#   Decrease number of Java threads
#   Decrease Java thread stack sizes (-Xss)
#   Set larger code cache with -XX:ReservedCodeCacheSize=
#   JVM is running with Unscaled Compressed Oops mode in which the Java heap is
#     placed in the first 4GB address space. The Java Heap base address is the
#     maximum limit for the native heap growth. Please use -XX:HeapBaseMinAddress
#     to set the Java Heap base and to place the Java Heap above 4GB virtual address.
# This output file may be truncated or incomplete.
#
#  Out of Memory Error (os_windows.cpp:3528), pid=6388, tid=7060
#
# JRE version: OpenJDK Runtime Environment (20.0+36) (build 20+36-2344)
# Java VM: OpenJDK 64-Bit Server VM (20+36-2344, mixed mode, sharing, tiered, compressed oops, compressed class ptrs, g1 gc, windows-amd64)
# No core dump will be written. Minidumps are not enabled by default on client versions of Windows
#

---------------  S U M M A R Y ------------

Command Line: --add-opens=java.base/java.util=ALL-UNNAMED --add-opens=java.base/java.lang=ALL-UNNAMED --add-opens=java.base/java.lang.invoke=ALL-UNNAMED --add-opens=java.prefs/java.util.prefs=ALL-UNNAMED --add-opens=java.base/java.nio.charset=ALL-UNNAMED --add-opens=java.base/java.net=ALL-UNNAMED --add-opens=java.base/java.util.concurrent.atomic=ALL-UNNAMED -Xmx2048m -Dfile.encoding=UTF-8 -Duser.country=AR -Duser.language=es -Duser.variant -javaagent:C:\Users\leomorales\.gradle\wrapper\dists\gradle-8.1-bin\2eyty4r6kz6fpakefpk52nbbm\gradle-8.1\lib\agents\gradle-instrumentation-agent-8.1.jar org.gradle.launcher.daemon.bootstrap.GradleDaemon 8.1

Host: Intel(R) Core(TM) i5-7200U CPU @ 2.50GHz, 4 cores, 7G,  Windows 10 , 64 bit Build 19041 (10.0.19041.2788)
Time: Fri Apr 28 17:21:43 2023 Hora estándar de Argentina elapsed time: 45.850159 seconds (0d 0h 0m 45s)

---------------  T H R E A D  ---------------

Current thread (0x00000177111618f0):  VMThread "VM Thread" [stack: 0x0000002b63d00000,0x0000002b63e00000] [id=7060]

Stack: [0x0000002b63d00000,0x0000002b63e00000]
Native frames: (J=compiled Java code, j=interpreted, Vv=VM code, C=native code)
V  [jvm.dll+0x6bb95a]
V  [jvm.dll+0x8483aa]
V  [jvm.dll+0x849fa5]
V  [jvm.dll+0x84a6a3]
V  [jvm.dll+0x280b0f]
V  [jvm.dll+0x6b86e9]
V  [jvm.dll+0x6ad2da]
V  [jvm.dll+0x35adf5]
V  [jvm.dll+0x363016]
V  [jvm.dll+0x3b3b53]
V  [jvm.dll+0x3b3dc5]
V  [jvm.dll+0x32b50a]
V  [jvm.dll+0x32e126]
V  [jvm.dll+0x3381ee]
V  [jvm.dll+0x371a5a]
V  [jvm.dll+0x84ffee]
V  [jvm.dll+0x851101]
V  [jvm.dll+0x851609]
V  [jvm.dll+0x851883]
V  [jvm.dll+0x7f4906]
V  [jvm.dll+0x6ba5cb]
C  [ucrtbase.dll+0x21bb2]
C  [KERNEL32.DLL+0x17604]
C  [ntdll.dll+0x526a1]

VM_Operation (0x0000002b639ff6a0): G1PauseRemark, mode: safepoint, requested by thread 0x0000017772f507f0


---------------  P R O C E S S  ---------------

Threads class SMR info:
_java_thread_list=0x0000017715cf1340, length=43, elements={
0x0000017772ee1e10, 0x000001771117ec60, 0x000001771117fc00, 0x0000017711184a10,
0x0000017711188470, 0x0000017711188db0, 0x00000177111896f0, 0x000001771118a360,
0x000001771119fc30, 0x000001771114e0f0, 0x0000017715579e60, 0x0000017716bc16d0,
0x0000017715c87fc0, 0x0000017715e72090, 0x000001771615ae90, 0x000001771615be80,
0x000001771615d3c0, 0x000001771615b930, 0x000001771615a3f0, 0x000001771615a940,
0x000001771615c920, 0x000001771615b3e0, 0x000001771615ce70, 0x000001771615c3d0,
0x000001771615d910, 0x0000017717865cc0, 0x00000177178681f0, 0x000001771786bc60,
0x0000017717866cb0, 0x0000017717868740, 0x00000177178691e0, 0x000001771786ac70,
0x000001771786d1a0, 0x0000017717869730, 0x000001771786c1b0, 0x0000017717869c80,
0x000001771786cc50, 0x0000017717867200, 0x0000017717867750, 0x0000017717867ca0,
0x000001771942bd10, 0x0000017719429290, 0x0000017719427d50
}

Java Threads: ( => current thread )
  0x0000017772ee1e10 JavaThread "main" [_thread_blocked, id=12976, stack(0x0000002b63700000,0x0000002b63800000)]
  0x000001771117ec60 JavaThread "Reference Handler" daemon [_thread_blocked, id=7488, stack(0x0000002b63e00000,0x0000002b63f00000)]
  0x000001771117fc00 JavaThread "Finalizer" daemon [_thread_blocked, id=9396, stack(0x0000002b63f00000,0x0000002b64000000)]
  0x0000017711184a10 JavaThread "Signal Dispatcher" daemon [_thread_blocked, id=12180, stack(0x0000002b64000000,0x0000002b64100000)]
  0x0000017711188470 JavaThread "Attach Listener" daemon [_thread_blocked, id=2876, stack(0x0000002b64100000,0x0000002b64200000)]
  0x0000017711188db0 JavaThread "Service Thread" daemon [_thread_blocked, id=15372, stack(0x0000002b64200000,0x0000002b64300000)]
  0x00000177111896f0 JavaThread "Monitor Deflation Thread" daemon [_thread_blocked, id=6368, stack(0x0000002b64300000,0x0000002b64400000)]
  0x000001771118a360 JavaThread "C2 CompilerThread0" daemon [_thread_blocked, id=11724, stack(0x0000002b64400000,0x0000002b64500000)]
  0x000001771119fc30 JavaThread "C1 CompilerThread0" daemon [_thread_blocked, id=13160, stack(0x0000002b64500000,0x0000002b64600000)]
  0x000001771114e0f0 JavaThread "Common-Cleaner" daemon [_thread_blocked, id=7764, stack(0x0000002b64600000,0x0000002b64700000)]
  0x0000017715579e60 JavaThread "Notification Thread" daemon [_thread_blocked, id=2920, stack(0x0000002b64700000,0x0000002b64800000)]
  0x0000017716bc16d0 JavaThread "Daemon health stats" [_thread_blocked, id=11904, stack(0x0000002b64c00000,0x0000002b64d00000)]
  0x0000017715c87fc0 JavaThread "Incoming local TCP Connector on port 52510" [_thread_in_native, id=1600, stack(0x0000002b64d00000,0x0000002b64e00000)]
  0x0000017715e72090 JavaThread "Daemon periodic checks" [_thread_blocked, id=10212, stack(0x0000002b64e00000,0x0000002b64f00000)]
  0x000001771615ae90 JavaThread "Daemon" [_thread_blocked, id=15136, stack(0x0000002b64f00000,0x0000002b65000000)]
  0x000001771615be80 JavaThread "Handler for socket connection from /127.0.0.1:52510 to /127.0.0.1:52511" [_thread_in_native, id=9644, stack(0x0000002b65000000,0x0000002b65100000)]
  0x000001771615d3c0 JavaThread "Cancel handler" [_thread_blocked, id=2364, stack(0x0000002b65100000,0x0000002b65200000)]
  0x000001771615b930 JavaThread "Daemon worker" [_thread_blocked, id=10196, stack(0x0000002b65200000,0x0000002b65300000)]
  0x000001771615a3f0 JavaThread "Asynchronous log dispatcher for DefaultDaemonConnection: socket connection from /127.0.0.1:52510 to /127.0.0.1:52511" [_thread_blocked, id=7472, stack(0x0000002b65300000,0x0000002b65400000)]
  0x000001771615a940 JavaThread "Stdin handler" [_thread_blocked, id=6376, stack(0x0000002b65400000,0x0000002b65500000)]
  0x000001771615c920 JavaThread "Daemon client event forwarder" [_thread_blocked, id=5508, stack(0x0000002b65500000,0x0000002b65600000)]
  0x000001771615b3e0 JavaThread "Cache worker for journal cache (C:\Users\leomorales\.gradle\caches\journal-1)" [_thread_blocked, id=12100, stack(0x0000002b65600000,0x0000002b65700000)]
  0x000001771615ce70 JavaThread "File lock request listener" [_thread_in_native, id=15024, stack(0x0000002b65700000,0x0000002b65800000)]
  0x000001771615c3d0 JavaThread "Cache worker for file hash cache (C:\Users\leomorales\.gradle\caches\8.1\fileHashes)" [_thread_blocked, id=3912, stack(0x0000002b65800000,0x0000002b65900000)]
  0x000001771615d910 JavaThread "File watcher server" daemon [_thread_in_native, id=3928, stack(0x0000002b65900000,0x0000002b65a00000)]
  0x0000017717865cc0 JavaThread "File watcher consumer" daemon [_thread_blocked, id=12600, stack(0x0000002b65a00000,0x0000002b65b00000)]
  0x00000177178681f0 JavaThread "jar transforms" [_thread_blocked, id=7004, stack(0x0000002b65b00000,0x0000002b65c00000)]
  0x000001771786bc60 JavaThread "jar transforms Thread 2" [_thread_blocked, id=14916, stack(0x0000002b65c00000,0x0000002b65d00000)]
  0x0000017717866cb0 JavaThread "jar transforms Thread 3" [_thread_blocked, id=13912, stack(0x0000002b65d00000,0x0000002b65e00000)]
  0x0000017717868740 JavaThread "jar transforms Thread 4" [_thread_blocked, id=2756, stack(0x0000002b65e00000,0x0000002b65f00000)]
  0x00000177178691e0 JavaThread "Cache worker for checksums cache (C:\Users\leomorales\code\android\tnt-2023\Compose\WICCapp\.gradle\8.1\checksums)" [_thread_blocked, id=12336, stack(0x0000002b65f00000,0x0000002b66000000)]
  0x000001771786ac70 JavaThread "Cache worker for cache directory md-rule (C:\Users\leomorales\.gradle\caches\8.1\md-rule)" [_thread_blocked, id=8808, stack(0x0000002b66000000,0x0000002b66100000)]
  0x000001771786d1a0 JavaThread "Cache worker for file content cache (C:\Users\leomorales\.gradle\caches\8.1\fileContent)" [_thread_blocked, id=8632, stack(0x0000002b66100000,0x0000002b66200000)]
  0x0000017717869730 JavaThread "Cache worker for file hash cache (C:\Users\leomorales\code\android\tnt-2023\Compose\WICCapp\.gradle\8.1\fileHashes)" [_thread_blocked, id=10432, stack(0x0000002b66200000,0x0000002b66300000)]
  0x000001771786c1b0 JavaThread "Cache worker for cache directory md-supplier (C:\Users\leomorales\.gradle\caches\8.1\md-supplier)" [_thread_blocked, id=6688, stack(0x0000002b66300000,0x0000002b66400000)]
  0x0000017717869c80 JavaThread "Cache worker for execution history cache (C:\Users\leomorales\.gradle\caches\8.1\executionHistory)" [_thread_blocked, id=12616, stack(0x0000002b66400000,0x0000002b66500000)]
  0x000001771786cc50 JavaThread "File lock release action executor" [_thread_blocked, id=13632, stack(0x0000002b66500000,0x0000002b66600000)]
  0x0000017717867200 JavaThread "Cache worker for dependencies-accessors (C:\Users\leomorales\code\android\tnt-2023\Compose\WICCapp\.gradle\8.1\dependencies-accessors)" [_thread_blocked, id=12584, stack(0x0000002b66600000,0x0000002b66700000)]
  0x0000017717867750 JavaThread "Cache worker for Build Output Cleanup Cache (C:\Users\leomorales\code\android\tnt-2023\Compose\WICCapp\.gradle\buildOutputCleanup)" [_thread_blocked, id=3900, stack(0x0000002b66700000,0x0000002b66800000)]
  0x0000017717867ca0 JavaThread "Unconstrained build operations" [_thread_blocked, id=4364, stack(0x0000002b66800000,0x0000002b66900000)]
  0x000001771942bd10 JavaThread "Unconstrained build operations Thread 2" [_thread_blocked, id=3320, stack(0x0000002b66900000,0x0000002b66a00000)]
  0x0000017719429290 JavaThread "Unconstrained build operations Thread 3" [_thread_blocked, id=932, stack(0x0000002b66a00000,0x0000002b66b00000)]
  0x0000017719427d50 JavaThread "Memory manager" [_thread_blocked, id=14968, stack(0x0000002b66b00000,0x0000002b66c00000)]

Other Threads:
=>0x00000177111618f0 VMThread "VM Thread" [stack: 0x0000002b63d00000,0x0000002b63e00000] [id=7060]
  0x0000017772ee2a10 WatcherThread "VM Periodic Task Thread" [stack: 0x0000002b64800000,0x0000002b64900000] [id=9652]
  0x0000017772f3f9d0 WorkerThread "GC Thread#0" [stack: 0x0000002b63800000,0x0000002b63900000] [id=15420]
  0x00000177156be970 WorkerThread "GC Thread#1" [stack: 0x0000002b64900000,0x0000002b64a00000] [id=5936]
  0x00000177156bec40 WorkerThread "GC Thread#2" [stack: 0x0000002b64a00000,0x0000002b64b00000] [id=9268]
  0x0000017715d4c7d0 WorkerThread "GC Thread#3" [stack: 0x0000002b64b00000,0x0000002b64c00000] [id=15756]
  0x0000017772f507f0 ConcurrentGCThread "G1 Main Marker" [stack: 0x0000002b63900000,0x0000002b63a00000] [id=10332]
  0x0000017772f522e0 WorkerThread "G1 Conc#0" [stack: 0x0000002b63a00000,0x0000002b63b00000] [id=4396]
  0x0000017772faec70 ConcurrentGCThread "G1 Refine#0" [stack: 0x0000002b63b00000,0x0000002b63c00000] [id=12184]
  0x00000177110228a0 ConcurrentGCThread "G1 Service" [stack: 0x0000002b63c00000,0x0000002b63d00000] [id=11400]

Threads with active compile tasks:

VM state: at safepoint (normal execution)

VM Mutex/Monitor currently owned by a thread:  ([mutex/lock_event])
[0x0000017772edeb20] Threads_lock - owner thread: 0x00000177111618f0
[0x0000017772ede340] Heap_lock - owner thread: 0x0000017772f507f0

Heap address: 0x0000000080000000, size: 2048 MB, Compressed Oops mode: 32-bit

CDS archive(s) mapped at: [0x0000000800000000-0x0000000800c60000-0x0000000800c60000), size 12976128, SharedBaseAddress: 0x0000000800000000, ArchiveRelocationMode: 0.
Compressed class space mapped at: 0x0000000801000000-0x0000000841000000, reserved size: 1073741824
Narrow klass base: 0x0000000800000000, Narrow klass shift: 0, Narrow klass range: 0x100000000

GC Precious Log:
 CardTable entry size: 512
 Card Set container configuration: InlinePtr #cards 5 size 8 Array Of Cards #cards 12 size 40 Howl #buckets 4 coarsen threshold 1843 Howl Bitmap #cards 512 size 80 coarsen threshold 460 Card regions per heap region 1 cards per card region 2048
 CPUs: 4 total, 4 available
 Memory: 8043M
 Large Page Support: Disabled
 NUMA Support: Disabled
 Compressed Oops: Enabled (32-bit)
 Heap Region Size: 1M
 Heap Min Capacity: 8M
 Heap Initial Capacity: 126M
 Heap Max Capacity: 2G
 Pre-touch: Disabled
 Parallel Workers: 4
 Concurrent Workers: 1
 Concurrent Refinement Workers: 4
 Periodic GC: Disabled

Heap:
 garbage-first heap   total 201728K, used 157644K [0x0000000080000000, 0x0000000100000000)
  region size 1024K, 10 young (10240K), 6 survivors (6144K)
 Metaspace       used 74074K, committed 76096K, reserved 1179648K
  class space    used 10297K, committed 11264K, reserved 1048576K

Heap Regions: E=young(eden), S=young(survivor), O=old, HS=humongous(starts), HC=humongous(continues), CS=collection set, F=free, OA=open archive, CA=closed archive, TAMS=top-at-mark-start, PB=parsable bottom
|   0|0x0000000080000000, 0x0000000080100000, 0x0000000080100000|100%| O|  |TAMS 0x0000000080100000| PB 0x0000000080100000| Untracked 
|   1|0x0000000080100000, 0x0000000080200000, 0x0000000080200000|100%| O|  |TAMS 0x0000000080200000| PB 0x0000000080200000| Untracked 
|   2|0x0000000080200000, 0x0000000080300000, 0x0000000080300000|100%|HS|  |TAMS 0x0000000080300000| PB 0x0000000080200000| Complete 
|   3|0x0000000080300000, 0x0000000080400000, 0x0000000080400000|100%|HC|  |TAMS 0x0000000080400000| PB 0x0000000080300000| Complete 
|   4|0x0000000080400000, 0x0000000080500000, 0x0000000080500000|100%|HC|  |TAMS 0x0000000080500000| PB 0x0000000080400000| Complete 
|   5|0x0000000080500000, 0x0000000080600000, 0x0000000080600000|100%|HC|  |TAMS 0x0000000080600000| PB 0x0000000080500000| Complete 
|   6|0x0000000080600000, 0x0000000080700000, 0x0000000080700000|100%| O|  |TAMS 0x0000000080700000| PB 0x0000000080700000| Untracked 
|   7|0x0000000080700000, 0x0000000080800000, 0x0000000080800000|100%| O|  |TAMS 0x0000000080800000| PB 0x0000000080800000| Updating 
|   8|0x0000000080800000, 0x0000000080900000, 0x0000000080900000|100%| O|  |TAMS 0x0000000080900000| PB 0x0000000080900000| Untracked 
|   9|0x0000000080900000, 0x0000000080a00000, 0x0000000080a00000|100%| O|  |TAMS 0x0000000080a00000| PB 0x0000000080a00000| Updating 
|  10|0x0000000080a00000, 0x0000000080b00000, 0x0000000080b00000|100%| O|  |TAMS 0x0000000080b00000| PB 0x0000000080b00000| Untracked 
|  11|0x0000000080b00000, 0x0000000080c00000, 0x0000000080c00000|100%| O|  |TAMS 0x0000000080c00000| PB 0x0000000080c00000| Untracked 
|  12|0x0000000080c00000, 0x0000000080d00000, 0x0000000080d00000|100%| O|  |TAMS 0x0000000080d00000| PB 0x0000000080d00000| Untracked 
|  13|0x0000000080d00000, 0x0000000080e00000, 0x0000000080e00000|100%| O|  |TAMS 0x0000000080e00000| PB 0x0000000080e00000| Untracked 
|  14|0x0000000080e00000, 0x0000000080f00000, 0x0000000080f00000|100%| O|  |TAMS 0x0000000080f00000| PB 0x0000000080f00000| Untracked 
|  15|0x0000000080f00000, 0x0000000081000000, 0x0000000081000000|100%| O|  |TAMS 0x0000000081000000| PB 0x0000000081000000| Untracked 
|  16|0x0000000081000000, 0x0000000081100000, 0x0000000081100000|100%| O|  |TAMS 0x0000000081100000| PB 0x0000000081100000| Untracked 
|  17|0x0000000081100000, 0x0000000081200000, 0x0000000081200000|100%| O|  |TAMS 0x0000000081200000| PB 0x0000000081200000| Untracked 
|  18|0x0000000081200000, 0x0000000081300000, 0x0000000081300000|100%| O|  |TAMS 0x0000000081300000| PB 0x0000000081300000| Untracked 
|  19|0x0000000081300000, 0x0000000081400000, 0x0000000081400000|100%| O|  |TAMS 0x0000000081400000| PB 0x0000000081400000| Untracked 
|  20|0x0000000081400000, 0x0000000081500000, 0x0000000081500000|100%| O|  |TAMS 0x0000000081500000| PB 0x0000000081500000| Untracked 
|  21|0x0000000081500000, 0x0000000081600000, 0x0000000081600000|100%|HS|  |TAMS 0x0000000081600000| PB 0x0000000081500000| Complete 
|  22|0x0000000081600000, 0x0000000081700000, 0x0000000081700000|100%|HC|  |TAMS 0x0000000081700000| PB 0x0000000081600000| Complete 
|  23|0x0000000081700000, 0x0000000081800000, 0x0000000081800000|100%|HS|  |TAMS 0x0000000081800000| PB 0x0000000081700000| Complete 
|  24|0x0000000081800000, 0x0000000081900000, 0x0000000081900000|100%|HC|  |TAMS 0x0000000081900000| PB 0x0000000081800000| Complete 
|  25|0x0000000081900000, 0x0000000081a00000, 0x0000000081a00000|100%|HC|  |TAMS 0x0000000081a00000| PB 0x0000000081900000| Complete 
|  26|0x0000000081a00000, 0x0000000081b00000, 0x0000000081b00000|100%|HS|  |TAMS 0x0000000081b00000| PB 0x0000000081a00000| Complete 
|  27|0x0000000081b00000, 0x0000000081c00000, 0x0000000081c00000|100%|HC|  |TAMS 0x0000000081c00000| PB 0x0000000081b00000| Complete 
|  28|0x0000000081c00000, 0x0000000081d00000, 0x0000000081d00000|100%|HC|  |TAMS 0x0000000081d00000| PB 0x0000000081c00000| Complete 
|  29|0x0000000081d00000, 0x0000000081e00000, 0x0000000081e00000|100%|HS|  |TAMS 0x0000000081e00000| PB 0x0000000081d00000| Complete 
|  30|0x0000000081e00000, 0x0000000081f00000, 0x0000000081f00000|100%|HC|  |TAMS 0x0000000081f00000| PB 0x0000000081e00000| Complete 
|  31|0x0000000081f00000, 0x0000000082000000, 0x0000000082000000|100%|HS|  |TAMS 0x0000000082000000| PB 0x0000000081f00000| Complete 
|  32|0x0000000082000000, 0x0000000082100000, 0x0000000082100000|100%|HC|  |TAMS 0x0000000082100000| PB 0x0000000082000000| Complete 
|  33|0x0000000082100000, 0x0000000082200000, 0x0000000082200000|100%|HC|  |TAMS 0x0000000082200000| PB 0x0000000082100000| Complete 
|  34|0x0000000082200000, 0x0000000082300000, 0x0000000082300000|100%|HC|  |TAMS 0x0000000082300000| PB 0x0000000082200000| Complete 
|  35|0x0000000082300000, 0x0000000082400000, 0x0000000082400000|100%|HC|  |TAMS 0x0000000082400000| PB 0x0000000082300000| Complete 
|  36|0x0000000082400000, 0x0000000082500000, 0x0000000082500000|100%|HC|  |TAMS 0x0000000082500000| PB 0x0000000082400000| Complete 
|  37|0x0000000082500000, 0x0000000082600000, 0x0000000082600000|100%|HS|  |TAMS 0x0000000082600000| PB 0x0000000082500000| Complete 
|  38|0x0000000082600000, 0x0000000082700000, 0x0000000082700000|100%|HS|  |TAMS 0x0000000082700000| PB 0x0000000082600000| Complete 
|  39|0x0000000082700000, 0x0000000082800000, 0x0000000082800000|100%|HC|  |TAMS 0x0000000082800000| PB 0x0000000082700000| Complete 
|  40|0x0000000082800000, 0x0000000082900000, 0x0000000082900000|100%|HC|  |TAMS 0x0000000082900000| PB 0x0000000082800000| Complete 
|  41|0x0000000082900000, 0x0000000082a00000, 0x0000000082a00000|100%|HC|  |TAMS 0x0000000082a00000| PB 0x0000000082900000| Complete 
|  42|0x0000000082a00000, 0x0000000082b00000, 0x0000000082b00000|100%|HC|  |TAMS 0x0000000082b00000| PB 0x0000000082a00000| Complete 
|  43|0x0000000082b00000, 0x0000000082c00000, 0x0000000082c00000|100%|HC|  |TAMS 0x0000000082c00000| PB 0x0000000082b00000| Complete 
|  44|0x0000000082c00000, 0x0000000082d00000, 0x0000000082d00000|100%|HC|  |TAMS 0x0000000082d00000| PB 0x0000000082c00000| Complete 
|  45|0x0000000082d00000, 0x0000000082e00000, 0x0000000082e00000|100%|HC|  |TAMS 0x0000000082e00000| PB 0x0000000082d00000| Complete 
|  46|0x0000000082e00000, 0x0000000082f00000, 0x0000000082f00000|100%|HC|  |TAMS 0x0000000082f00000| PB 0x0000000082e00000| Complete 
|  47|0x0000000082f00000, 0x0000000083000000, 0x0000000083000000|100%|HC|  |TAMS 0x0000000083000000| PB 0x0000000082f00000| Complete 
|  48|0x0000000083000000, 0x0000000083100000, 0x0000000083100000|100%|HS|  |TAMS 0x0000000083100000| PB 0x0000000083000000| Complete 
|  49|0x0000000083100000, 0x0000000083200000, 0x0000000083200000|100%|HC|  |TAMS 0x0000000083200000| PB 0x0000000083100000| Complete 
|  50|0x0000000083200000, 0x0000000083300000, 0x0000000083300000|100%| O|  |TAMS 0x0000000083300000| PB 0x0000000083300000| Untracked 
|  51|0x0000000083300000, 0x0000000083400000, 0x0000000083400000|100%| O|  |TAMS 0x0000000083400000| PB 0x0000000083400000| Untracked 
|  52|0x0000000083400000, 0x0000000083500000, 0x0000000083500000|100%| O|  |TAMS 0x0000000083500000| PB 0x0000000083500000| Updating 
|  53|0x0000000083500000, 0x0000000083600000, 0x0000000083600000|100%| O|  |TAMS 0x0000000083600000| PB 0x0000000083600000| Untracked 
|  54|0x0000000083600000, 0x0000000083700000, 0x0000000083700000|100%| O|  |TAMS 0x0000000083700000| PB 0x0000000083700000| Untracked 
|  55|0x0000000083700000, 0x0000000083800000, 0x0000000083800000|100%| O|  |TAMS 0x0000000083800000| PB 0x0000000083800000| Untracked 
|  56|0x0000000083800000, 0x0000000083900000, 0x0000000083900000|100%| O|  |TAMS 0x0000000083900000| PB 0x0000000083900000| Updating 
|  57|0x0000000083900000, 0x0000000083a00000, 0x0000000083a00000|100%| O|  |TAMS 0x0000000083a00000| PB 0x0000000083a00000| Updating 
|  58|0x0000000083a00000, 0x0000000083b00000, 0x0000000083b00000|100%| O|  |TAMS 0x0000000083b00000| PB 0x0000000083b00000| Updating 
|  59|0x0000000083b00000, 0x0000000083c00000, 0x0000000083c00000|100%| O|  |TAMS 0x0000000083c00000| PB 0x0000000083c00000| Untracked 
|  60|0x0000000083c00000, 0x0000000083d00000, 0x0000000083d00000|100%| O|  |TAMS 0x0000000083d00000| PB 0x0000000083d00000| Untracked 
|  61|0x0000000083d00000, 0x0000000083e00000, 0x0000000083e00000|100%| O|  |TAMS 0x0000000083e00000| PB 0x0000000083e00000| Untracked 
|  62|0x0000000083e00000, 0x0000000083f00000, 0x0000000083f00000|100%| O|  |TAMS 0x0000000083f00000| PB 0x0000000083f00000| Untracked 
|  63|0x0000000083f00000, 0x0000000084000000, 0x0000000084000000|100%| O|  |TAMS 0x0000000084000000| PB 0x0000000084000000| Untracked 
|  64|0x0000000084000000, 0x0000000084100000, 0x0000000084100000|100%| O|  |TAMS 0x0000000084100000| PB 0x0000000084100000| Untracked 
|  65|0x0000000084100000, 0x0000000084200000, 0x0000000084200000|100%| O|  |TAMS 0x0000000084200000| PB 0x0000000084200000| Untracked 
|  66|0x0000000084200000, 0x0000000084300000, 0x0000000084300000|100%|HS|  |TAMS 0x0000000084300000| PB 0x0000000084200000| Complete 
|  67|0x0000000084300000, 0x0000000084400000, 0x0000000084400000|100%|HC|  |TAMS 0x0000000084400000| PB 0x0000000084300000| Complete 
|  68|0x0000000084400000, 0x0000000084500000, 0x0000000084500000|100%|HC|  |TAMS 0x0000000084500000| PB 0x0000000084400000| Complete 
|  69|0x0000000084500000, 0x0000000084600000, 0x0000000084600000|100%|HS|  |TAMS 0x0000000084600000| PB 0x0000000084500000| Complete 
|  70|0x0000000084600000, 0x0000000084700000, 0x0000000084700000|100%|HC|  |TAMS 0x0000000084700000| PB 0x0000000084600000| Complete 
|  71|0x0000000084700000, 0x0000000084800000, 0x0000000084800000|100%|HC|  |TAMS 0x0000000084800000| PB 0x0000000084700000| Complete 
|  72|0x0000000084800000, 0x0000000084900000, 0x0000000084900000|100%| O|  |TAMS 0x0000000084900000| PB 0x0000000084900000| Untracked 
|  73|0x0000000084900000, 0x0000000084a00000, 0x0000000084a00000|100%| O|  |TAMS 0x0000000084a00000| PB 0x0000000084a00000| Untracked 
|  74|0x0000000084a00000, 0x0000000084b00000, 0x0000000084b00000|100%| O|  |TAMS 0x0000000084b00000| PB 0x0000000084b00000| Updating 
|  75|0x0000000084b00000, 0x0000000084c00000, 0x0000000084c00000|100%|HS|  |TAMS 0x0000000084c00000| PB 0x0000000084b00000| Complete 
|  76|0x0000000084c00000, 0x0000000084d00000, 0x0000000084d00000|100%|HC|  |TAMS 0x0000000084d00000| PB 0x0000000084c00000| Complete 
|  77|0x0000000084d00000, 0x0000000084e00000, 0x0000000084e00000|100%|HC|  |TAMS 0x0000000084e00000| PB 0x0000000084d00000| Complete 
|  78|0x0000000084e00000, 0x0000000084f00000, 0x0000000084f00000|100%| O|  |TAMS 0x0000000084f00000| PB 0x0000000084f00000| Updating 
|  79|0x0000000084f00000, 0x0000000085000000, 0x0000000085000000|100%|HS|  |TAMS 0x0000000084f00000| PB 0x0000000084f00000| Complete 
|  80|0x0000000085000000, 0x0000000085100000, 0x0000000085100000|100%| O|  |TAMS 0x0000000085100000| PB 0x0000000085100000| Untracked 
|  81|0x0000000085100000, 0x0000000085200000, 0x0000000085200000|100%| O|  |TAMS 0x0000000085200000| PB 0x0000000085200000| Untracked 
|  82|0x0000000085200000, 0x0000000085300000, 0x0000000085300000|100%| O|  |TAMS 0x0000000085300000| PB 0x0000000085300000| Untracked 
|  83|0x0000000085300000, 0x0000000085400000, 0x0000000085400000|100%| O|  |TAMS 0x0000000085400000| PB 0x0000000085400000| Untracked 
|  84|0x0000000085400000, 0x0000000085500000, 0x0000000085500000|100%|HS|  |TAMS 0x0000000085500000| PB 0x0000000085400000| Complete 
|  85|0x0000000085500000, 0x0000000085600000, 0x0000000085600000|100%|HS|  |TAMS 0x0000000085600000| PB 0x0000000085500000| Complete 
|  86|0x0000000085600000, 0x0000000085700000, 0x0000000085700000|100%|HS|  |TAMS 0x0000000085700000| PB 0x0000000085600000| Complete 
|  87|0x0000000085700000, 0x0000000085800000, 0x0000000085800000|100%|HS|  |TAMS 0x0000000085800000| PB 0x0000000085700000| Complete 
|  88|0x0000000085800000, 0x0000000085900000, 0x0000000085900000|100%|HS|  |TAMS 0x0000000085900000| PB 0x0000000085800000| Complete 
|  89|0x0000000085900000, 0x0000000085a00000, 0x0000000085a00000|100%|HS|  |TAMS 0x0000000085a00000| PB 0x0000000085900000| Complete 
|  90|0x0000000085a00000, 0x0000000085b00000, 0x0000000085b00000|100%|HC|  |TAMS 0x0000000085b00000| PB 0x0000000085a00000| Complete 
|  91|0x0000000085b00000, 0x0000000085c00000, 0x0000000085c00000|100%|HC|  |TAMS 0x0000000085c00000| PB 0x0000000085b00000| Complete 
|  92|0x0000000085c00000, 0x0000000085d00000, 0x0000000085d00000|100%| O|  |TAMS 0x0000000085d00000| PB 0x0000000085d00000| Untracked 
|  93|0x0000000085d00000, 0x0000000085e00000, 0x0000000085e00000|100%| O|  |TAMS 0x0000000085e00000| PB 0x0000000085e00000| Untracked 
|  94|0x0000000085e00000, 0x0000000085f00000, 0x0000000085f00000|100%| O|  |TAMS 0x0000000085f00000| PB 0x0000000085f00000| Untracked 
|  95|0x0000000085f00000, 0x0000000086000000, 0x0000000086000000|100%| O|  |TAMS 0x0000000086000000| PB 0x0000000086000000| Untracked 
|  96|0x0000000086000000, 0x0000000086100000, 0x0000000086100000|100%| O|  |TAMS 0x0000000086100000| PB 0x0000000086100000| Untracked 
|  97|0x0000000086100000, 0x0000000086200000, 0x0000000086200000|100%| O|  |TAMS 0x0000000086200000| PB 0x0000000086200000| Untracked 
|  98|0x0000000086200000, 0x0000000086300000, 0x0000000086300000|100%| O|  |TAMS 0x0000000086300000| PB 0x0000000086300000| Updating 
|  99|0x0000000086300000, 0x0000000086400000, 0x0000000086400000|100%| O|  |TAMS 0x0000000086400000| PB 0x0000000086400000| Updating 
| 100|0x0000000086400000, 0x0000000086500000, 0x0000000086500000|100%| O|  |TAMS 0x0000000086500000| PB 0x0000000086500000| Untracked 
| 101|0x0000000086500000, 0x0000000086600000, 0x0000000086600000|100%| O|  |TAMS 0x0000000086600000| PB 0x0000000086600000| Untracked 
| 102|0x0000000086600000, 0x0000000086700000, 0x0000000086700000|100%| O|  |TAMS 0x0000000086700000| PB 0x0000000086700000| Untracked 
| 103|0x0000000086700000, 0x0000000086800000, 0x0000000086800000|100%| O|  |TAMS 0x0000000086800000| PB 0x0000000086800000| Untracked 
| 104|0x0000000086800000, 0x0000000086900000, 0x0000000086900000|100%| O|  |TAMS 0x0000000086900000| PB 0x0000000086900000| Untracked 
| 105|0x0000000086900000, 0x0000000086a00000, 0x0000000086a00000|100%| O|  |TAMS 0x0000000086a00000| PB 0x0000000086a00000| Untracked 
| 106|0x0000000086a00000, 0x0000000086b00000, 0x0000000086b00000|100%| O|  |TAMS 0x0000000086b00000| PB 0x0000000086b00000| Untracked 
| 107|0x0000000086b00000, 0x0000000086b00000, 0x0000000086c00000|  0%| F|  |TAMS 0x0000000086b00000| PB 0x0000000086b00000| Untracked 
| 108|0x0000000086c00000, 0x0000000086d00000, 0x0000000086d00000|100%|HS|  |TAMS 0x0000000086d00000| PB 0x0000000086c00000| Complete 
| 109|0x0000000086d00000, 0x0000000086e00000, 0x0000000086e00000|100%|HC|  |TAMS 0x0000000086e00000| PB 0x0000000086d00000| Complete 
| 110|0x0000000086e00000, 0x0000000086f00000, 0x0000000086f00000|100%|HC|  |TAMS 0x0000000086f00000| PB 0x0000000086e00000| Complete 
| 111|0x0000000086f00000, 0x0000000087000000, 0x0000000087000000|100%| O|  |TAMS 0x0000000087000000| PB 0x0000000087000000| Untracked 
| 112|0x0000000087000000, 0x0000000087100000, 0x0000000087100000|100%| O|  |TAMS 0x0000000087100000| PB 0x0000000087100000| Untracked 
| 113|0x0000000087100000, 0x0000000087200000, 0x0000000087200000|100%| O|  |TAMS 0x0000000087200000| PB 0x0000000087200000| Untracked 
| 114|0x0000000087200000, 0x0000000087300000, 0x0000000087300000|100%| O|  |TAMS 0x0000000087300000| PB 0x0000000087300000| Untracked 
| 115|0x0000000087300000, 0x0000000087400000, 0x0000000087400000|100%| O|  |TAMS 0x0000000087400000| PB 0x0000000087400000| Updating 
| 116|0x0000000087400000, 0x0000000087500000, 0x0000000087500000|100%|HS|  |TAMS 0x0000000087400000| PB 0x0000000087400000| Complete 
| 117|0x0000000087500000, 0x0000000087600000, 0x0000000087600000|100%|HC|  |TAMS 0x0000000087500000| PB 0x0000000087500000| Complete 
| 118|0x0000000087600000, 0x0000000087700000, 0x0000000087700000|100%|HS|  |TAMS 0x0000000087600000| PB 0x0000000087600000| Complete 
| 119|0x0000000087700000, 0x0000000087800000, 0x0000000087800000|100%|HC|  |TAMS 0x0000000087700000| PB 0x0000000087700000| Complete 
| 120|0x0000000087800000, 0x0000000087900000, 0x0000000087900000|100%|HC|  |TAMS 0x0000000087800000| PB 0x0000000087800000| Complete 
| 121|0x0000000087900000, 0x0000000087a00000, 0x0000000087a00000|100%|HS|  |TAMS 0x0000000087900000| PB 0x0000000087900000| Complete 
| 122|0x0000000087a00000, 0x0000000087b00000, 0x0000000087b00000|100%|HC|  |TAMS 0x0000000087a00000| PB 0x0000000087a00000| Complete 
| 123|0x0000000087b00000, 0x0000000087c00000, 0x0000000087c00000|100%|HC|  |TAMS 0x0000000087b00000| PB 0x0000000087b00000| Complete 
| 124|0x0000000087c00000, 0x0000000087d00000, 0x0000000087d00000|100%|HS|  |TAMS 0x0000000087c00000| PB 0x0000000087c00000| Complete 
| 125|0x0000000087d00000, 0x0000000087e00000, 0x0000000087e00000|100%|HC|  |TAMS 0x0000000087d00000| PB 0x0000000087d00000| Complete 
| 126|0x0000000087e00000, 0x0000000087f00000, 0x0000000087f00000|100%|HS|  |TAMS 0x0000000087e00000| PB 0x0000000087e00000| Complete 
| 127|0x0000000087f00000, 0x0000000088000000, 0x0000000088000000|100%|HC|  |TAMS 0x0000000087f00000| PB 0x0000000087f00000| Complete 
| 128|0x0000000088000000, 0x0000000088100000, 0x0000000088100000|100%|HC|  |TAMS 0x0000000088000000| PB 0x0000000088000000| Complete 
| 129|0x0000000088100000, 0x0000000088200000, 0x0000000088200000|100%|HC|  |TAMS 0x0000000088100000| PB 0x0000000088100000| Complete 
| 130|0x0000000088200000, 0x0000000088300000, 0x0000000088300000|100%|HC|  |TAMS 0x0000000088200000| PB 0x0000000088200000| Complete 
| 131|0x0000000088300000, 0x0000000088400000, 0x0000000088400000|100%|HC|  |TAMS 0x0000000088300000| PB 0x0000000088300000| Complete 
| 132|0x0000000088400000, 0x0000000088500000, 0x0000000088500000|100%|HS|  |TAMS 0x0000000088400000| PB 0x0000000088400000| Complete 
| 133|0x0000000088500000, 0x0000000088600000, 0x0000000088600000|100%|HC|  |TAMS 0x0000000088500000| PB 0x0000000088500000| Complete 
| 134|0x0000000088600000, 0x0000000088700000, 0x0000000088700000|100%|HC|  |TAMS 0x0000000088600000| PB 0x0000000088600000| Complete 
| 135|0x0000000088700000, 0x0000000088800000, 0x0000000088800000|100%|HC|  |TAMS 0x0000000088700000| PB 0x0000000088700000| Complete 
| 136|0x0000000088800000, 0x0000000088900000, 0x0000000088900000|100%|HC|  |TAMS 0x0000000088800000| PB 0x0000000088800000| Complete 
| 137|0x0000000088900000, 0x0000000088a00000, 0x0000000088a00000|100%|HC|  |TAMS 0x0000000088900000| PB 0x0000000088900000| Complete 
| 138|0x0000000088a00000, 0x0000000088b00000, 0x0000000088b00000|100%|HC|  |TAMS 0x0000000088a00000| PB 0x0000000088a00000| Complete 
| 139|0x0000000088b00000, 0x0000000088c00000, 0x0000000088c00000|100%|HC|  |TAMS 0x0000000088b00000| PB 0x0000000088b00000| Complete 
| 140|0x0000000088c00000, 0x0000000088d00000, 0x0000000088d00000|100%|HC|  |TAMS 0x0000000088c00000| PB 0x0000000088c00000| Complete 
| 141|0x0000000088d00000, 0x0000000088e00000, 0x0000000088e00000|100%|HC|  |TAMS 0x0000000088d00000| PB 0x0000000088d00000| Complete 
| 142|0x0000000088e00000, 0x0000000088ef3090, 0x0000000088f00000| 94%| S|CS|TAMS 0x0000000088e00000| PB 0x0000000088e00000| Complete 
| 143|0x0000000088f00000, 0x0000000089000000, 0x0000000089000000|100%| S|CS|TAMS 0x0000000088f00000| PB 0x0000000088f00000| Complete 
| 144|0x0000000089000000, 0x0000000089100000, 0x0000000089100000|100%| S|CS|TAMS 0x0000000089000000| PB 0x0000000089000000| Complete 
| 145|0x0000000089100000, 0x0000000089200000, 0x0000000089200000|100%| S|CS|TAMS 0x0000000089100000| PB 0x0000000089100000| Complete 
| 146|0x0000000089200000, 0x0000000089300000, 0x0000000089300000|100%| S|CS|TAMS 0x0000000089200000| PB 0x0000000089200000| Complete 
| 147|0x0000000089300000, 0x0000000089400000, 0x0000000089400000|100%| S|CS|TAMS 0x0000000089300000| PB 0x0000000089300000| Complete 
| 148|0x0000000089400000, 0x0000000089500000, 0x0000000089500000|100%|HS|  |TAMS 0x0000000089400000| PB 0x0000000089400000| Complete 
| 149|0x0000000089500000, 0x0000000089600000, 0x0000000089600000|100%|HC|  |TAMS 0x0000000089500000| PB 0x0000000089500000| Complete 
| 150|0x0000000089600000, 0x0000000089600000, 0x0000000089700000|  0%| F|  |TAMS 0x0000000089600000| PB 0x0000000089600000| Untracked 
| 151|0x0000000089700000, 0x0000000089700000, 0x0000000089800000|  0%| F|  |TAMS 0x0000000089700000| PB 0x0000000089700000| Untracked 
| 152|0x0000000089800000, 0x0000000089800000, 0x0000000089900000|  0%| F|  |TAMS 0x0000000089800000| PB 0x0000000089800000| Untracked 
| 153|0x0000000089900000, 0x0000000089900000, 0x0000000089a00000|  0%| F|  |TAMS 0x0000000089900000| PB 0x0000000089900000| Untracked 
| 154|0x0000000089a00000, 0x0000000089a00000, 0x0000000089b00000|  0%| F|  |TAMS 0x0000000089a00000| PB 0x0000000089a00000| Untracked 
| 155|0x0000000089b00000, 0x0000000089b00000, 0x0000000089c00000|  0%| F|  |TAMS 0x0000000089b00000| PB 0x0000000089b00000| Untracked 
| 156|0x0000000089c00000, 0x0000000089c00000, 0x0000000089d00000|  0%| F|  |TAMS 0x0000000089c00000| PB 0x0000000089c00000| Untracked 
| 157|0x0000000089d00000, 0x0000000089d00000, 0x0000000089e00000|  0%| F|  |TAMS 0x0000000089d00000| PB 0x0000000089d00000| Untracked 
| 158|0x0000000089e00000, 0x0000000089e00000, 0x0000000089f00000|  0%| F|  |TAMS 0x0000000089e00000| PB 0x0000000089e00000| Untracked 
| 159|0x0000000089f00000, 0x0000000089f00000, 0x000000008a000000|  0%| F|  |TAMS 0x0000000089f00000| PB 0x0000000089f00000| Untracked 
| 160|0x000000008a000000, 0x000000008a000000, 0x000000008a100000|  0%| F|  |TAMS 0x000000008a000000| PB 0x000000008a000000| Untracked 
| 161|0x000000008a100000, 0x000000008a100000, 0x000000008a200000|  0%| F|  |TAMS 0x000000008a100000| PB 0x000000008a100000| Untracked 
| 162|0x000000008a200000, 0x000000008a200000, 0x000000008a300000|  0%| F|  |TAMS 0x000000008a200000| PB 0x000000008a200000| Untracked 
| 163|0x000000008a300000, 0x000000008a300000, 0x000000008a400000|  0%| F|  |TAMS 0x000000008a300000| PB 0x000000008a300000| Untracked 
| 164|0x000000008a400000, 0x000000008a400000, 0x000000008a500000|  0%| F|  |TAMS 0x000000008a400000| PB 0x000000008a400000| Untracked 
| 165|0x000000008a500000, 0x000000008a500000, 0x000000008a600000|  0%| F|  |TAMS 0x000000008a500000| PB 0x000000008a500000| Untracked 
| 166|0x000000008a600000, 0x000000008a600000, 0x000000008a700000|  0%| F|  |TAMS 0x000000008a600000| PB 0x000000008a600000| Untracked 
| 167|0x000000008a700000, 0x000000008a700000, 0x000000008a800000|  0%| F|  |TAMS 0x000000008a700000| PB 0x000000008a700000| Untracked 
| 168|0x000000008a800000, 0x000000008a800000, 0x000000008a900000|  0%| F|  |TAMS 0x000000008a800000| PB 0x000000008a800000| Untracked 
| 169|0x000000008a900000, 0x000000008a900000, 0x000000008aa00000|  0%| F|  |TAMS 0x000000008a900000| PB 0x000000008a900000| Untracked 
| 170|0x000000008aa00000, 0x000000008aa00000, 0x000000008ab00000|  0%| F|  |TAMS 0x000000008aa00000| PB 0x000000008aa00000| Untracked 
| 171|0x000000008ab00000, 0x000000008ab00000, 0x000000008ac00000|  0%| F|  |TAMS 0x000000008ab00000| PB 0x000000008ab00000| Untracked 
| 172|0x000000008ac00000, 0x000000008ac00000, 0x000000008ad00000|  0%| F|  |TAMS 0x000000008ac00000| PB 0x000000008ac00000| Untracked 
| 173|0x000000008ad00000, 0x000000008ad00000, 0x000000008ae00000|  0%| F|  |TAMS 0x000000008ad00000| PB 0x000000008ad00000| Untracked 
| 174|0x000000008ae00000, 0x000000008ae00000, 0x000000008af00000|  0%| F|  |TAMS 0x000000008ae00000| PB 0x000000008ae00000| Untracked 
| 175|0x000000008af00000, 0x000000008af00000, 0x000000008b000000|  0%| F|  |TAMS 0x000000008af00000| PB 0x000000008af00000| Untracked 
| 176|0x000000008b000000, 0x000000008b000000, 0x000000008b100000|  0%| F|  |TAMS 0x000000008b000000| PB 0x000000008b000000| Untracked 
| 177|0x000000008b100000, 0x000000008b100000, 0x000000008b200000|  0%| F|  |TAMS 0x000000008b100000| PB 0x000000008b100000| Untracked 
| 178|0x000000008b200000, 0x000000008b200000, 0x000000008b300000|  0%| F|  |TAMS 0x000000008b200000| PB 0x000000008b200000| Untracked 
| 179|0x000000008b300000, 0x000000008b300000, 0x000000008b400000|  0%| F|  |TAMS 0x000000008b300000| PB 0x000000008b300000| Untracked 
| 180|0x000000008b400000, 0x000000008b400000, 0x000000008b500000|  0%| F|  |TAMS 0x000000008b400000| PB 0x000000008b400000| Untracked 
| 181|0x000000008b500000, 0x000000008b500000, 0x000000008b600000|  0%| F|  |TAMS 0x000000008b500000| PB 0x000000008b500000| Untracked 
| 182|0x000000008b600000, 0x000000008b600000, 0x000000008b700000|  0%| F|  |TAMS 0x000000008b600000| PB 0x000000008b600000| Untracked 
| 183|0x000000008b700000, 0x000000008b700000, 0x000000008b800000|  0%| F|  |TAMS 0x000000008b700000| PB 0x000000008b700000| Untracked 
| 184|0x000000008b800000, 0x000000008b800000, 0x000000008b900000|  0%| F|  |TAMS 0x000000008b800000| PB 0x000000008b800000| Untracked 
| 185|0x000000008b900000, 0x000000008b900000, 0x000000008ba00000|  0%| F|  |TAMS 0x000000008b900000| PB 0x000000008b900000| Untracked 
| 186|0x000000008ba00000, 0x000000008ba00000, 0x000000008bb00000|  0%| F|  |TAMS 0x000000008ba00000| PB 0x000000008ba00000| Untracked 
| 187|0x000000008bb00000, 0x000000008bb00000, 0x000000008bc00000|  0%| F|  |TAMS 0x000000008bb00000| PB 0x000000008bb00000| Untracked 
| 188|0x000000008bc00000, 0x000000008bc00000, 0x000000008bd00000|  0%| F|  |TAMS 0x000000008bc00000| PB 0x000000008bc00000| Untracked 
| 189|0x000000008bd00000, 0x000000008bd00000, 0x000000008be00000|  0%| F|  |TAMS 0x000000008bd00000| PB 0x000000008bd00000| Untracked 
| 190|0x000000008be00000, 0x000000008befa1a0, 0x000000008bf00000| 97%| E|  |TAMS 0x000000008be00000| PB 0x000000008be00000| Complete 
| 191|0x000000008bf00000, 0x000000008bff2628, 0x000000008c000000| 94%| E|  |TAMS 0x000000008bf00000| PB 0x000000008bf00000| Complete 
| 192|0x000000008c000000, 0x000000008c100000, 0x000000008c100000|100%| E|CS|TAMS 0x000000008c000000| PB 0x000000008c000000| Complete 
|2044|0x00000000ffc00000, 0x00000000ffd00000, 0x00000000ffd00000|100%| O|  |TAMS 0x00000000ffd00000| PB 0x00000000ffd00000| Updating 
|2045|0x00000000ffd00000, 0x00000000ffe00000, 0x00000000ffe00000|100%| O|  |TAMS 0x00000000ffe00000| PB 0x00000000ffe00000| Untracked 
|2046|0x00000000ffe00000, 0x00000000fff00000, 0x00000000fff00000|100%| O|  |TAMS 0x00000000fff00000| PB 0x00000000fff00000| Untracked 
|2047|0x00000000fff00000, 0x0000000100000000, 0x0000000100000000|100%| E|CS|TAMS 0x00000000fff00000| PB 0x00000000fff00000| Complete 

Card table byte_map: [0x000001777d1d0000,0x000001777d5d0000] _byte_map_base: 0x000001777cdd0000

Marking Bits: (CMBitMap*) 0x0000017772f3ff10
 Bits: [0x000001777d9d0000, 0x000001777f9d0000)

Polling page: 0x0000017772fb0000

Metaspace:

Usage:
  Non-class:     62.28 MB used.
      Class:     10.06 MB used.
       Both:     72.34 MB used.

Virtual space:
  Non-class space:      128.00 MB reserved,      63.31 MB ( 49%) committed,  2 nodes.
      Class space:        1.00 GB reserved,      11.00 MB (  1%) committed,  1 nodes.
             Both:        1.12 GB reserved,      74.31 MB (  6%) committed. 

Chunk freelists:
   Non-Class:  3.98 MB
       Class:  848.00 KB
        Both:  4.81 MB

MaxMetaspaceSize: unlimited
CompressedClassSpaceSize: 1.00 GB
Initial GC threshold: 21.00 MB
Current GC threshold: 109.00 MB
CDS: on
MetaspaceReclaimPolicy: balanced
 - commit_granule_bytes: 65536.
 - commit_granule_words: 8192.
 - virtual_space_node_default_size: 8388608.
 - enlarge_chunks_in_place: 1.
 - new_chunks_are_fully_committed: 0.
 - uncommit_free_chunks: 1.
 - use_allocation_guard: 0.


Internal statistics:

num_allocs_failed_limit: 3.
num_arena_births: 3418.
num_arena_deaths: 0.
num_vsnodes_births: 3.
num_vsnodes_deaths: 0.
num_space_committed: 1189.
num_space_uncommitted: 0.
num_chunks_returned_to_freelist: 3.
num_chunks_taken_from_freelist: 6659.
num_chunk_merges: 3.
num_chunk_splits: 4403.
num_chunks_enlarged: 2801.
num_inconsistent_stats: 0.

CodeHeap 'non-profiled nmethods': size=120000Kb used=3963Kb max_used=4089Kb free=116037Kb
 bounds [0x0000017707ad0000, 0x0000017707ed0000, 0x000001770f000000]
CodeHeap 'profiled nmethods': size=120000Kb used=14481Kb max_used=14922Kb free=105518Kb
 bounds [0x0000017700000000, 0x0000017700ea0000, 0x0000017707530000]
CodeHeap 'non-nmethods': size=5760Kb used=2854Kb max_used=2927Kb free=2905Kb
 bounds [0x0000017707530000, 0x0000017707820000, 0x0000017707ad0000]
 total_blobs=8632 nmethods=7719 adapters=822
 compilation: enabled
              stopped_count=0, restarted_count=0
 full_count=0

Compilation events (20 events):
Event: 45.499 Thread 0x000001771119fc30 8943       3       java.nio.file.attribute.FileTime::equals (28 bytes)
Event: 45.499 Thread 0x000001771119fc30 nmethod 8943 0x0000017700e85910 code [0x0000017700e85ac0, 0x0000017700e85e90]
Event: 45.499 Thread 0x000001771119fc30 8944       3       java.nio.file.attribute.FileTime::compareTo (154 bytes)
Event: 45.501 Thread 0x000001771119fc30 nmethod 8944 0x0000017700e85f90 code [0x0000017700e86260, 0x0000017700e870a8]
Event: 45.536 Thread 0x000001771119fc30 8945       3       java.security.Permission::<init> (10 bytes)
Event: 45.536 Thread 0x000001771119fc30 nmethod 8945 0x0000017700e87590 code [0x0000017700e87720, 0x0000017700e878d8]
Event: 45.546 Thread 0x000001771118a360 8946   !   4       java.util.zip.ZipFile$Source::readFullyAt (74 bytes)
Event: 45.557 Thread 0x000001771118a360 nmethod 8946 0x0000017707ecd990 code [0x0000017707ecdb40, 0x0000017707ece170]
Event: 45.568 Thread 0x000001771119fc30 8947       3       java.util.zip.ZipFile$Source$Key::equals (93 bytes)
Event: 45.570 Thread 0x000001771119fc30 nmethod 8947 0x0000017700e87990 code [0x0000017700e87c20, 0x0000017700e88b38]
Event: 45.669 Thread 0x000001771119fc30 8948       3       sun.nio.cs.UTF_8$Decoder::decodeArrayLoop (688 bytes)
Event: 45.675 Thread 0x000001771119fc30 nmethod 8948 0x0000017700e88f10 code [0x0000017700e89720, 0x0000017700e8e6f0]
Event: 45.675 Thread 0x000001771119fc30 8949       3       java.lang.String::decodeASCII (46 bytes)
Event: 45.676 Thread 0x000001771119fc30 nmethod 8949 0x0000017700e8fe90 code [0x0000017700e90040, 0x0000017700e902f0]
Event: 45.677 Thread 0x000001771119fc30 8950       3       sun.net.www.MessageHeader::grow (92 bytes)
Event: 45.677 Thread 0x000001771119fc30 nmethod 8950 0x0000017700e90490 code [0x0000017700e90660, 0x0000017700e90bf8]
Event: 45.697 Thread 0x000001771119fc30 8951   !   3       java.nio.charset.CharsetDecoder::decode (275 bytes)
Event: 45.700 Thread 0x000001771119fc30 nmethod 8951 0x0000017700e90d10 code [0x0000017700e91020, 0x0000017700e92520]
Event: 45.704 Thread 0x000001771119fc30 8952       3       java.io.WinNTFileSystem::isSlash (18 bytes)
Event: 45.704 Thread 0x000001771119fc30 nmethod 8952 0x0000017700e92b90 code [0x0000017700e92d20, 0x0000017700e92ec8]

GC Heap History (20 events):
Event: 31.436 GC heap before
{Heap before GC invocations=16 (full 0):
 garbage-first heap   total 152576K, used 103796K [0x0000000080000000, 0x0000000100000000)
  region size 1024K, 26 young (26624K), 7 survivors (7168K)
 Metaspace       used 47488K, committed 49152K, reserved 1114112K
  class space    used 6641K, committed 7488K, reserved 1048576K
}
Event: 31.448 GC heap after
{Heap after GC invocations=17 (full 0):
 garbage-first heap   total 152576K, used 88325K [0x0000000080000000, 0x0000000100000000)
  region size 1024K, 3 young (3072K), 3 survivors (3072K)
 Metaspace       used 47488K, committed 49152K, reserved 1114112K
  class space    used 6641K, committed 7488K, reserved 1048576K
}
Event: 33.368 GC heap before
{Heap before GC invocations=18 (full 0):
 garbage-first heap   total 153600K, used 144645K [0x0000000080000000, 0x0000000100000000)
  region size 1024K, 50 young (51200K), 3 survivors (3072K)
 Metaspace       used 50878K, committed 52608K, reserved 1114112K
  class space    used 7095K, committed 7936K, reserved 1048576K
}
Event: 33.378 GC heap after
{Heap after GC invocations=19 (full 0):
 garbage-first heap   total 156672K, used 104186K [0x0000000080000000, 0x0000000100000000)
  region size 1024K, 7 young (7168K), 7 survivors (7168K)
 Metaspace       used 50878K, committed 52608K, reserved 1114112K
  class space    used 7095K, committed 7936K, reserved 1048576K
}
Event: 34.811 GC heap before
{Heap before GC invocations=19 (full 0):
 garbage-first heap   total 156672K, used 140026K [0x0000000080000000, 0x0000000100000000)
  region size 1024K, 42 young (43008K), 7 survivors (7168K)
 Metaspace       used 55462K, committed 57216K, reserved 1114112K
  class space    used 7701K, committed 8576K, reserved 1048576K
}
Event: 34.819 GC heap after
{Heap after GC invocations=20 (full 0):
 garbage-first heap   total 156672K, used 105768K [0x0000000080000000, 0x0000000100000000)
  region size 1024K, 2 young (2048K), 2 survivors (2048K)
 Metaspace       used 55462K, committed 57216K, reserved 1114112K
  class space    used 7701K, committed 8576K, reserved 1048576K
}
Event: 35.631 GC heap before
{Heap before GC invocations=20 (full 0):
 garbage-first heap   total 156672K, used 124200K [0x0000000080000000, 0x0000000100000000)
  region size 1024K, 21 young (21504K), 2 survivors (2048K)
 Metaspace       used 58159K, committed 60032K, reserved 1114112K
  class space    used 8043K, committed 8960K, reserved 1048576K
}
Event: 35.636 GC heap after
{Heap after GC invocations=21 (full 0):
 garbage-first heap   total 156672K, used 107717K [0x0000000080000000, 0x0000000100000000)
  region size 1024K, 4 young (4096K), 4 survivors (4096K)
 Metaspace       used 58159K, committed 60032K, reserved 1114112K
  class space    used 8043K, committed 8960K, reserved 1048576K
}
Event: 37.149 GC heap before
{Heap before GC invocations=22 (full 0):
 garbage-first heap   total 181248K, used 146629K [0x0000000080000000, 0x0000000100000000)
  region size 1024K, 37 young (37888K), 4 survivors (4096K)
 Metaspace       used 59973K, committed 61824K, reserved 1114112K
  class space    used 8275K, committed 9216K, reserved 1048576K
}
Event: 37.158 GC heap after
{Heap after GC invocations=23 (full 0):
 garbage-first heap   total 181248K, used 110592K [0x0000000080000000, 0x0000000100000000)
  region size 1024K, 5 young (5120K), 5 survivors (5120K)
 Metaspace       used 59973K, committed 61824K, reserved 1114112K
  class space    used 8275K, committed 9216K, reserved 1048576K
}
Event: 39.129 GC heap before
{Heap before GC invocations=23 (full 0):
 garbage-first heap   total 181248K, used 158720K [0x0000000080000000, 0x0000000100000000)
  region size 1024K, 51 young (52224K), 5 survivors (5120K)
 Metaspace       used 63538K, committed 65408K, reserved 1114112K
  class space    used 8720K, committed 9664K, reserved 1048576K
}
Event: 39.140 GC heap after
{Heap after GC invocations=24 (full 0):
 garbage-first heap   total 181248K, used 112421K [0x0000000080000000, 0x0000000100000000)
  region size 1024K, 3 young (3072K), 3 survivors (3072K)
 Metaspace       used 63538K, committed 65408K, reserved 1114112K
  class space    used 8720K, committed 9664K, reserved 1048576K
}
Event: 39.713 GC heap before
{Heap before GC invocations=24 (full 0):
 garbage-first heap   total 181248K, used 126757K [0x0000000080000000, 0x0000000100000000)
  region size 1024K, 18 young (18432K), 3 survivors (3072K)
 Metaspace       used 64793K, committed 66688K, reserved 1114112K
  class space    used 8882K, committed 9856K, reserved 1048576K
}
Event: 39.719 GC heap after
{Heap after GC invocations=25 (full 0):
 garbage-first heap   total 181248K, used 112863K [0x0000000080000000, 0x0000000100000000)
  region size 1024K, 3 young (3072K), 3 survivors (3072K)
 Metaspace       used 64793K, committed 66688K, reserved 1114112K
  class space    used 8882K, committed 9856K, reserved 1048576K
}
Event: 40.882 GC heap before
{Heap before GC invocations=26 (full 0):
 garbage-first heap   total 201728K, used 165087K [0x0000000080000000, 0x0000000100000000)
  region size 1024K, 51 young (52224K), 3 survivors (3072K)
 Metaspace       used 65919K, committed 67840K, reserved 1114112K
  class space    used 9016K, committed 9984K, reserved 1048576K
}
Event: 40.898 GC heap after
{Heap after GC invocations=27 (full 0):
 garbage-first heap   total 201728K, used 120236K [0x0000000080000000, 0x0000000100000000)
  region size 1024K, 7 young (7168K), 7 survivors (7168K)
 Metaspace       used 65919K, committed 67840K, reserved 1114112K
  class space    used 9016K, committed 9984K, reserved 1048576K
}
Event: 43.464 GC heap before
{Heap before GC invocations=27 (full 0):
 garbage-first heap   total 201728K, used 176556K [0x0000000080000000, 0x0000000100000000)
  region size 1024K, 62 young (63488K), 7 survivors (7168K)
 Metaspace       used 70219K, committed 72128K, reserved 1114112K
  class space    used 9787K, committed 10752K, reserved 1048576K
}
Event: 43.486 GC heap after
{Heap after GC invocations=28 (full 0):
 garbage-first heap   total 201728K, used 122880K [0x0000000080000000, 0x0000000100000000)
  region size 1024K, 3 young (3072K), 3 survivors (3072K)
 Metaspace       used 70219K, committed 72128K, reserved 1114112K
  class space    used 9787K, committed 10752K, reserved 1048576K
}
Event: 45.612 GC heap before
{Heap before GC invocations=28 (full 0):
 garbage-first heap   total 201728K, used 168960K [0x0000000080000000, 0x0000000100000000)
  region size 1024K, 49 young (50176K), 3 survivors (3072K)
 Metaspace       used 74070K, committed 76096K, reserved 1179648K
  class space    used 10297K, committed 11264K, reserved 1048576K
}
Event: 45.631 GC heap after
{Heap after GC invocations=29 (full 0):
 garbage-first heap   total 201728K, used 125900K [0x0000000080000000, 0x0000000100000000)
  region size 1024K, 6 young (6144K), 6 survivors (6144K)
 Metaspace       used 74070K, committed 76096K, reserved 1179648K
  class space    used 10297K, committed 11264K, reserved 1048576K
}

Dll operation events (15 events):
Event: 0.025 Loaded shared library C:\Users\leomorales\.jdks\openjdk-20\bin\java.dll
Event: 0.117 Loaded shared library C:\Users\leomorales\.jdks\openjdk-20\bin\jsvml.dll
Event: 0.340 Loaded shared library C:\Users\leomorales\.jdks\openjdk-20\bin\zip.dll
Event: 0.347 Loaded shared library C:\Users\leomorales\.jdks\openjdk-20\bin\instrument.dll
Event: 0.362 Loaded shared library C:\Users\leomorales\.jdks\openjdk-20\bin\net.dll
Event: 0.365 Loaded shared library C:\Users\leomorales\.jdks\openjdk-20\bin\nio.dll
Event: 0.376 Loaded shared library C:\Users\leomorales\.jdks\openjdk-20\bin\zip.dll
Event: 2.640 Loaded shared library C:\Users\leomorales\.jdks\openjdk-20\bin\jimage.dll
Event: 2.900 Loaded shared library C:\Users\leomorales\.jdks\openjdk-20\bin\verify.dll
Event: 7.952 Loaded shared library C:\Users\leomorales\.gradle\native\68d5fa5c4cc2d200863cafc0d521ce42e7d3e7ee720ec0a83991735586a16f82\windows-amd64\native-platform.dll
Event: 7.987 Loaded shared library C:\Users\leomorales\.gradle\native\e376f236ea51e6404a007f0833ffe2c6e607c4080706a723a18a27aeea778392\windows-amd64\native-platform-file-events.dll
Event: 14.201 Loaded shared library C:\Users\leomorales\.jdks\openjdk-20\bin\management.dll
Event: 14.210 Loaded shared library C:\Users\leomorales\.jdks\openjdk-20\bin\management_ext.dll
Event: 16.188 Loaded shared library C:\Users\leomorales\.jdks\openjdk-20\bin\extnet.dll
Event: 16.787 Loaded shared library C:\Users\leomorales\.jdks\openjdk-20\bin\sunmscapi.dll

Deoptimization events (20 events):
Event: 45.480 Thread 0x000001771615b930 Uncommon trap: trap_request=0xffffff45 fr.pc=0x0000017707bfddac relative=0x000000000000030c
Event: 45.480 Thread 0x000001771615b930 Uncommon trap: reason=unstable_if action=reinterpret pc=0x0000017707bfddac method=java.lang.Integer.getChars(II[B)I @ 4 c2
Event: 45.480 Thread 0x000001771615b930 DEOPT PACKING pc=0x0000017707bfddac sp=0x0000002b652fc490
Event: 45.480 Thread 0x000001771615b930 DEOPT UNPACKING pc=0x0000017707599d22 sp=0x0000002b652fc420 mode 2
Event: 45.484 Thread 0x000001771615b930 Uncommon trap: trap_request=0xffffff45 fr.pc=0x0000017707bfd848 relative=0x00000000000000c8
Event: 45.484 Thread 0x000001771615b930 Uncommon trap: reason=unstable_if action=reinterpret pc=0x0000017707bfd848 method=java.lang.Integer.stringSize(I)I @ 3 c2
Event: 45.484 Thread 0x000001771615b930 DEOPT PACKING pc=0x0000017707bfd848 sp=0x0000002b652fc430
Event: 45.484 Thread 0x000001771615b930 DEOPT UNPACKING pc=0x0000017707599d22 sp=0x0000002b652fc3b8 mode 2
Event: 45.495 Thread 0x000001771615b930 Uncommon trap: trap_request=0xffffff45 fr.pc=0x0000017707c80abc relative=0x0000000000000b9c
Event: 45.495 Thread 0x000001771615b930 Uncommon trap: reason=unstable_if action=reinterpret pc=0x0000017707c80abc method=jdk.internal.org.objectweb.asm.Frame.getAbstractTypeFromDescriptor(Ljdk/internal/org/objectweb/asm/SymbolTable;Ljava/lang/String;I)I @ 189 c2
Event: 45.496 Thread 0x000001771615b930 DEOPT PACKING pc=0x0000017707c80abc sp=0x0000002b652fbc70
Event: 45.496 Thread 0x000001771615b930 DEOPT UNPACKING pc=0x0000017707599d22 sp=0x0000002b652fbc30 mode 2
Event: 45.496 Thread 0x000001771615b930 Uncommon trap: trap_request=0xffffff45 fr.pc=0x0000017707c20fe8 relative=0x0000000000000da8
Event: 45.496 Thread 0x000001771615b930 Uncommon trap: reason=unstable_if action=reinterpret pc=0x0000017707c20fe8 method=jdk.internal.org.objectweb.asm.Type.getArgumentTypes(Ljava/lang/String;)[Ljdk/internal/org/objectweb/asm/Type; @ 21 c2
Event: 45.496 Thread 0x000001771615b930 DEOPT PACKING pc=0x0000017707c20fe8 sp=0x0000002b652fbcb0
Event: 45.496 Thread 0x000001771615b930 DEOPT UNPACKING pc=0x0000017707599d22 sp=0x0000002b652fbc60 mode 2
Event: 45.496 Thread 0x000001771615b930 Uncommon trap: trap_request=0xffffff45 fr.pc=0x0000017707c7502c relative=0x000000000000020c
Event: 45.496 Thread 0x000001771615b930 Uncommon trap: reason=unstable_if action=reinterpret pc=0x0000017707c7502c method=jdk.internal.org.objectweb.asm.Type.getTypeInternal(Ljava/lang/String;II)Ljdk/internal/org/objectweb/asm/Type; @ 5 c2
Event: 45.496 Thread 0x000001771615b930 DEOPT PACKING pc=0x0000017707c7502c sp=0x0000002b652fbc30
Event: 45.496 Thread 0x000001771615b930 DEOPT UNPACKING pc=0x0000017707599d22 sp=0x0000002b652fbbe0 mode 2

Classes loaded (20 events):
Event: 39.240 Loading class jdk/internal/reflect/DirectMethodHandleAccessor$NativeAccessor
Event: 39.240 Loading class jdk/internal/reflect/DirectMethodHandleAccessor$NativeAccessor done
Event: 39.290 Loading class java/time/format/DateTimeFormatterBuilder$WeekBasedFieldPrinterParser
Event: 39.291 Loading class java/time/format/DateTimeFormatterBuilder$WeekBasedFieldPrinterParser done
Event: 40.577 Loading class java/beans/IntrospectionException
Event: 40.578 Loading class java/beans/IntrospectionException done
Event: 41.058 Loading class java/util/AbstractSetBeanInfo
Event: 41.058 Loading class java/util/AbstractSetBeanInfo done
Event: 41.058 Loading class java/util/AbstractSetBeanInfo
Event: 41.058 Loading class java/util/AbstractSetBeanInfo done
Event: 41.058 Loading class java/util/AbstractSetCustomizer
Event: 41.058 Loading class java/util/AbstractSetCustomizer done
Event: 41.059 Loading class java/util/AbstractSetCustomizer
Event: 41.059 Loading class java/util/AbstractSetCustomizer done
Event: 45.113 Loading class sun/nio/ch/ChannelOutputStream
Event: 45.113 Loading class sun/nio/ch/ChannelOutputStream done
Event: 45.333 Loading class java/util/AbstractList$ListItr
Event: 45.333 Loading class java/util/AbstractList$ListItr done
Event: 45.491 Loading class java/io/NotSerializableException
Event: 45.491 Loading class java/io/NotSerializableException done

Classes unloaded (0 events):
No events

Classes redefined (0 events):
No events

Internal exceptions (20 events):
Event: 40.988 Thread 0x000001771615b930 Exception <a 'java/lang/ClassNotFoundException'{0x00000000fffea038}: com/android/build/gradle/internal/dsl/ResourcesPackagingImpl$AgpDecoratedBeanInfo> (0x00000000fffea038) 
thrown [s\open\src\hotspot\share\classfile\systemDictionary.cpp, line 305]
Event: 40.993 Thread 0x000001771615b930 Exception <a 'java/lang/ClassNotFoundException'{0x00000000ffff6ee0}: com/android/build/gradle/internal/dsl/ResourcesPackagingImplBeanInfo> (0x00000000ffff6ee0) 
thrown [s\open\src\hotspot\share\classfile\systemDictionary.cpp, line 305]
Event: 40.994 Thread 0x000001771615b930 Exception <a 'java/lang/ClassNotFoundException'{0x000000008c0042d0}: com/android/build/gradle/internal/dsl/ResourcesPackagingImplCustomizer> (0x000000008c0042d0) 
thrown [s\open\src\hotspot\share\classfile\systemDictionary.cpp, line 305]
Event: 40.996 Thread 0x000001771615b930 Exception <a 'java/lang/ClassNotFoundException'{0x000000008c0174e8}: com/android/build/gradle/internal/dsl/ResourcesPackagingImpl$AgpDecoratedCustomizer> (0x000000008c0174e8) 
thrown [s\open\src\hotspot\share\classfile\systemDictionary.cpp, line 305]
Event: 40.998 Thread 0x000001771615b930 Exception <a 'java/lang/ClassNotFoundException'{0x000000008c031858}: com/android/build/gradle/internal/dsl/ResourcesPackagingImpl$AgpDecorated_DecoratedCustomizer> (0x000000008c031858) 
thrown [s\open\src\hotspot\share\classfile\systemDictionary.cpp, line 305]
Event: 41.058 Thread 0x000001771615b930 Exception <a 'java/lang/ClassNotFoundException'{0x000000008c0ff700}: com/android/build/gradle/internal/dsl/decorator/LockableSetBeanInfo> (0x000000008c0ff700) 
thrown [s\open\src\hotspot\share\classfile\systemDictionary.cpp, line 305]
Event: 41.058 Thread 0x000001771615b930 Exception <a 'java/lang/ClassNotFoundException'{0x000000008bf08b28}: java/util/AbstractSetBeanInfo> (0x000000008bf08b28) 
thrown [s\open\src\hotspot\share\classfile\systemDictionary.cpp, line 305]
Event: 41.060 Thread 0x000001771615b930 Exception <a 'java/lang/ClassNotFoundException'{0x000000008bf11a68}: java/util/AbstractSetCustomizer> (0x000000008bf11a68) 
thrown [s\open\src\hotspot\share\classfile\systemDictionary.cpp, line 305]
Event: 41.061 Thread 0x000001771615b930 Exception <a 'java/lang/ClassNotFoundException'{0x000000008bf22c08}: com/android/build/gradle/internal/dsl/decorator/LockableSetCustomizer> (0x000000008bf22c08) 
thrown [s\open\src\hotspot\share\classfile\systemDictionary.cpp, line 305]
Event: 43.514 Thread 0x000001771615b930 Exception <a 'java/lang/NoSuchMethodError'{0x000000008c04e278}: 'int java.lang.invoke.DirectMethodHandle$Holder.invokeSpecialIFC(java.lang.Object, java.lang.Object, java.lang.Object, java.lang.Object, java.lang.Object)'> (0x000000008c04e278) 
thrown [s\open\src\hotspot\share\interpreter\linkResolver.cpp, line 773]
Event: 44.193 Thread 0x000001771615b930 Exception <a 'java/lang/ClassNotFoundException'{0x000000008ae2b5d0}: com/android/build/gradle/internal/api/ApkVariantOutputImpl_DecoratedBeanInfo> (0x000000008ae2b5d0) 
thrown [s\open\src\hotspot\share\classfile\systemDictionary.cpp, line 305]
Event: 44.195 Thread 0x000001771615b930 Exception <a 'java/lang/ClassNotFoundException'{0x000000008ae373a8}: com/android/build/gradle/internal/api/ApkVariantOutputImplBeanInfo> (0x000000008ae373a8) 
thrown [s\open\src\hotspot\share\classfile\systemDictionary.cpp, line 305]
Event: 44.196 Thread 0x000001771615b930 Exception <a 'java/lang/ClassNotFoundException'{0x000000008ae43190}: com/android/build/gradle/internal/api/BaseVariantOutputImplBeanInfo> (0x000000008ae43190) 
thrown [s\open\src\hotspot\share\classfile\systemDictionary.cpp, line 305]
Event: 44.197 Thread 0x000001771615b930 Exception <a 'java/lang/ClassNotFoundException'{0x000000008ae4ef50}: com/android/build/gradle/internal/api/BaseVariantOutputImplCustomizer> (0x000000008ae4ef50) 
thrown [s\open\src\hotspot\share\classfile\systemDictionary.cpp, line 305]
Event: 44.285 Thread 0x000001771615b930 Exception <a 'java/lang/ClassNotFoundException'{0x000000008ae6da38}: com/android/build/gradle/internal/api/ApkVariantOutputImplCustomizer> (0x000000008ae6da38) 
thrown [s\open\src\hotspot\share\classfile\systemDictionary.cpp, line 305]
Event: 44.319 Thread 0x000001771615b930 Exception <a 'java/lang/ClassNotFoundException'{0x000000008ae877c0}: com/android/build/gradle/internal/api/ApkVariantOutputImpl_DecoratedCustomizer> (0x000000008ae877c0) 
thrown [s\open\src\hotspot\share\classfile\systemDictionary.cpp, line 305]
Event: 44.561 Thread 0x000001771615b930 Exception <a 'java/lang/ClassNotFoundException'{0x000000008aa4ea58}: com/android/build/gradle/internal/api/ReadOnlyBuildTypeBeanInfo> (0x000000008aa4ea58) 
thrown [s\open\src\hotspot\share\classfile\systemDictionary.cpp, line 305]
Event: 44.562 Thread 0x000001771615b930 Exception <a 'java/lang/ClassNotFoundException'{0x000000008aa5aa98}: com/android/build/gradle/internal/api/ReadOnlyBaseConfigBeanInfo> (0x000000008aa5aa98) 
thrown [s\open\src\hotspot\share\classfile\systemDictionary.cpp, line 305]
Event: 44.564 Thread 0x000001771615b930 Exception <a 'java/lang/ClassNotFoundException'{0x000000008aa66838}: com/android/build/gradle/internal/api/ReadOnlyBaseConfigCustomizer> (0x000000008aa66838) 
thrown [s\open\src\hotspot\share\classfile\systemDictionary.cpp, line 305]
Event: 44.565 Thread 0x000001771615b930 Exception <a 'java/lang/ClassNotFoundException'{0x000000008aa832a8}: com/android/build/gradle/internal/api/ReadOnlyBuildTypeCustomizer> (0x000000008aa832a8) 
thrown [s\open\src\hotspot\share\classfile\systemDictionary.cpp, line 305]

VM Operations (20 events):
Event: 39.960 Executing VM operation: G1PauseCleanup done
Event: 40.882 Executing VM operation: G1CollectForAllocation
Event: 40.898 Executing VM operation: G1CollectForAllocation done
Event: 41.412 Executing VM operation: HandshakeAllThreads
Event: 41.412 Executing VM operation: HandshakeAllThreads done
Event: 41.586 Executing VM operation: HandshakeAllThreads
Event: 41.587 Executing VM operation: HandshakeAllThreads done
Event: 42.590 Executing VM operation: Cleanup
Event: 42.591 Executing VM operation: Cleanup done
Event: 43.464 Executing VM operation: G1CollectForAllocation
Event: 43.486 Executing VM operation: G1CollectForAllocation done
Event: 44.499 Executing VM operation: Cleanup
Event: 44.531 Executing VM operation: Cleanup done
Event: 45.192 Executing VM operation: ICBufferFull
Event: 45.194 Executing VM operation: ICBufferFull done
Event: 45.335 Executing VM operation: HandshakeAllThreads
Event: 45.335 Executing VM operation: HandshakeAllThreads done
Event: 45.611 Executing VM operation: G1TryInitiateConcMark
Event: 45.632 Executing VM operation: G1TryInitiateConcMark done
Event: 45.837 Executing VM operation: G1PauseRemark

Events (20 events):
Event: 45.843 Thread 0x00000177111618f0 flushing nmethod 0x0000017707dd5410
Event: 45.843 Thread 0x00000177111618f0 flushing nmethod 0x0000017707d89c90
Event: 45.843 Thread 0x00000177111618f0 flushing nmethod 0x0000017707d7aa10
Event: 45.843 Thread 0x00000177111618f0 flushing nmethod 0x0000017707cdcf10
Event: 45.843 Thread 0x00000177111618f0 flushing nmethod 0x0000017707d03910
Event: 45.843 Thread 0x00000177111618f0 flushing nmethod 0x0000017707cb0310
Event: 45.843 Thread 0x00000177111618f0 flushing nmethod 0x0000017707cafc10
Event: 45.843 Thread 0x00000177111618f0 flushing nmethod 0x0000017707c4db10
Event: 45.843 Thread 0x00000177111618f0 flushing nmethod 0x0000017707be3690
Event: 45.843 Thread 0x00000177111618f0 flushing nmethod 0x0000017707b9f690
Event: 45.843 Thread 0x00000177111618f0 flushing nmethod 0x0000017707b9ea10
Event: 45.843 Thread 0x00000177111618f0 flushing nmethod 0x0000017707b82c90
Event: 45.843 Thread 0x00000177111618f0 flushing nmethod 0x0000017707b73110
Event: 45.843 Thread 0x00000177111618f0 flushing nmethod 0x0000017707b68e10
Event: 45.843 Thread 0x00000177111618f0 flushing nmethod 0x0000017707b4c510
Event: 45.843 Thread 0x00000177111618f0 flushing nmethod 0x0000017707b45a90
Event: 45.843 Thread 0x00000177111618f0 flushing nmethod 0x0000017707af9f90
Event: 45.843 Thread 0x00000177111618f0 flushing nmethod 0x0000017707af5a10
Event: 45.843 Thread 0x00000177111618f0 flushing nmethod 0x0000017707b1d910
Event: 45.843 Thread 0x00000177111618f0 flushing nmethod 0x0000017707b0c690


Dynamic libraries:
0x00007ff79e670000 - 0x00007ff79e67e000 	C:\Users\leomorales\.jdks\openjdk-20\bin\java.exe
0x00007ffaac2d0000 - 0x00007ffaac4c8000 	C:\WINDOWS\SYSTEM32\ntdll.dll
0x00007ffaaba40000 - 0x00007ffaabaff000 	C:\WINDOWS\System32\KERNEL32.DLL
0x00007ffaa9c30000 - 0x00007ffaa9f0a000 	C:\WINDOWS\System32\KERNELBASE.dll
0x00007ffaaa050000 - 0x00007ffaaa150000 	C:\WINDOWS\System32\ucrtbase.dll
0x00007ffa95e40000 - 0x00007ffa95e57000 	C:\Users\leomorales\.jdks\openjdk-20\bin\jli.dll
0x00007ffaaa3d0000 - 0x00007ffaaa56d000 	C:\WINDOWS\System32\USER32.dll
0x00007ffaa9b40000 - 0x00007ffaa9b62000 	C:\WINDOWS\System32\win32u.dll
0x00007ffaaa900000 - 0x00007ffaaa92b000 	C:\WINDOWS\System32\GDI32.dll
0x00007ffaaa220000 - 0x00007ffaaa330000 	C:\WINDOWS\System32\gdi32full.dll
0x00007ffaaa180000 - 0x00007ffaaa21d000 	C:\WINDOWS\System32\msvcp_win.dll
0x00007ffa95c10000 - 0x00007ffa95c2b000 	C:\Users\leomorales\.jdks\openjdk-20\bin\VCRUNTIME140.dll
0x00007ffa944a0000 - 0x00007ffa9473a000 	C:\WINDOWS\WinSxS\amd64_microsoft.windows.common-controls_6595b64144ccf1df_6.0.19041.1110_none_60b5254171f9507e\COMCTL32.dll
0x00007ffaaa570000 - 0x00007ffaaa60e000 	C:\WINDOWS\System32\msvcrt.dll
0x00007ffaaae10000 - 0x00007ffaaae40000 	C:\WINDOWS\System32\IMM32.DLL
0x00007ffa96ad0000 - 0x00007ffa96adc000 	C:\Users\leomorales\.jdks\openjdk-20\bin\vcruntime140_1.dll
0x00007ffa782f0000 - 0x00007ffa7837e000 	C:\Users\leomorales\.jdks\openjdk-20\bin\msvcp140.dll
0x00007ffa66500000 - 0x00007ffa67197000 	C:\Users\leomorales\.jdks\openjdk-20\bin\server\jvm.dll
0x00007ffaaad60000 - 0x00007ffaaae0e000 	C:\WINDOWS\System32\ADVAPI32.dll
0x00007ffaaaa70000 - 0x00007ffaaab0c000 	C:\WINDOWS\System32\sechost.dll
0x00007ffaac0b0000 - 0x00007ffaac1d6000 	C:\WINDOWS\System32\RPCRT4.dll
0x00007ffa90d30000 - 0x00007ffa90d39000 	C:\WINDOWS\SYSTEM32\WSOCK32.dll
0x00007ffaaab70000 - 0x00007ffaaabdb000 	C:\WINDOWS\System32\WS2_32.dll
0x00007ffa94740000 - 0x00007ffa94767000 	C:\WINDOWS\SYSTEM32\WINMM.dll
0x00007ffaa1700000 - 0x00007ffaa170a000 	C:\WINDOWS\SYSTEM32\VERSION.dll
0x00007ffaa81f0000 - 0x00007ffaa8202000 	C:\WINDOWS\SYSTEM32\kernel.appcore.dll
0x00007ffa969b0000 - 0x00007ffa969ba000 	C:\Users\leomorales\.jdks\openjdk-20\bin\jimage.dll
0x00007ffaa7710000 - 0x00007ffaa78f4000 	C:\WINDOWS\SYSTEM32\DBGHELP.DLL
0x00007ffa928b0000 - 0x00007ffa928e4000 	C:\WINDOWS\SYSTEM32\dbgcore.DLL
0x00007ffaa9fc0000 - 0x00007ffaaa042000 	C:\WINDOWS\System32\bcryptPrimitives.dll
0x00007ffa96950000 - 0x00007ffa9695e000 	C:\Users\leomorales\.jdks\openjdk-20\bin\instrument.dll
0x00007ffa91f70000 - 0x00007ffa91f96000 	C:\Users\leomorales\.jdks\openjdk-20\bin\java.dll
0x00007ffa71bb0000 - 0x00007ffa71c87000 	C:\Users\leomorales\.jdks\openjdk-20\bin\jsvml.dll
0x00007ffaab2f0000 - 0x00007ffaaba34000 	C:\WINDOWS\System32\SHELL32.dll
0x00007ffaa7a40000 - 0x00007ffaa81d3000 	C:\WINDOWS\SYSTEM32\windows.storage.dll
0x00007ffaaaec0000 - 0x00007ffaab214000 	C:\WINDOWS\System32\combase.dll
0x00007ffaa9440000 - 0x00007ffaa946e000 	C:\WINDOWS\SYSTEM32\Wldp.dll
0x00007ffaaabe0000 - 0x00007ffaaac8d000 	C:\WINDOWS\System32\SHCORE.dll
0x00007ffaaab10000 - 0x00007ffaaab65000 	C:\WINDOWS\System32\shlwapi.dll
0x00007ffaa9920000 - 0x00007ffaa993f000 	C:\WINDOWS\SYSTEM32\profapi.dll
0x00007ffa94380000 - 0x00007ffa94398000 	C:\Users\leomorales\.jdks\openjdk-20\bin\zip.dll
0x00007ffa7a090000 - 0x00007ffa7a0a3000 	C:\Users\leomorales\.jdks\openjdk-20\bin\net.dll
0x00007ffa9edf0000 - 0x00007ffa9eefa000 	C:\WINDOWS\SYSTEM32\WINHTTP.dll
0x00007ffaa91a0000 - 0x00007ffaa920a000 	C:\WINDOWS\system32\mswsock.dll
0x00007ffa79440000 - 0x00007ffa79456000 	C:\Users\leomorales\.jdks\openjdk-20\bin\nio.dll
0x00007ffa94bb0000 - 0x00007ffa94bc0000 	C:\Users\leomorales\.jdks\openjdk-20\bin\verify.dll
0x00007ffa95c30000 - 0x00007ffa95c57000 	C:\Users\leomorales\.gradle\native\68d5fa5c4cc2d200863cafc0d521ce42e7d3e7ee720ec0a83991735586a16f82\windows-amd64\native-platform.dll
0x00007ffa70990000 - 0x00007ffa70ad4000 	C:\Users\leomorales\.gradle\native\e376f236ea51e6404a007f0833ffe2c6e607c4080706a723a18a27aeea778392\windows-amd64\native-platform-file-events.dll
0x00007ffa94b70000 - 0x00007ffa94b7a000 	C:\Users\leomorales\.jdks\openjdk-20\bin\management.dll
0x00007ffa94490000 - 0x00007ffa9449b000 	C:\Users\leomorales\.jdks\openjdk-20\bin\management_ext.dll
0x00007ffaaa3c0000 - 0x00007ffaaa3c8000 	C:\WINDOWS\System32\PSAPI.DLL
0x00007ffaa9390000 - 0x00007ffaa93a8000 	C:\WINDOWS\SYSTEM32\CRYPTSP.dll
0x00007ffaa8a10000 - 0x00007ffaa8a44000 	C:\WINDOWS\system32\rsaenh.dll
0x00007ffaaa150000 - 0x00007ffaaa177000 	C:\WINDOWS\System32\bcrypt.dll
0x00007ffaa98e0000 - 0x00007ffaa990e000 	C:\WINDOWS\SYSTEM32\USERENV.dll
0x00007ffaa93b0000 - 0x00007ffaa93bc000 	C:\WINDOWS\SYSTEM32\CRYPTBASE.dll
0x00007ffaa8e40000 - 0x00007ffaa8e7c000 	C:\WINDOWS\SYSTEM32\IPHLPAPI.DLL
0x00007ffaab280000 - 0x00007ffaab288000 	C:\WINDOWS\System32\NSI.dll
0x00007ffa9f6b0000 - 0x00007ffa9f6c7000 	C:\WINDOWS\SYSTEM32\dhcpcsvc6.DLL
0x00007ffaa0140000 - 0x00007ffaa015d000 	C:\WINDOWS\SYSTEM32\dhcpcsvc.DLL
0x00007ffaa8e90000 - 0x00007ffaa8f5b000 	C:\WINDOWS\SYSTEM32\DNSAPI.dll
0x00007ffa94030000 - 0x00007ffa94037000 	C:\Users\leomorales\.jdks\openjdk-20\bin\extnet.dll
0x00007ffa93590000 - 0x00007ffa9359e000 	C:\Users\leomorales\.jdks\openjdk-20\bin\sunmscapi.dll
0x00007ffaa99e0000 - 0x00007ffaa9b36000 	C:\WINDOWS\System32\CRYPT32.dll
0x00007ffaa94b0000 - 0x00007ffaa94d8000 	C:\WINDOWS\SYSTEM32\ncrypt.dll
0x00007ffaa9470000 - 0x00007ffaa94ab000 	C:\WINDOWS\SYSTEM32\NTASN1.dll
0x00007ffa9d3b0000 - 0x00007ffa9d3b7000 	C:\WINDOWS\system32\wshunix.dll

dbghelp: loaded successfully - version: 4.0.5 - missing functions: none
symbol engine: initialized successfully - sym options: 0x614 - pdb path: .;C:\Users\leomorales\.jdks\openjdk-20\bin;C:\WINDOWS\SYSTEM32;C:\WINDOWS\WinSxS\amd64_microsoft.windows.common-controls_6595b64144ccf1df_6.0.19041.1110_none_60b5254171f9507e;C:\Users\leomorales\.jdks\openjdk-20\bin\server;C:\Users\leomorales\.gradle\native\68d5fa5c4cc2d200863cafc0d521ce42e7d3e7ee720ec0a83991735586a16f82\windows-amd64;C:\Users\leomorales\.gradle\native\e376f236ea51e6404a007f0833ffe2c6e607c4080706a723a18a27aeea778392\windows-amd64

VM Arguments:
jvm_args: --add-opens=java.base/java.util=ALL-UNNAMED --add-opens=java.base/java.lang=ALL-UNNAMED --add-opens=java.base/java.lang.invoke=ALL-UNNAMED --add-opens=java.prefs/java.util.prefs=ALL-UNNAMED --add-opens=java.base/java.nio.charset=ALL-UNNAMED --add-opens=java.base/java.net=ALL-UNNAMED --add-opens=java.base/java.util.concurrent.atomic=ALL-UNNAMED -Xmx2048m -Dfile.encoding=UTF-8 -Duser.country=AR -Duser.language=es -Duser.variant -javaagent:C:\Users\leomorales\.gradle\wrapper\dists\gradle-8.1-bin\2eyty4r6kz6fpakefpk52nbbm\gradle-8.1\lib\agents\gradle-instrumentation-agent-8.1.jar 
java_command: org.gradle.launcher.daemon.bootstrap.GradleDaemon 8.1
java_class_path (initial): C:\Users\leomorales\.gradle\wrapper\dists\gradle-8.1-bin\2eyty4r6kz6fpakefpk52nbbm\gradle-8.1\lib\gradle-launcher-8.1.jar
Launcher Type: SUN_STANDARD

[Global flags]
     intx CICompilerCount                          = 3                                         {product} {ergonomic}
     uint ConcGCThreads                            = 1                                         {product} {ergonomic}
     uint G1ConcRefinementThreads                  = 4                                         {product} {ergonomic}
   size_t G1HeapRegionSize                         = 1048576                                   {product} {ergonomic}
    uintx GCDrainStackTargetSize                   = 64                                        {product} {ergonomic}
   size_t InitialHeapSize                          = 132120576                                 {product} {ergonomic}
   size_t MarkStackSize                            = 4194304                                   {product} {ergonomic}
   size_t MaxHeapSize                              = 2147483648                                {product} {command line}
   size_t MaxNewSize                               = 1287651328                                {product} {ergonomic}
   size_t MinHeapDeltaBytes                        = 1048576                                   {product} {ergonomic}
   size_t MinHeapSize                              = 8388608                                   {product} {ergonomic}
    uintx NonNMethodCodeHeapSize                   = 5832780                                {pd product} {ergonomic}
    uintx NonProfiledCodeHeapSize                  = 122912730                              {pd product} {ergonomic}
    uintx ProfiledCodeHeapSize                     = 122912730                              {pd product} {ergonomic}
    uintx ReservedCodeCacheSize                    = 251658240                              {pd product} {ergonomic}
     bool SegmentedCodeCache                       = true                                      {product} {ergonomic}
   size_t SoftMaxHeapSize                          = 2147483648                             {manageable} {ergonomic}
     bool UseCompressedClassPointers               = true                           {product lp64_product} {ergonomic}
     bool UseCompressedOops                        = true                           {product lp64_product} {ergonomic}
     bool UseG1GC                                  = true                                      {product} {ergonomic}
     bool UseLargePagesIndividualAllocation        = false                                  {pd product} {ergonomic}

Logging:
Log output configuration:
 #0: stdout all=warning uptime,level,tags foldmultilines=false
 #1: stderr all=off uptime,level,tags foldmultilines=false

Environment Variables:
JAVA_HOME=C:\Program Files\OpenJDK\openjdk-8u262-b10
PATH=C:\Python311\Scripts\;C:\Python311\;C:\Program Files\Common Files\Oracle\Java\javapath;C:\Python38\Scripts\;C:\Python38\;C:\Python27\;C:\Python27\Scripts;C:\Program Files (x86)\Intel\Intel(R) Management Engine Components\iCLS\;C:\Program Files\Intel\Intel(R) Management Engine Components\iCLS\;C:\Program Files\Python37\Scripts\;C:\Program Files\Python37\;C:\Windows\system32;C:\Windows;C:\Windows\System32\Wbem;C:\Windows\System32\WindowsPowerShell\v1.0\;C:\WINDOWS\system32;C:\WINDOWS;C:\WINDOWS\System32\Wbem;C:\WINDOWS\System32\WindowsPowerShell\v1.0\;C:\WINDOWS\System32\OpenSSH\;C:\Program Files (x86)\NVIDIA Corporation\PhysX\Common;C:\Program Files (x86)\Intel\Intel(R) Management Engine Components\DAL;C:\Program Files\Intel\Intel(R) Management Engine Components\DAL;C:\Program Files (x86)\Intel\Intel(R) Management Engine Components\IPT;C:\Program Files\Intel\Intel(R) Management Engine Components\IPT;C:\Program Files\NVIDIA Corporation\NVIDIA NvDLISR;C:\ProgramData\Anaconda3\Scripts;C:\ProgramData\Anaconda3;C:\ProgramData\chocolatey\bin;C:\WINDOWS\system32;C:\WINDOWS;C:\WINDOWS\System32\Wbem;C:\WINDOWS\System32\WindowsPowerShell\v1.0\;C:\WINDOWS\System32\OpenSSH\;C:\Program Files\OpenJDK\openjdk-8u262-b10\bin;C:\Program Files (x86)\Yarn\bin\;C:\Program Files (x86)\Windows Live\Shared;C:\Users\leomorales\AppData\Roaming\nvm;C:\Program Files\nodejs;C:\Program Files\PuTTY\;C:\Program Files\nodejs\;C:\Program Files\Git\cmd;C:\Users\leomorales\AppData\Local\Microsoft\WindowsApps;C:\Users\leomorales\AppData\Local\Programs\Microsoft VS Code\bin;C:\Program Files\wkhtmltopdf\bin;C:\Users\leomorales\home\soft\cmder_mini;C:\Users\leomorales\home\soft\flutter\bin;C:\Program Files\MongoDB\Server\4.0\bin;C:\ProgramData\Anaconda3\Scripts;C:\Users\leomorales\AppData\Local\Programs\MiKTeX 2.9\miktex\bin\x64\;C:\Users\leomorales\AppData\Local\Android\Sdk\platform-tools;C:\Program Files\JetBrains\PyCharm Community Edition 2019.2.3\bin;;C:\Program Files\heroku\bin;C:\Users\leomorales\AppData\Local\Yarn\bin;C:\Users\leomorales\AppData\Local\hyper\app-3.0.2\resources\bin;C:\Users\leomorales\AppData\Roaming\nvm;C:\Program Files\nodejs;C:\Users\leomorales\AppData\Roaming\npm
USERNAME=leomorales
OS=Windows_NT
PROCESSOR_IDENTIFIER=Intel64 Family 6 Model 142 Stepping 9, GenuineIntel
TMP=C:\Users\LEOMOR~1\AppData\Local\Temp
TEMP=C:\Users\LEOMOR~1\AppData\Local\Temp




---------------  S Y S T E M  ---------------

OS:
 Windows 10 , 64 bit Build 19041 (10.0.19041.2788)
OS uptime: 1 days 5:57 hours
Hyper-V role detected

CPU: total 4 (initial active 4) (2 cores per cpu, 2 threads per core) family 6 model 142 stepping 9 microcode 0xd6, cx8, cmov, fxsr, ht, mmx, 3dnowpref, sse, sse2, sse3, ssse3, sse4.1, sse4.2, popcnt, lzcnt, tsc, tscinvbit, avx, avx2, aes, erms, clmul, bmi1, bmi2, adx, fma, vzeroupper, clflush, clflushopt, hv, rdtscp, f16c

Memory: 4k page, system-wide physical 8043M (390M free)
TotalPageFile size 14043M (AvailPageFile size 75M)
current process WorkingSet (physical memory assigned to process): 398M, peak: 400M
current process commit charge ("private bytes"): 503M, peak: 504M

vm_info: OpenJDK 64-Bit Server VM (20+36-2344) for windows-amd64 JRE (20+36-2344), built on 2023-02-10T19:30:15Z by "mach5one" with MS VC++ 17.1 (VS2022)

END.
