#
# There is insufficient memory for the Java Runtime Environment to continue.
# Native memory allocation (malloc) failed to allocate 1339056 bytes for Chunk::new
# Possible reasons:
#   The system is out of physical RAM or swap space
#   The process is running with CompressedOops enabled, and the Java Heap may be blocking the growth of the native heap
# Possible solutions:
#   Reduce memory load on the system
#   Increase physical memory or swap space
#   Check if swap backing store is full
#   Decrease Java heap size (-Xmx/-Xms)
#   Decrease number of Java threads
#   Decrease Java thread stack sizes (-Xss)
#   Set larger code cache with -XX:ReservedCodeCacheSize=
#   JVM is running with Unscaled Compressed Oops mode in which the Java heap is
#     placed in the first 4GB address space. The Java Heap base address is the
#     maximum limit for the native heap growth. Please use -XX:HeapBaseMinAddress
#     to set the Java Heap base and to place the Java Heap above 4GB virtual address.
# This output file may be truncated or incomplete.
#
#  Out of Memory Error (arena.cpp:189), pid=11032, tid=9600
#
# JRE version: OpenJDK Runtime Environment (17.0.6) (build 17.0.6+0-b2043.56-9586694)
# Java VM: OpenJDK 64-Bit Server VM (17.0.6+0-b2043.56-9586694, mixed mode, tiered, compressed oops, compressed class ptrs, g1 gc, windows-amd64)
# No core dump will be written. Minidumps are not enabled by default on client versions of Windows
#

---------------  S U M M A R Y ------------

Command Line: --add-opens=java.base/java.util=ALL-UNNAMED --add-opens=java.base/java.lang=ALL-UNNAMED --add-opens=java.base/java.lang.invoke=ALL-UNNAMED --add-opens=java.prefs/java.util.prefs=ALL-UNNAMED --add-opens=java.base/java.nio.charset=ALL-UNNAMED --add-opens=java.base/java.net=ALL-UNNAMED --add-opens=java.base/java.util.concurrent.atomic=ALL-UNNAMED -Xmx2048m -Dfile.encoding=UTF-8 -Duser.country=AR -Duser.language=es -Duser.variant org.gradle.launcher.daemon.bootstrap.GradleDaemon 8.0

Host: Intel(R) Core(TM) i5-7200U CPU @ 2.50GHz, 4 cores, 7G,  Windows 10 , 64 bit Build 19041 (10.0.19041.2788)
Time: Fri Apr 28 17:25:13 2023 Hora estándar de Argentina elapsed time: 8.379309 seconds (0d 0h 0m 8s)

---------------  T H R E A D  ---------------

Current thread (0x000002232c5604f0):  JavaThread "C2 CompilerThread0" daemon [_thread_in_native, id=9600, stack(0x0000003593500000,0x0000003593600000)]


Current CompileTask:
C2:   8379 3244       4       java.util.AbstractCollection::addAll (42 bytes)

Stack: [0x0000003593500000,0x0000003593600000]
Native frames: (J=compiled Java code, j=interpreted, Vv=VM code, C=native code)
V  [jvm.dll+0x683b4a]
V  [jvm.dll+0x842654]
V  [jvm.dll+0x843dfe]
V  [jvm.dll+0x844463]
V  [jvm.dll+0x249b75]
V  [jvm.dll+0xabcac]
V  [jvm.dll+0xac27c]
V  [jvm.dll+0x368802]
V  [jvm.dll+0x332f31]
V  [jvm.dll+0x3323da]
V  [jvm.dll+0x21c201]
V  [jvm.dll+0x21b621]
V  [jvm.dll+0x1a4fdd]
V  [jvm.dll+0x22b098]
V  [jvm.dll+0x229159]
V  [jvm.dll+0x7f809c]
V  [jvm.dll+0x7f25fa]
V  [jvm.dll+0x682985]
C  [ucrtbase.dll+0x21bb2]
C  [KERNEL32.DLL+0x17604]
C  [ntdll.dll+0x526a1]


---------------  P R O C E S S  ---------------

Threads class SMR info:
_java_thread_list=0x0000022331f02130, length=38, elements={
0x0000022312f708e0, 0x000002232c5139f0, 0x000002232c514770, 0x000002232c55bc00,
0x000002232c55c6c0, 0x000002232c55ef90, 0x000002232c55f850, 0x000002232c5604f0,
0x000002232d07b8d0, 0x000002232d07e590, 0x000002232d181710, 0x000002232d181ff0,
0x000002232f8a68a0, 0x0000022330171240, 0x000002232eae3020, 0x000002232e66f150,
0x000002232e2fd0e0, 0x000002232ea497c0, 0x00000223301fa420, 0x000002232e7bafb0,
0x000002233008a340, 0x00000223300894d0, 0x00000223300899a0, 0x000002233008c9c0,
0x000002233008b1b0, 0x000002233003c810, 0x000002233008b680, 0x0000022330089e70,
0x000002233008c020, 0x000002233008bb50, 0x000002233008a810, 0x000002233008c4f0,
0x0000022330089000, 0x000002233008ace0, 0x0000022332176370, 0x00000223321729b0,
0x0000022332177b80, 0x0000022332172e80
}

Java Threads: ( => current thread )
  0x0000022312f708e0 JavaThread "main" [_thread_blocked, id=5200, stack(0x0000003592800000,0x0000003592900000)]
  0x000002232c5139f0 JavaThread "Reference Handler" daemon [_thread_blocked, id=11924, stack(0x0000003592f00000,0x0000003593000000)]
  0x000002232c514770 JavaThread "Finalizer" daemon [_thread_blocked, id=14636, stack(0x0000003593000000,0x0000003593100000)]
  0x000002232c55bc00 JavaThread "Signal Dispatcher" daemon [_thread_blocked, id=15132, stack(0x0000003593100000,0x0000003593200000)]
  0x000002232c55c6c0 JavaThread "Attach Listener" daemon [_thread_blocked, id=6868, stack(0x0000003593200000,0x0000003593300000)]
  0x000002232c55ef90 JavaThread "Service Thread" daemon [_thread_blocked, id=6528, stack(0x0000003593300000,0x0000003593400000)]
  0x000002232c55f850 JavaThread "Monitor Deflation Thread" daemon [_thread_blocked, id=6832, stack(0x0000003593400000,0x0000003593500000)]
=>0x000002232c5604f0 JavaThread "C2 CompilerThread0" daemon [_thread_in_native, id=9600, stack(0x0000003593500000,0x0000003593600000)]
  0x000002232d07b8d0 JavaThread "C1 CompilerThread0" daemon [_thread_blocked, id=3916, stack(0x0000003593600000,0x0000003593700000)]
  0x000002232d07e590 JavaThread "Sweeper thread" daemon [_thread_blocked, id=4636, stack(0x0000003593700000,0x0000003593800000)]
  0x000002232d181710 JavaThread "Common-Cleaner" daemon [_thread_blocked, id=11760, stack(0x0000003593800000,0x0000003593900000)]
  0x000002232d181ff0 JavaThread "Notification Thread" daemon [_thread_blocked, id=15680, stack(0x0000003593900000,0x0000003593a00000)]
  0x000002232f8a68a0 JavaThread "Daemon health stats" [_thread_blocked, id=8596, stack(0x0000003593f00000,0x0000003594000000)]
  0x0000022330171240 JavaThread "Incoming local TCP Connector on port 52635" [_thread_in_native, id=8004, stack(0x0000003594000000,0x0000003594100000)]
  0x000002232eae3020 JavaThread "Daemon periodic checks" [_thread_blocked, id=11196, stack(0x0000003594100000,0x0000003594200000)]
  0x000002232e66f150 JavaThread "Daemon" [_thread_blocked, id=8652, stack(0x0000003594200000,0x0000003594300000)]
  0x000002232e2fd0e0 JavaThread "Handler for socket connection from /127.0.0.1:52635 to /127.0.0.1:52636" [_thread_in_native, id=15364, stack(0x0000003594300000,0x0000003594400000)]
  0x000002232ea497c0 JavaThread "Cancel handler" [_thread_blocked, id=16016, stack(0x0000003594400000,0x0000003594500000)]
  0x00000223301fa420 JavaThread "Daemon worker" [_thread_in_vm, id=3716, stack(0x0000003594500000,0x0000003594600000)]
  0x000002232e7bafb0 JavaThread "Asynchronous log dispatcher for DefaultDaemonConnection: socket connection from /127.0.0.1:52635 to /127.0.0.1:52636" [_thread_blocked, id=10964, stack(0x0000003594600000,0x0000003594700000)]
  0x000002233008a340 JavaThread "Stdin handler" [_thread_blocked, id=5756, stack(0x0000003594700000,0x0000003594800000)]
  0x00000223300894d0 JavaThread "Daemon client event forwarder" [_thread_blocked, id=13836, stack(0x0000003594800000,0x0000003594900000)]
  0x00000223300899a0 JavaThread "Cache worker for journal cache (C:\Users\leomorales\.gradle\caches\journal-1)" [_thread_blocked, id=13664, stack(0x0000003593b00000,0x0000003593c00000)]
  0x000002233008c9c0 JavaThread "File lock request listener" [_thread_in_native, id=7200, stack(0x0000003594900000,0x0000003594a00000)]
  0x000002233008b1b0 JavaThread "Cache worker for file hash cache (C:\Users\leomorales\.gradle\caches\8.0\fileHashes)" [_thread_blocked, id=9020, stack(0x0000003594a00000,0x0000003594b00000)]
  0x000002233003c810 JavaThread "C2 CompilerThread1" daemon [_thread_blocked, id=14984, stack(0x0000003594b00000,0x0000003594c00000)]
  0x000002233008b680 JavaThread "File watcher server" daemon [_thread_in_native, id=760, stack(0x0000003594c00000,0x0000003594d00000)]
  0x0000022330089e70 JavaThread "File watcher consumer" daemon [_thread_blocked, id=5112, stack(0x0000003594d00000,0x0000003594e00000)]
  0x000002233008c020 JavaThread "jar transforms" [_thread_blocked, id=15240, stack(0x0000003594e00000,0x0000003594f00000)]
  0x000002233008bb50 JavaThread "jar transforms Thread 2" [_thread_blocked, id=13464, stack(0x0000003594f00000,0x0000003595000000)]
  0x000002233008a810 JavaThread "jar transforms Thread 3" [_thread_blocked, id=12372, stack(0x0000003595000000,0x0000003595100000)]
  0x000002233008c4f0 JavaThread "jar transforms Thread 4" [_thread_blocked, id=14004, stack(0x0000003595100000,0x0000003595200000)]
  0x0000022330089000 JavaThread "Cache worker for checksums cache (C:\Users\leomorales\code\android\tnt-2023\Compose\WICCapp\.gradle\8.0\checksums)" [_thread_blocked, id=11696, stack(0x0000003595200000,0x0000003595300000)]
  0x000002233008ace0 JavaThread "Cache worker for cache directory md-rule (C:\Users\leomorales\.gradle\caches\8.0\md-rule)" [_thread_blocked, id=6776, stack(0x0000003595300000,0x0000003595400000)]
  0x0000022332176370 JavaThread "Cache worker for file content cache (C:\Users\leomorales\.gradle\caches\8.0\fileContent)" [_thread_blocked, id=9476, stack(0x0000003595400000,0x0000003595500000)]
  0x00000223321729b0 JavaThread "Cache worker for file hash cache (C:\Users\leomorales\code\android\tnt-2023\Compose\WICCapp\.gradle\8.0\fileHashes)" [_thread_blocked, id=13128, stack(0x0000003595500000,0x0000003595600000)]
  0x0000022332177b80 JavaThread "Cache worker for cache directory md-supplier (C:\Users\leomorales\.gradle\caches\8.0\md-supplier)" [_thread_blocked, id=12800, stack(0x0000003595600000,0x0000003595700000)]
  0x0000022332172e80 JavaThread "Cache worker for execution history cache (C:\Users\leomorales\.gradle\caches\8.0\executionHistory)" [_thread_blocked, id=9680, stack(0x0000003595700000,0x0000003595800000)]

Other Threads:
  0x000002232c53ccb0 VMThread "VM Thread" [stack: 0x0000003592e00000,0x0000003592f00000] [id=3276]
  0x000002232d1844d0 WatcherThread [stack: 0x0000003593a00000,0x0000003593b00000] [id=4504]
  0x0000022312fc8cc0 GCTaskThread "GC Thread#0" [stack: 0x0000003592900000,0x0000003592a00000] [id=12464]
  0x000002232db4a3f0 GCTaskThread "GC Thread#1" [stack: 0x0000003593c00000,0x0000003593d00000] [id=15472]
  0x000002232d6c6e20 GCTaskThread "GC Thread#2" [stack: 0x0000003593d00000,0x0000003593e00000] [id=14268]
  0x000002232d8aabd0 GCTaskThread "GC Thread#3" [stack: 0x0000003593e00000,0x0000003593f00000] [id=7064]
  0x0000022312fdab20 ConcurrentGCThread "G1 Main Marker" [stack: 0x0000003592a00000,0x0000003592b00000] [id=10524]
  0x0000022312fdb440 ConcurrentGCThread "G1 Conc#0" [stack: 0x0000003592b00000,0x0000003592c00000] [id=8400]
  0x000002231303e2c0 ConcurrentGCThread "G1 Refine#0" [stack: 0x0000003592c00000,0x0000003592d00000] [id=3808]
  0x000002231303ebf0 ConcurrentGCThread "G1 Service" [stack: 0x0000003592d00000,0x0000003592e00000] [id=1056]

Threads with active compile tasks:
C2 CompilerThread0     8442 3244       4       java.util.AbstractCollection::addAll (42 bytes)

VM state: not at safepoint (normal execution)

VM Mutex/Monitor currently owned by a thread:  ([mutex/lock_event])
[0x0000022312f6bb30] AdapterHandlerLibrary_lock - owner thread: 0x00000223301fa420

Heap address: 0x0000000080000000, size: 2048 MB, Compressed Oops mode: 32-bit

CDS archive(s) not mapped
Compressed class space mapped at: 0x0000000100000000-0x0000000140000000, reserved size: 1073741824
Narrow klass base: 0x0000000000000000, Narrow klass shift: 3, Narrow klass range: 0x140000000

GC Precious Log:
 CPUs: 4 total, 4 available
 Memory: 8043M
 Large Page Support: Disabled
 NUMA Support: Disabled
 Compressed Oops: Enabled (32-bit)
 Heap Region Size: 1M
 Heap Min Capacity: 8M
 Heap Initial Capacity: 126M
 Heap Max Capacity: 2G
 Pre-touch: Disabled
 Parallel Workers: 4
 Concurrent Workers: 1
 Concurrent Refinement Workers: 4
 Periodic GC: Disabled

Heap:
 garbage-first heap   total 132096K, used 85180K [0x0000000080000000, 0x0000000100000000)
  region size 1024K, 30 young (30720K), 1 survivors (1024K)
 Metaspace       used 38853K, committed 39232K, reserved 1089536K
  class space    used 5259K, committed 5440K, reserved 1048576K

Heap Regions: E=young(eden), S=young(survivor), O=old, HS=humongous(starts), HC=humongous(continues), CS=collection set, F=free, OA=open archive, CA=closed archive, TAMS=top-at-mark-start (previous, next)
|   0|0x0000000080000000, 0x0000000080100000, 0x0000000080100000|100%| O|  |TAMS 0x0000000080100000, 0x0000000080000000| Untracked 
|   1|0x0000000080100000, 0x0000000080200000, 0x0000000080200000|100%| O|  |TAMS 0x0000000080200000, 0x0000000080100000| Untracked 
|   2|0x0000000080200000, 0x0000000080300000, 0x0000000080300000|100%|HS|  |TAMS 0x0000000080300000, 0x0000000080200000| Complete 
|   3|0x0000000080300000, 0x0000000080400000, 0x0000000080400000|100%|HC|  |TAMS 0x0000000080400000, 0x0000000080300000| Complete 
|   4|0x0000000080400000, 0x0000000080500000, 0x0000000080500000|100%|HC|  |TAMS 0x0000000080500000, 0x0000000080400000| Complete 
|   5|0x0000000080500000, 0x0000000080600000, 0x0000000080600000|100%|HC|  |TAMS 0x0000000080600000, 0x0000000080500000| Complete 
|   6|0x0000000080600000, 0x0000000080700000, 0x0000000080700000|100%| O|  |TAMS 0x0000000080700000, 0x0000000080600000| Untracked 
|   7|0x0000000080700000, 0x0000000080800000, 0x0000000080800000|100%| O|  |TAMS 0x0000000080800000, 0x0000000080700000| Untracked 
|   8|0x0000000080800000, 0x0000000080900000, 0x0000000080900000|100%| O|  |TAMS 0x0000000080900000, 0x0000000080800000| Untracked 
|   9|0x0000000080900000, 0x0000000080a00000, 0x0000000080a00000|100%| O|  |TAMS 0x0000000080a00000, 0x0000000080900000| Untracked 
|  10|0x0000000080a00000, 0x0000000080b00000, 0x0000000080b00000|100%| O|  |TAMS 0x0000000080b00000, 0x0000000080a00000| Untracked 
|  11|0x0000000080b00000, 0x0000000080c00000, 0x0000000080c00000|100%| O|  |TAMS 0x0000000080c00000, 0x0000000080b00000| Complete 
|  12|0x0000000080c00000, 0x0000000080d00000, 0x0000000080d00000|100%| O|  |TAMS 0x0000000080d00000, 0x0000000080c00000| Untracked 
|  13|0x0000000080d00000, 0x0000000080e00000, 0x0000000080e00000|100%| O|  |TAMS 0x0000000080e00000, 0x0000000080d00000| Untracked 
|  14|0x0000000080e00000, 0x0000000080f00000, 0x0000000080f00000|100%| O|  |TAMS 0x0000000080f00000, 0x0000000080e00000| Untracked 
|  15|0x0000000080f00000, 0x0000000081000000, 0x0000000081000000|100%| O|  |TAMS 0x0000000081000000, 0x0000000080f00000| Untracked 
|  16|0x0000000081000000, 0x0000000081100000, 0x0000000081100000|100%| O|  |TAMS 0x0000000081100000, 0x0000000081000000| Untracked 
|  17|0x0000000081100000, 0x0000000081200000, 0x0000000081200000|100%| O|  |TAMS 0x0000000081200000, 0x0000000081100000| Untracked 
|  18|0x0000000081200000, 0x0000000081300000, 0x0000000081300000|100%| O|  |TAMS 0x0000000081300000, 0x0000000081200000| Untracked 
|  19|0x0000000081300000, 0x0000000081400000, 0x0000000081400000|100%| O|  |TAMS 0x0000000081400000, 0x0000000081300000| Untracked 
|  20|0x0000000081400000, 0x0000000081400000, 0x0000000081500000|  0%| F|  |TAMS 0x0000000081400000, 0x0000000081400000| Untracked 
|  21|0x0000000081500000, 0x0000000081600000, 0x0000000081600000|100%|HS|  |TAMS 0x0000000081600000, 0x0000000081500000| Complete 
|  22|0x0000000081600000, 0x0000000081700000, 0x0000000081700000|100%|HC|  |TAMS 0x0000000081700000, 0x0000000081600000| Complete 
|  23|0x0000000081700000, 0x0000000081800000, 0x0000000081800000|100%|HS|  |TAMS 0x0000000081800000, 0x0000000081700000| Complete 
|  24|0x0000000081800000, 0x0000000081900000, 0x0000000081900000|100%|HC|  |TAMS 0x0000000081900000, 0x0000000081800000| Complete 
|  25|0x0000000081900000, 0x0000000081a00000, 0x0000000081a00000|100%|HC|  |TAMS 0x0000000081a00000, 0x0000000081900000| Complete 
|  26|0x0000000081a00000, 0x0000000081b00000, 0x0000000081b00000|100%|HS|  |TAMS 0x0000000081b00000, 0x0000000081a00000| Complete 
|  27|0x0000000081b00000, 0x0000000081c00000, 0x0000000081c00000|100%|HC|  |TAMS 0x0000000081c00000, 0x0000000081b00000| Complete 
|  28|0x0000000081c00000, 0x0000000081d00000, 0x0000000081d00000|100%|HC|  |TAMS 0x0000000081d00000, 0x0000000081c00000| Complete 
|  29|0x0000000081d00000, 0x0000000081e00000, 0x0000000081e00000|100%|HS|  |TAMS 0x0000000081e00000, 0x0000000081d00000| Complete 
|  30|0x0000000081e00000, 0x0000000081f00000, 0x0000000081f00000|100%|HC|  |TAMS 0x0000000081f00000, 0x0000000081e00000| Complete 
|  31|0x0000000081f00000, 0x0000000082000000, 0x0000000082000000|100%|HS|  |TAMS 0x0000000082000000, 0x0000000081f00000| Complete 
|  32|0x0000000082000000, 0x0000000082100000, 0x0000000082100000|100%|HC|  |TAMS 0x0000000082100000, 0x0000000082000000| Complete 
|  33|0x0000000082100000, 0x0000000082200000, 0x0000000082200000|100%|HC|  |TAMS 0x0000000082200000, 0x0000000082100000| Complete 
|  34|0x0000000082200000, 0x0000000082300000, 0x0000000082300000|100%|HC|  |TAMS 0x0000000082300000, 0x0000000082200000| Complete 
|  35|0x0000000082300000, 0x0000000082400000, 0x0000000082400000|100%|HC|  |TAMS 0x0000000082400000, 0x0000000082300000| Complete 
|  36|0x0000000082400000, 0x0000000082500000, 0x0000000082500000|100%|HC|  |TAMS 0x0000000082500000, 0x0000000082400000| Complete 
|  37|0x0000000082500000, 0x0000000082600000, 0x0000000082600000|100%|HC|  |TAMS 0x0000000082600000, 0x0000000082500000| Complete 
|  38|0x0000000082600000, 0x0000000082700000, 0x0000000082700000|100%|HC|  |TAMS 0x0000000082700000, 0x0000000082600000| Complete 
|  39|0x0000000082700000, 0x0000000082800000, 0x0000000082800000|100%|HC|  |TAMS 0x0000000082800000, 0x0000000082700000| Complete 
|  40|0x0000000082800000, 0x0000000082900000, 0x0000000082900000|100%|HC|  |TAMS 0x0000000082900000, 0x0000000082800000| Complete 
|  41|0x0000000082900000, 0x0000000082a00000, 0x0000000082a00000|100%| O|  |TAMS 0x0000000082a00000, 0x0000000082900000| Untracked 
|  42|0x0000000082a00000, 0x0000000082b00000, 0x0000000082b00000|100%| O|  |TAMS 0x0000000082b00000, 0x0000000082a00000| Untracked 
|  43|0x0000000082b00000, 0x0000000082bb8a00, 0x0000000082c00000| 72%| O|  |TAMS 0x0000000082bb8a00, 0x0000000082b00000| Untracked 
|  44|0x0000000082c00000, 0x0000000082c00000, 0x0000000082d00000|  0%| F|  |TAMS 0x0000000082c00000, 0x0000000082c00000| Untracked 
|  45|0x0000000082d00000, 0x0000000082e00000, 0x0000000082e00000|100%|HS|  |TAMS 0x0000000082e00000, 0x0000000082d00000| Complete 
|  46|0x0000000082e00000, 0x0000000082f00000, 0x0000000082f00000|100%|HC|  |TAMS 0x0000000082f00000, 0x0000000082e00000| Complete 
|  47|0x0000000082f00000, 0x0000000083000000, 0x0000000083000000|100%|HS|  |TAMS 0x0000000083000000, 0x0000000082f00000| Complete 
|  48|0x0000000083000000, 0x0000000083100000, 0x0000000083100000|100%|HC|  |TAMS 0x0000000083100000, 0x0000000083000000| Complete 
|  49|0x0000000083100000, 0x0000000083200000, 0x0000000083200000|100%|HC|  |TAMS 0x0000000083200000, 0x0000000083100000| Complete 
|  50|0x0000000083200000, 0x0000000083300000, 0x0000000083300000|100%|HC|  |TAMS 0x0000000083300000, 0x0000000083200000| Complete 
|  51|0x0000000083300000, 0x0000000083400000, 0x0000000083400000|100%|HC|  |TAMS 0x0000000083400000, 0x0000000083300000| Complete 
|  52|0x0000000083400000, 0x0000000083500000, 0x0000000083500000|100%|HC|  |TAMS 0x0000000083500000, 0x0000000083400000| Complete 
|  53|0x0000000083500000, 0x0000000083600000, 0x0000000083600000|100%|HS|  |TAMS 0x0000000083600000, 0x0000000083500000| Complete 
|  54|0x0000000083600000, 0x0000000083700000, 0x0000000083700000|100%| O|  |TAMS 0x0000000083700000, 0x0000000083600000| Untracked 
|  55|0x0000000083700000, 0x0000000083800000, 0x0000000083800000|100%| O|  |TAMS 0x0000000083800000, 0x0000000083700000| Untracked 
|  56|0x0000000083800000, 0x0000000083900000, 0x0000000083900000|100%| O|  |TAMS 0x0000000083900000, 0x0000000083800000| Untracked 
|  57|0x0000000083900000, 0x0000000083900000, 0x0000000083a00000|  0%| F|  |TAMS 0x0000000083900000, 0x0000000083900000| Untracked 
|  58|0x0000000083a00000, 0x0000000083a00000, 0x0000000083b00000|  0%| F|  |TAMS 0x0000000083a00000, 0x0000000083a00000| Untracked 
|  59|0x0000000083b00000, 0x0000000083b00000, 0x0000000083c00000|  0%| F|  |TAMS 0x0000000083b00000, 0x0000000083b00000| Untracked 
|  60|0x0000000083c00000, 0x0000000083c00000, 0x0000000083d00000|  0%| F|  |TAMS 0x0000000083c00000, 0x0000000083c00000| Untracked 
|  61|0x0000000083d00000, 0x0000000083d00000, 0x0000000083e00000|  0%| F|  |TAMS 0x0000000083d00000, 0x0000000083d00000| Untracked 
|  62|0x0000000083e00000, 0x0000000083e00000, 0x0000000083f00000|  0%| F|  |TAMS 0x0000000083e00000, 0x0000000083e00000| Untracked 
|  63|0x0000000083f00000, 0x0000000083f00000, 0x0000000084000000|  0%| F|  |TAMS 0x0000000083f00000, 0x0000000083f00000| Untracked 
|  64|0x0000000084000000, 0x0000000084000000, 0x0000000084100000|  0%| F|  |TAMS 0x0000000084000000, 0x0000000084000000| Untracked 
|  65|0x0000000084100000, 0x0000000084100000, 0x0000000084200000|  0%| F|  |TAMS 0x0000000084100000, 0x0000000084100000| Untracked 
|  66|0x0000000084200000, 0x0000000084200000, 0x0000000084300000|  0%| F|  |TAMS 0x0000000084200000, 0x0000000084200000| Untracked 
|  67|0x0000000084300000, 0x0000000084376918, 0x0000000084400000| 46%| S|CS|TAMS 0x0000000084300000, 0x0000000084300000| Complete 
|  68|0x0000000084400000, 0x0000000084400000, 0x0000000084500000|  0%| F|  |TAMS 0x0000000084400000, 0x0000000084400000| Untracked 
|  69|0x0000000084500000, 0x0000000084500000, 0x0000000084600000|  0%| F|  |TAMS 0x0000000084500000, 0x0000000084500000| Untracked 
|  70|0x0000000084600000, 0x0000000084600000, 0x0000000084700000|  0%| F|  |TAMS 0x0000000084600000, 0x0000000084600000| Untracked 
|  71|0x0000000084700000, 0x0000000084700000, 0x0000000084800000|  0%| F|  |TAMS 0x0000000084700000, 0x0000000084700000| Untracked 
|  72|0x0000000084800000, 0x0000000084800000, 0x0000000084900000|  0%| F|  |TAMS 0x0000000084800000, 0x0000000084800000| Untracked 
|  73|0x0000000084900000, 0x0000000084900000, 0x0000000084a00000|  0%| F|  |TAMS 0x0000000084900000, 0x0000000084900000| Untracked 
|  74|0x0000000084a00000, 0x0000000084a00000, 0x0000000084b00000|  0%| F|  |TAMS 0x0000000084a00000, 0x0000000084a00000| Untracked 
|  75|0x0000000084b00000, 0x0000000084b00000, 0x0000000084c00000|  0%| F|  |TAMS 0x0000000084b00000, 0x0000000084b00000| Untracked 
|  76|0x0000000084c00000, 0x0000000084c00000, 0x0000000084d00000|  0%| F|  |TAMS 0x0000000084c00000, 0x0000000084c00000| Untracked 
|  77|0x0000000084d00000, 0x0000000084d00000, 0x0000000084e00000|  0%| F|  |TAMS 0x0000000084d00000, 0x0000000084d00000| Untracked 
|  78|0x0000000084e00000, 0x0000000084e00000, 0x0000000084f00000|  0%| F|  |TAMS 0x0000000084e00000, 0x0000000084e00000| Untracked 
|  79|0x0000000084f00000, 0x0000000084f00000, 0x0000000085000000|  0%| F|  |TAMS 0x0000000084f00000, 0x0000000084f00000| Untracked 
|  80|0x0000000085000000, 0x0000000085000000, 0x0000000085100000|  0%| F|  |TAMS 0x0000000085000000, 0x0000000085000000| Untracked 
|  81|0x0000000085100000, 0x0000000085100000, 0x0000000085200000|  0%| F|  |TAMS 0x0000000085100000, 0x0000000085100000| Untracked 
|  82|0x0000000085200000, 0x0000000085200000, 0x0000000085300000|  0%| F|  |TAMS 0x0000000085200000, 0x0000000085200000| Untracked 
|  83|0x0000000085300000, 0x0000000085300000, 0x0000000085400000|  0%| F|  |TAMS 0x0000000085300000, 0x0000000085300000| Untracked 
|  84|0x0000000085400000, 0x0000000085400000, 0x0000000085500000|  0%| F|  |TAMS 0x0000000085400000, 0x0000000085400000| Untracked 
|  85|0x0000000085500000, 0x0000000085500000, 0x0000000085600000|  0%| F|  |TAMS 0x0000000085500000, 0x0000000085500000| Untracked 
|  86|0x0000000085600000, 0x0000000085600000, 0x0000000085700000|  0%| F|  |TAMS 0x0000000085600000, 0x0000000085600000| Untracked 
|  87|0x0000000085700000, 0x0000000085700000, 0x0000000085800000|  0%| F|  |TAMS 0x0000000085700000, 0x0000000085700000| Untracked 
|  88|0x0000000085800000, 0x0000000085800000, 0x0000000085900000|  0%| F|  |TAMS 0x0000000085800000, 0x0000000085800000| Untracked 
|  89|0x0000000085900000, 0x0000000085900000, 0x0000000085a00000|  0%| F|  |TAMS 0x0000000085900000, 0x0000000085900000| Untracked 
|  90|0x0000000085a00000, 0x0000000085a00000, 0x0000000085b00000|  0%| F|  |TAMS 0x0000000085a00000, 0x0000000085a00000| Untracked 
|  91|0x0000000085b00000, 0x0000000085b00000, 0x0000000085c00000|  0%| F|  |TAMS 0x0000000085b00000, 0x0000000085b00000| Untracked 
|  92|0x0000000085c00000, 0x0000000085c00000, 0x0000000085d00000|  0%| F|  |TAMS 0x0000000085c00000, 0x0000000085c00000| Untracked 
|  93|0x0000000085d00000, 0x0000000085d00000, 0x0000000085e00000|  0%| F|  |TAMS 0x0000000085d00000, 0x0000000085d00000| Untracked 
|  94|0x0000000085e00000, 0x0000000085e00000, 0x0000000085f00000|  0%| F|  |TAMS 0x0000000085e00000, 0x0000000085e00000| Untracked 
|  95|0x0000000085f00000, 0x0000000085f00000, 0x0000000086000000|  0%| F|  |TAMS 0x0000000085f00000, 0x0000000085f00000| Untracked 
|  96|0x0000000086000000, 0x0000000086000000, 0x0000000086100000|  0%| F|  |TAMS 0x0000000086000000, 0x0000000086000000| Untracked 
|  97|0x0000000086100000, 0x0000000086100000, 0x0000000086200000|  0%| F|  |TAMS 0x0000000086100000, 0x0000000086100000| Untracked 
|  98|0x0000000086200000, 0x0000000086200000, 0x0000000086300000|  0%| F|  |TAMS 0x0000000086200000, 0x0000000086200000| Untracked 
|  99|0x0000000086300000, 0x0000000086300000, 0x0000000086400000|  0%| F|  |TAMS 0x0000000086300000, 0x0000000086300000| Untracked 
| 100|0x0000000086400000, 0x0000000086480800, 0x0000000086500000| 50%| E|  |TAMS 0x0000000086400000, 0x0000000086400000| Complete 
| 101|0x0000000086500000, 0x0000000086600000, 0x0000000086600000|100%| E|CS|TAMS 0x0000000086500000, 0x0000000086500000| Complete 
| 102|0x0000000086600000, 0x0000000086700000, 0x0000000086700000|100%| E|CS|TAMS 0x0000000086600000, 0x0000000086600000| Complete 
| 103|0x0000000086700000, 0x0000000086800000, 0x0000000086800000|100%| E|CS|TAMS 0x0000000086700000, 0x0000000086700000| Complete 
| 104|0x0000000086800000, 0x0000000086900000, 0x0000000086900000|100%| E|CS|TAMS 0x0000000086800000, 0x0000000086800000| Complete 
| 105|0x0000000086900000, 0x0000000086a00000, 0x0000000086a00000|100%| E|CS|TAMS 0x0000000086900000, 0x0000000086900000| Complete 
| 106|0x0000000086a00000, 0x0000000086b00000, 0x0000000086b00000|100%| E|CS|TAMS 0x0000000086a00000, 0x0000000086a00000| Complete 
| 107|0x0000000086b00000, 0x0000000086c00000, 0x0000000086c00000|100%| E|CS|TAMS 0x0000000086b00000, 0x0000000086b00000| Complete 
| 108|0x0000000086c00000, 0x0000000086d00000, 0x0000000086d00000|100%| E|CS|TAMS 0x0000000086c00000, 0x0000000086c00000| Complete 
| 109|0x0000000086d00000, 0x0000000086e00000, 0x0000000086e00000|100%| E|CS|TAMS 0x0000000086d00000, 0x0000000086d00000| Complete 
| 110|0x0000000086e00000, 0x0000000086f00000, 0x0000000086f00000|100%| E|CS|TAMS 0x0000000086e00000, 0x0000000086e00000| Complete 
| 111|0x0000000086f00000, 0x0000000087000000, 0x0000000087000000|100%| E|CS|TAMS 0x0000000086f00000, 0x0000000086f00000| Complete 
| 112|0x0000000087000000, 0x0000000087100000, 0x0000000087100000|100%| E|CS|TAMS 0x0000000087000000, 0x0000000087000000| Complete 
| 113|0x0000000087100000, 0x0000000087200000, 0x0000000087200000|100%| E|CS|TAMS 0x0000000087100000, 0x0000000087100000| Complete 
| 114|0x0000000087200000, 0x0000000087300000, 0x0000000087300000|100%| E|CS|TAMS 0x0000000087200000, 0x0000000087200000| Complete 
| 115|0x0000000087300000, 0x0000000087400000, 0x0000000087400000|100%| E|CS|TAMS 0x0000000087300000, 0x0000000087300000| Complete 
| 116|0x0000000087400000, 0x0000000087500000, 0x0000000087500000|100%| E|CS|TAMS 0x0000000087400000, 0x0000000087400000| Complete 
| 117|0x0000000087500000, 0x0000000087600000, 0x0000000087600000|100%| E|CS|TAMS 0x0000000087500000, 0x0000000087500000| Complete 
| 118|0x0000000087600000, 0x0000000087700000, 0x0000000087700000|100%| E|CS|TAMS 0x0000000087600000, 0x0000000087600000| Complete 
| 119|0x0000000087700000, 0x0000000087800000, 0x0000000087800000|100%| E|CS|TAMS 0x0000000087700000, 0x0000000087700000| Complete 
| 120|0x0000000087800000, 0x0000000087900000, 0x0000000087900000|100%| E|CS|TAMS 0x0000000087800000, 0x0000000087800000| Complete 
| 121|0x0000000087900000, 0x0000000087a00000, 0x0000000087a00000|100%| E|CS|TAMS 0x0000000087900000, 0x0000000087900000| Complete 
| 122|0x0000000087a00000, 0x0000000087b00000, 0x0000000087b00000|100%| E|CS|TAMS 0x0000000087a00000, 0x0000000087a00000| Complete 
| 123|0x0000000087b00000, 0x0000000087c00000, 0x0000000087c00000|100%| E|CS|TAMS 0x0000000087b00000, 0x0000000087b00000| Complete 
| 124|0x0000000087c00000, 0x0000000087d00000, 0x0000000087d00000|100%| E|CS|TAMS 0x0000000087c00000, 0x0000000087c00000| Complete 
| 125|0x0000000087d00000, 0x0000000087e00000, 0x0000000087e00000|100%| E|CS|TAMS 0x0000000087d00000, 0x0000000087d00000| Complete 
| 126|0x0000000087e00000, 0x0000000087f00000, 0x0000000087f00000|100%| E|CS|TAMS 0x0000000087e00000, 0x0000000087e00000| Complete 
| 127|0x0000000087f00000, 0x0000000088000000, 0x0000000088000000|100%| E|CS|TAMS 0x0000000087f00000, 0x0000000087f00000| Complete 
| 128|0x0000000088000000, 0x0000000088100000, 0x0000000088100000|100%| E|CS|TAMS 0x0000000088000000, 0x0000000088000000| Complete 

Card table byte_map: [0x0000022325840000,0x0000022325c40000] _byte_map_base: 0x0000022325440000

Marking Bits (Prev, Next): (CMBitMap*) 0x0000022312fca230, (CMBitMap*) 0x0000022312fca1f0
 Prev Bits: [0x0000022328040000, 0x000002232a040000)
 Next Bits: [0x0000022326040000, 0x0000022328040000)

Polling page: 0x0000022310d60000

Metaspace:

Usage:
  Non-class:     32.89 MB used.
      Class:      5.14 MB used.
       Both:     38.03 MB used.

Virtual space:
  Non-class space:       40.00 MB reserved,      33.06 MB ( 83%) committed,  5 nodes.
      Class space:        1.00 GB reserved,       5.31 MB ( <1%) committed,  1 nodes.
             Both:        1.04 GB reserved,      38.38 MB (  4%) committed. 

Chunk freelists:
   Non-Class:  2.77 MB
       Class:  2.73 MB
        Both:  5.50 MB

MaxMetaspaceSize: unlimited
CompressedClassSpaceSize: 1.00 GB
Initial GC threshold: 21.00 MB
Current GC threshold: 53.75 MB
CDS: off
MetaspaceReclaimPolicy: balanced
 - commit_granule_bytes: 65536.
 - commit_granule_words: 8192.
 - virtual_space_node_default_size: 1048576.
 - enlarge_chunks_in_place: 1.
 - new_chunks_are_fully_committed: 0.
 - uncommit_free_chunks: 1.
 - use_allocation_guard: 0.
 - handle_deallocations: 1.


Internal statistics:

num_allocs_failed_limit: 3.
num_arena_births: 384.
num_arena_deaths: 0.
num_vsnodes_births: 6.
num_vsnodes_deaths: 0.
num_space_committed: 614.
num_space_uncommitted: 0.
num_chunks_returned_to_freelist: 3.
num_chunks_taken_from_freelist: 1535.
num_chunk_merges: 3.
num_chunk_splits: 978.
num_chunks_enlarged: 661.
num_purges: 0.
num_inconsistent_stats: 0.

CodeHeap 'non-profiled nmethods': size=120000Kb used=1936Kb max_used=1936Kb free=118063Kb
 bounds [0x000002231df10000, 0x000002231e180000, 0x0000022325440000]
CodeHeap 'profiled nmethods': size=120000Kb used=6741Kb max_used=6741Kb free=113258Kb
 bounds [0x0000022316440000, 0x0000022316ae0000, 0x000002231d970000]
CodeHeap 'non-nmethods': size=5760Kb used=1234Kb max_used=1312Kb free=4525Kb
 bounds [0x000002231d970000, 0x000002231dbe0000, 0x000002231df10000]
 total_blobs=3824 nmethods=3274 adapters=462
 compilation: enabled
              stopped_count=0, restarted_count=0
 full_count=0

Compilation events (20 events):
Event: 8.347 Thread 0x000002232d07b8d0 3268       3       java.lang.ClassValue$ClassValueMap::<init> (11 bytes)
Event: 8.348 Thread 0x000002232d07b8d0 nmethod 3268 0x0000022316ad1490 code [0x0000022316ad1660, 0x0000022316ad1858]
Event: 8.348 Thread 0x000002232d07b8d0 3270       3       org.codehaus.groovy.reflection.CachedMethod::isStatic (8 bytes)
Event: 8.348 Thread 0x000002232d07b8d0 nmethod 3270 0x0000022316ad1990 code [0x0000022316ad1b40, 0x0000022316ad1d38]
Event: 8.348 Thread 0x000002232d07b8d0 3269       3       java.lang.ClassValue$ClassValueMap::sizeCache (51 bytes)
Event: 8.348 Thread 0x000002232d07b8d0 nmethod 3269 0x0000022316ad1e10 code [0x0000022316ad1fe0, 0x0000022316ad2218]
Event: 8.348 Thread 0x000002232d07b8d0 3271       3       java.util.regex.Pattern$BitClass::is (22 bytes)
Event: 8.349 Thread 0x000002232d07b8d0 nmethod 3271 0x0000022316ad2310 code [0x0000022316ad24a0, 0x0000022316ad2678]
Event: 8.360 Thread 0x000002232d07b8d0 3272   !   3       java.nio.ByteBuffer::wrap (21 bytes)
Event: 8.360 Thread 0x000002232d07b8d0 nmethod 3272 0x0000022316ad2790 code [0x0000022316ad2940, 0x0000022316ad2bd8]
Event: 8.361 Thread 0x000002232d07b8d0 3273       3       jdk.internal.jimage.ImageBufferCache::getCapacity (21 bytes)
Event: 8.361 Thread 0x000002232d07b8d0 nmethod 3273 0x0000022316ad2d10 code [0x0000022316ad2ec0, 0x0000022316ad31c8]
Event: 8.361 Thread 0x000002232d07b8d0 3274       1       jdk.internal.jimage.decompressor.CompressedResourceHeader::getSize (3 bytes)
Event: 8.361 Thread 0x000002232d07b8d0 nmethod 3274 0x000002231e0e7d90 code [0x000002231e0e7f20, 0x000002231e0e7fd8]
Event: 8.362 Thread 0x000002232d07b8d0 3275       3       java.lang.PublicMethods::toArray (76 bytes)
Event: 8.362 Thread 0x000002232d07b8d0 nmethod 3275 0x0000022316ad3290 code [0x0000022316ad34a0, 0x0000022316ad3d38]
Event: 8.363 Thread 0x000002232d07b8d0 3276       3       java.util.Spliterators$ArraySpliterator::<init> (33 bytes)
Event: 8.363 Thread 0x000002232d07b8d0 nmethod 3276 0x0000022316ad3f90 code [0x0000022316ad4120, 0x0000022316ad42f8]
Event: 8.363 Thread 0x000002232d07b8d0 3277       3       java.util.Spliterators::spliterator (25 bytes)
Event: 8.364 Thread 0x000002232d07b8d0 nmethod 3277 0x0000022316ad4390 code [0x0000022316ad4560, 0x0000022316ad4998]

GC Heap History (20 events):
Event: 0.996 GC heap before
{Heap before GC invocations=0 (full 0):
 garbage-first heap   total 129024K, used 13312K [0x0000000080000000, 0x0000000100000000)
  region size 1024K, 13 young (13312K), 0 survivors (0K)
 Metaspace       used 7089K, committed 7296K, reserved 1056768K
  class space    used 608K, committed 704K, reserved 1048576K
}
Event: 1.001 GC heap after
{Heap after GC invocations=1 (full 0):
 garbage-first heap   total 129024K, used 3943K [0x0000000080000000, 0x0000000100000000)
  region size 1024K, 2 young (2048K), 2 survivors (2048K)
 Metaspace       used 7089K, committed 7296K, reserved 1056768K
  class space    used 608K, committed 704K, reserved 1048576K
}
Event: 1.757 GC heap before
{Heap before GC invocations=1 (full 0):
 garbage-first heap   total 129024K, used 23399K [0x0000000080000000, 0x0000000100000000)
  region size 1024K, 17 young (17408K), 2 survivors (2048K)
 Metaspace       used 11095K, committed 11264K, reserved 1064960K
  class space    used 1163K, committed 1280K, reserved 1048576K
}
Event: 1.762 GC heap after
{Heap after GC invocations=2 (full 0):
 garbage-first heap   total 129024K, used 10346K [0x0000000080000000, 0x0000000100000000)
  region size 1024K, 3 young (3072K), 3 survivors (3072K)
 Metaspace       used 11095K, committed 11264K, reserved 1064960K
  class space    used 1163K, committed 1280K, reserved 1048576K
}
Event: 2.157 GC heap before
{Heap before GC invocations=2 (full 0):
 garbage-first heap   total 129024K, used 31850K [0x0000000080000000, 0x0000000100000000)
  region size 1024K, 24 young (24576K), 3 survivors (3072K)
 Metaspace       used 11189K, committed 11392K, reserved 1064960K
  class space    used 1164K, committed 1280K, reserved 1048576K
}
Event: 2.162 GC heap after
{Heap after GC invocations=3 (full 0):
 garbage-first heap   total 129024K, used 12357K [0x0000000080000000, 0x0000000100000000)
  region size 1024K, 2 young (2048K), 2 survivors (2048K)
 Metaspace       used 11189K, committed 11392K, reserved 1064960K
  class space    used 1164K, committed 1280K, reserved 1048576K
}
Event: 3.854 GC heap before
{Heap before GC invocations=3 (full 0):
 garbage-first heap   total 129024K, used 50245K [0x0000000080000000, 0x0000000100000000)
  region size 1024K, 40 young (40960K), 2 survivors (2048K)
 Metaspace       used 21263K, committed 21504K, reserved 1073152K
  class space    used 2564K, committed 2688K, reserved 1048576K
}
Event: 3.864 GC heap after
{Heap after GC invocations=4 (full 0):
 garbage-first heap   total 129024K, used 18121K [0x0000000080000000, 0x0000000100000000)
  region size 1024K, 8 young (8192K), 8 survivors (8192K)
 Metaspace       used 21263K, committed 21504K, reserved 1073152K
  class space    used 2564K, committed 2688K, reserved 1048576K
}
Event: 5.135 GC heap before
{Heap before GC invocations=5 (full 0):
 garbage-first heap   total 68608K, used 49865K [0x0000000080000000, 0x0000000100000000)
  region size 1024K, 40 young (40960K), 8 survivors (8192K)
 Metaspace       used 26286K, committed 26624K, reserved 1073152K
  class space    used 3451K, committed 3584K, reserved 1048576K
}
Event: 5.146 GC heap after
{Heap after GC invocations=6 (full 0):
 garbage-first heap   total 68608K, used 20123K [0x0000000080000000, 0x0000000100000000)
  region size 1024K, 3 young (3072K), 3 survivors (3072K)
 Metaspace       used 26286K, committed 26624K, reserved 1073152K
  class space    used 3451K, committed 3584K, reserved 1048576K
}
Event: 5.190 GC heap before
{Heap before GC invocations=6 (full 0):
 garbage-first heap   total 68608K, used 21147K [0x0000000080000000, 0x0000000100000000)
  region size 1024K, 4 young (4096K), 3 survivors (3072K)
 Metaspace       used 26401K, committed 26752K, reserved 1073152K
  class space    used 3473K, committed 3648K, reserved 1048576K
}
Event: 5.194 GC heap after
{Heap after GC invocations=7 (full 0):
 garbage-first heap   total 68608K, used 20661K [0x0000000080000000, 0x0000000100000000)
  region size 1024K, 1 young (1024K), 1 survivors (1024K)
 Metaspace       used 26401K, committed 26752K, reserved 1073152K
  class space    used 3473K, committed 3648K, reserved 1048576K
}
Event: 6.494 GC heap before
{Heap before GC invocations=7 (full 0):
 garbage-first heap   total 68608K, used 50357K [0x0000000080000000, 0x0000000100000000)
  region size 1024K, 22 young (22528K), 1 survivors (1024K)
 Metaspace       used 29373K, committed 29696K, reserved 1081344K
  class space    used 3984K, committed 4160K, reserved 1048576K
}
Event: 6.505 GC heap after
{Heap after GC invocations=8 (full 0):
 garbage-first heap   total 68608K, used 35171K [0x0000000080000000, 0x0000000100000000)
  region size 1024K, 4 young (4096K), 4 survivors (4096K)
 Metaspace       used 29373K, committed 29696K, reserved 1081344K
  class space    used 3984K, committed 4160K, reserved 1048576K
}
Event: 7.021 GC heap before
{Heap before GC invocations=9 (full 0):
 garbage-first heap   total 78848K, used 67939K [0x0000000080000000, 0x0000000100000000)
  region size 1024K, 19 young (19456K), 4 survivors (4096K)
 Metaspace       used 31272K, committed 31680K, reserved 1081344K
  class space    used 4294K, committed 4480K, reserved 1048576K
}
Event: 7.028 GC heap after
{Heap after GC invocations=10 (full 0):
 garbage-first heap   total 78848K, used 56320K [0x0000000080000000, 0x0000000100000000)
  region size 1024K, 3 young (3072K), 3 survivors (3072K)
 Metaspace       used 31272K, committed 31680K, reserved 1081344K
  class space    used 4294K, committed 4480K, reserved 1048576K
}
Event: 7.052 GC heap before
{Heap before GC invocations=10 (full 0):
 garbage-first heap   total 78848K, used 57344K [0x0000000080000000, 0x0000000100000000)
  region size 1024K, 4 young (4096K), 3 survivors (3072K)
 Metaspace       used 31396K, committed 31808K, reserved 1081344K
  class space    used 4311K, committed 4480K, reserved 1048576K
}
Event: 7.056 GC heap after
{Heap after GC invocations=11 (full 0):
 garbage-first heap   total 78848K, used 56155K [0x0000000080000000, 0x0000000100000000)
  region size 1024K, 1 young (1024K), 1 survivors (1024K)
 Metaspace       used 31396K, committed 31808K, reserved 1081344K
  class space    used 4311K, committed 4480K, reserved 1048576K
}
Event: 7.334 GC heap before
{Heap before GC invocations=11 (full 0):
 garbage-first heap   total 78848K, used 64347K [0x0000000080000000, 0x0000000100000000)
  region size 1024K, 9 young (9216K), 1 survivors (1024K)
 Metaspace       used 32547K, committed 32896K, reserved 1081344K
  class space    used 4503K, committed 4672K, reserved 1048576K
}
Event: 7.338 GC heap after
{Heap after GC invocations=12 (full 0):
 garbage-first heap   total 132096K, used 56508K [0x0000000080000000, 0x0000000100000000)
  region size 1024K, 1 young (1024K), 1 survivors (1024K)
 Metaspace       used 32547K, committed 32896K, reserved 1081344K
  class space    used 4503K, committed 4672K, reserved 1048576K
}

Dll operation events (2 events):
Event: 0.038 Loaded shared library C:\Program Files\Android\Android Studio\jbr\bin\java.dll
Event: 0.957 Loaded shared library C:\Program Files\Android\Android Studio\jbr\bin\verify.dll

Deoptimization events (20 events):
Event: 7.892 Thread 0x00000223301fa420 Uncommon trap: trap_request=0xffffffc6 fr.pc=0x000002231e069e40 relative=0x0000000000000920
Event: 7.892 Thread 0x00000223301fa420 Uncommon trap: reason=bimorphic_or_optimized_type_check action=maybe_recompile pc=0x000002231e069e40 method=java.io.BufferedInputStream.read([BII)I @ 101 c2
Event: 7.892 Thread 0x00000223301fa420 DEOPT PACKING pc=0x000002231e069e40 sp=0x00000035945f7010
Event: 7.892 Thread 0x00000223301fa420 DEOPT UNPACKING pc=0x000002231d9c69a3 sp=0x00000035945f6fc8 mode 2
Event: 7.892 Thread 0x00000223301fa420 Uncommon trap: trap_request=0xffffffc6 fr.pc=0x000002231e069e40 relative=0x0000000000000920
Event: 7.892 Thread 0x00000223301fa420 Uncommon trap: reason=bimorphic_or_optimized_type_check action=maybe_recompile pc=0x000002231e069e40 method=java.io.BufferedInputStream.read([BII)I @ 101 c2
Event: 7.892 Thread 0x00000223301fa420 DEOPT PACKING pc=0x000002231e069e40 sp=0x00000035945f7010
Event: 7.892 Thread 0x00000223301fa420 DEOPT UNPACKING pc=0x000002231d9c69a3 sp=0x00000035945f6fc8 mode 2
Event: 7.893 Thread 0x00000223301fa420 Uncommon trap: trap_request=0xffffffc6 fr.pc=0x000002231e069e40 relative=0x0000000000000920
Event: 7.893 Thread 0x00000223301fa420 Uncommon trap: reason=bimorphic_or_optimized_type_check action=maybe_recompile pc=0x000002231e069e40 method=java.io.BufferedInputStream.read([BII)I @ 101 c2
Event: 7.893 Thread 0x00000223301fa420 DEOPT PACKING pc=0x000002231e069e40 sp=0x00000035945f7010
Event: 7.893 Thread 0x00000223301fa420 DEOPT UNPACKING pc=0x000002231d9c69a3 sp=0x00000035945f6fc8 mode 2
Event: 7.895 Thread 0x00000223301fa420 Uncommon trap: trap_request=0xffffffc6 fr.pc=0x000002231e069e40 relative=0x0000000000000920
Event: 7.895 Thread 0x00000223301fa420 Uncommon trap: reason=bimorphic_or_optimized_type_check action=maybe_recompile pc=0x000002231e069e40 method=java.io.BufferedInputStream.read([BII)I @ 101 c2
Event: 7.895 Thread 0x00000223301fa420 DEOPT PACKING pc=0x000002231e069e40 sp=0x00000035945f7010
Event: 7.895 Thread 0x00000223301fa420 DEOPT UNPACKING pc=0x000002231d9c69a3 sp=0x00000035945f6fc8 mode 2
Event: 7.939 Thread 0x00000223301fa420 Uncommon trap: trap_request=0xffffff45 fr.pc=0x000002231e0c12bc relative=0x00000000000005dc
Event: 7.939 Thread 0x00000223301fa420 Uncommon trap: reason=unstable_if action=reinterpret pc=0x000002231e0c12bc method=jdk.internal.org.objectweb.asm.MethodWriter.visitVarInsn(II)V @ 108 c2
Event: 7.939 Thread 0x00000223301fa420 DEOPT PACKING pc=0x000002231e0c12bc sp=0x00000035945f00e0
Event: 7.939 Thread 0x00000223301fa420 DEOPT UNPACKING pc=0x000002231d9c69a3 sp=0x00000035945f00a8 mode 2

Classes unloaded (0 events):
No events

Classes redefined (0 events):
No events

Internal exceptions (20 events):
Event: 6.683 Thread 0x00000223301fa420 Exception <a 'java/lang/NoSuchMethodError'{0x00000000853a1200}: static Lorg/gradle/tooling/internal/consumer/versioning/VersionDetails$R51VersionDetails;.<clinit>()V> (0x00000000853a1200) 
thrown [s\src\hotspot\share\prims\jni.cpp, line 1108]
Event: 6.717 Thread 0x00000223301fa420 Exception <a 'java/lang/NoSuchMethodError'{0x00000000852952e8}: 'java.lang.Object java.lang.invoke.DirectMethodHandle$Holder.newInvokeSpecial(java.lang.Object, java.lang.Object, int)'> (0x00000000852952e8) 
thrown [s\src\hotspot\share\interpreter\linkResolver.cpp, line 771]
Event: 7.029 Thread 0x00000223301fa420 Exception <a 'java/lang/NoSuchMethodError'{0x0000000087d00458}: 'java.lang.Object java.lang.invoke.DirectMethodHandle$Holder.invokeSpecialIFC(java.lang.Object, java.lang.Object, java.lang.Object, java.lang.Object)'> (0x0000000087d00458) 
thrown [s\src\hotspot\share\interpreter\linkResolver.cpp, line 771]
Event: 7.199 Thread 0x00000223301fa420 Implicit null exception at 0x000002231df65f13 to 0x000002231df6637c
Event: 7.285 Thread 0x00000223301fa420 Exception <a 'java/lang/NoSuchMethodError'{0x0000000084f68c48}: 'java.lang.Object java.lang.invoke.DirectMethodHandle$Holder.invokeSpecial(java.lang.Object, java.lang.Object, java.lang.Object, java.lang.Object, java.lang.Object, java.lang.Object, java.lang.Object, java.lang.Object, java.lang.Object, java.lang.Object, java.lang.Object, java.lang.Object, java.lang.Object)'> (0x0000000084f68c48) 
thrown [s\src\hotspot\share\interpreter\linkResolver.cpp, line 771]
Event: 7.286 Thread 0x00000223301fa420 Exception <a 'java/lang/NoSuchMethodError'{0x0000000084f7a858}: 'java.lang.Object java.lang.invoke.DirectMethodHandle$Holder.newInvokeSpecial(java.lang.Object, java.lang.Object, java.lang.Object, java.lang.Object, java.lang.Object, java.lang.Object, java.lang.Object, java.lang.Object, java.lang.Object, java.lang.Object, java.lang.Object)'> (0x0000000084f7a858) 
thrown [s\src\hotspot\share\interpreter\linkResolver.cpp, line 771]
Event: 7.288 Thread 0x00000223301fa420 Exception <a 'java/lang/NoSuchMethodError'{0x0000000084f7f8f0}: 'java.lang.Object java.lang.invoke.Invokers$Holder.linkToTargetMethod(java.lang.Object, java.lang.Object, java.lang.Object, java.lang.Object, java.lang.Object, java.lang.Object, java.lang.Object, java.lang.Object, java.lang.Object, java.lang.Object, java.lang.Object)'> (0x0000000084f7f8f0) 
thrown [s\src\hotspot\share\interpreter\linkResolver.cpp, line 771]
Event: 7.298 Thread 0x00000223301fa420 Exception <a 'java/lang/NoSuchMethodError'{0x0000000084fc9958}: 'java.lang.Object java.lang.invoke.DirectMethodHandle$Holder.invokeSpecial(java.lang.Object, java.lang.Object, java.lang.Object, java.lang.Object, java.lang.Object, java.lang.Object, java.lang.Object, java.lang.Object, java.lang.Object, java.lang.Object, java.lang.Object, java.lang.Object, java.lang.Object, java.lang.Object)'> (0x0000000084fc9958) 
thrown [s\src\hotspot\share\interpreter\linkResolver.cpp, line 771]
Event: 7.299 Thread 0x00000223301fa420 Exception <a 'java/lang/NoSuchMethodError'{0x0000000084fdbf80}: 'java.lang.Object java.lang.invoke.DirectMethodHandle$Holder.newInvokeSpecial(java.lang.Object, java.lang.Object, java.lang.Object, java.lang.Object, java.lang.Object, java.lang.Object, java.lang.Object, java.lang.Object, java.lang.Object, java.lang.Object, java.lang.Object, java.lang.Object)'> (0x0000000084fdbf80) 
thrown [s\src\hotspot\share\interpreter\linkResolver.cpp, line 771]
Event: 7.300 Thread 0x00000223301fa420 Exception <a 'java/lang/NoSuchMethodError'{0x0000000084fe1b70}: 'java.lang.Object java.lang.invoke.Invokers$Holder.linkToTargetMethod(java.lang.Object, java.lang.Object, java.lang.Object, java.lang.Object, java.lang.Object, java.lang.Object, java.lang.Object, java.lang.Object, java.lang.Object, java.lang.Object, java.lang.Object, java.lang.Object)'> (0x0000000084fe1b70) 
thrown [s\src\hotspot\share\interpreter\linkResolver.cpp, line 771]
Event: 7.318 Thread 0x00000223301fa420 Exception <a 'java/lang/NoSuchMethodError'{0x0000000084e7f950}: 'java.lang.Object java.lang.invoke.DirectMethodHandle$Holder.invokeStaticInit(java.lang.Object, java.lang.Object, java.lang.Object, java.lang.Object)'> (0x0000000084e7f950) 
thrown [s\src\hotspot\share\interpreter\linkResolver.cpp, line 771]
Event: 7.602 Thread 0x00000223301fa420 Exception <a 'java/lang/NoSuchMethodError'{0x00000000878ed288}: 'java.lang.Object java.lang.invoke.DirectMethodHandle$Holder.newInvokeSpecial(java.lang.Object, java.lang.Object, java.lang.Object, java.lang.Object, java.lang.Object, java.lang.Object, java.lang.Object, java.lang.Object)'> (0x00000000878ed288) 
thrown [s\src\hotspot\share\interpreter\linkResolver.cpp, line 771]
Event: 7.602 Thread 0x00000223301fa420 Exception <a 'java/lang/NoSuchMethodError'{0x00000000878f3068}: 'java.lang.Object java.lang.invoke.Invokers$Holder.linkToTargetMethod(java.lang.Object, java.lang.Object, java.lang.Object, java.lang.Object, java.lang.Object, java.lang.Object, java.lang.Object, java.lang.Object)'> (0x00000000878f3068) 
thrown [s\src\hotspot\share\interpreter\linkResolver.cpp, line 771]
Event: 7.613 Thread 0x00000223301fa420 Exception <a 'java/lang/IncompatibleClassChangeError'{0x0000000087756740}: Found class java.lang.Object, but interface was expected> (0x0000000087756740) 
thrown [s\src\hotspot\share\interpreter\linkResolver.cpp, line 838]
Event: 7.849 Thread 0x00000223301fa420 Exception <a 'java/lang/NoSuchMethodError'{0x0000000086fb5330}: 'java.lang.Object java.lang.invoke.DirectMethodHandle$Holder.invokeSpecial(java.lang.Object, java.lang.Object, java.lang.Object, int, java.lang.Object, java.lang.Object)'> (0x0000000086fb5330) 
thrown [s\src\hotspot\share\interpreter\linkResolver.cpp, line 771]
Event: 7.939 Thread 0x00000223301fa420 Implicit null exception at 0x000002231e0c0da0 to 0x000002231e0c12b0
Event: 7.992 Thread 0x00000223301fa420 Exception <a 'java/lang/NoSuchMethodError'{0x0000000086bfa430}: 'void java.lang.invoke.DirectMethodHandle$Holder.invokeStaticInit(java.lang.Object, java.lang.Object, java.lang.Object)'> (0x0000000086bfa430) 
thrown [s\src\hotspot\share\interpreter\linkResolver.cpp, line 771]
Event: 7.993 Thread 0x00000223301fa420 Exception <a 'java/lang/NoSuchMethodError'{0x0000000086a02038}: 'void java.lang.invoke.DirectMethodHandle$Holder.invokeStaticInit(java.lang.Object, java.lang.Object, java.lang.Object, java.lang.Object)'> (0x0000000086a02038) 
thrown [s\src\hotspot\share\interpreter\linkResolver.cpp, line 771]
Event: 7.997 Thread 0x00000223301fa420 Exception <a 'java/lang/NoSuchMethodError'{0x0000000086a24200}: 'void java.lang.invoke.DirectMethodHandle$Holder.invokeStaticInit(java.lang.Object, java.lang.Object, java.lang.Object, java.lang.Object, java.lang.Object)'> (0x0000000086a24200) 
thrown [s\src\hotspot\share\interpreter\linkResolver.cpp, line 771]
Event: 8.014 Thread 0x00000223301fa420 Exception <a 'java/lang/NoSuchMethodError'{0x0000000086a84738}: 'int java.lang.invoke.DirectMethodHandle$Holder.invokeStaticInit(java.lang.Object, java.lang.Object, java.lang.Object, java.lang.Object)'> (0x0000000086a84738) 
thrown [s\src\hotspot\share\interpreter\linkResolver.cpp, line 771]

VM Operations (20 events):
Event: 6.713 Executing VM operation: HandshakeAllThreads
Event: 6.713 Executing VM operation: HandshakeAllThreads done
Event: 6.838 Executing VM operation: HandshakeAllThreads
Event: 6.838 Executing VM operation: HandshakeAllThreads done
Event: 7.021 Executing VM operation: G1CollectForAllocation
Event: 7.029 Executing VM operation: G1CollectForAllocation done
Event: 7.052 Executing VM operation: G1CollectForAllocation
Event: 7.056 Executing VM operation: G1CollectForAllocation done
Event: 7.207 Executing VM operation: HandshakeAllThreads
Event: 7.207 Executing VM operation: HandshakeAllThreads done
Event: 7.334 Executing VM operation: G1CollectForAllocation
Event: 7.338 Executing VM operation: G1CollectForAllocation done
Event: 7.384 Executing VM operation: G1Concurrent
Event: 7.387 Executing VM operation: G1Concurrent done
Event: 7.407 Executing VM operation: G1Concurrent
Event: 7.407 Executing VM operation: G1Concurrent done
Event: 7.591 Executing VM operation: HandshakeAllThreads
Event: 7.592 Executing VM operation: HandshakeAllThreads done
Event: 7.929 Executing VM operation: HandshakeAllThreads
Event: 7.929 Executing VM operation: HandshakeAllThreads done

Events (20 events):
Event: 8.280 loading class java/time/format/ResolverStyle
Event: 8.280 loading class java/time/format/ResolverStyle done
Event: 8.345 loading class java/nio/file/WatchService
Event: 8.345 loading class java/nio/file/WatchService done
Event: 8.345 loading class java/nio/file/WatchEvent$Kind
Event: 8.345 loading class java/nio/file/WatchEvent$Kind done
Event: 8.345 loading class java/nio/file/WatchKey
Event: 8.346 loading class java/nio/file/WatchKey done
Event: 8.346 loading class java/nio/file/WatchEvent$Modifier
Event: 8.346 loading class java/nio/file/WatchEvent$Modifier done
Event: 8.367 loading class javax/swing/ListModel
Event: 8.368 loading class javax/swing/ListModel done
Event: 8.368 loading class javax/swing/tree/MutableTreeNode
Event: 8.368 loading class javax/swing/tree/TreeNode
Event: 8.369 loading class javax/swing/tree/TreeNode done
Event: 8.369 loading class javax/swing/tree/MutableTreeNode done
Event: 8.369 loading class javax/swing/JComboBox
Event: 8.370 loading class java/awt/ItemSelectable
Event: 8.372 loading class java/awt/ItemSelectable done
Event: 8.372 loading class javax/swing/event/ListDataListener


Dynamic libraries:
0x00007ff688fe0000 - 0x00007ff688fea000 	C:\Program Files\Android\Android Studio\jbr\bin\java.exe
0x00007ffaac2d0000 - 0x00007ffaac4c8000 	C:\WINDOWS\SYSTEM32\ntdll.dll
0x00007ffaaba40000 - 0x00007ffaabaff000 	C:\WINDOWS\System32\KERNEL32.DLL
0x00007ffaa9c30000 - 0x00007ffaa9f0a000 	C:\WINDOWS\System32\KERNELBASE.dll
0x00007ffaaa050000 - 0x00007ffaaa150000 	C:\WINDOWS\System32\ucrtbase.dll
0x00007ffa95c60000 - 0x00007ffa95c77000 	C:\Program Files\Android\Android Studio\jbr\bin\jli.dll
0x00007ffaaa3d0000 - 0x00007ffaaa56d000 	C:\WINDOWS\System32\USER32.dll
0x00007ffaa9b40000 - 0x00007ffaa9b62000 	C:\WINDOWS\System32\win32u.dll
0x00007ffaaa900000 - 0x00007ffaaa92b000 	C:\WINDOWS\System32\GDI32.dll
0x00007ffaaa220000 - 0x00007ffaaa330000 	C:\WINDOWS\System32\gdi32full.dll
0x00007ffaaa180000 - 0x00007ffaaa21d000 	C:\WINDOWS\System32\msvcp_win.dll
0x00007ffa96b70000 - 0x00007ffa96b8b000 	C:\Program Files\Android\Android Studio\jbr\bin\VCRUNTIME140.dll
0x00007ffa944a0000 - 0x00007ffa9473a000 	C:\WINDOWS\WinSxS\amd64_microsoft.windows.common-controls_6595b64144ccf1df_6.0.19041.1110_none_60b5254171f9507e\COMCTL32.dll
0x00007ffaaa570000 - 0x00007ffaaa60e000 	C:\WINDOWS\System32\msvcrt.dll
0x00007ffaaae10000 - 0x00007ffaaae40000 	C:\WINDOWS\System32\IMM32.DLL
0x00007ffaa0d90000 - 0x00007ffaa0d9c000 	C:\Program Files\Android\Android Studio\jbr\bin\vcruntime140_1.dll
0x00007ffa92030000 - 0x00007ffa920bd000 	C:\Program Files\Android\Android Studio\jbr\bin\msvcp140.dll
0x00007ffa59680000 - 0x00007ffa5a2ed000 	C:\Program Files\Android\Android Studio\jbr\bin\server\jvm.dll
0x00007ffaaad60000 - 0x00007ffaaae0e000 	C:\WINDOWS\System32\ADVAPI32.dll
0x00007ffaaaa70000 - 0x00007ffaaab0c000 	C:\WINDOWS\System32\sechost.dll
0x00007ffaac0b0000 - 0x00007ffaac1d6000 	C:\WINDOWS\System32\RPCRT4.dll
0x00007ffa90d30000 - 0x00007ffa90d39000 	C:\WINDOWS\SYSTEM32\WSOCK32.dll
0x00007ffaaab70000 - 0x00007ffaaabdb000 	C:\WINDOWS\System32\WS2_32.dll
0x00007ffa94740000 - 0x00007ffa94767000 	C:\WINDOWS\SYSTEM32\WINMM.dll
0x00007ffaa1700000 - 0x00007ffaa170a000 	C:\WINDOWS\SYSTEM32\VERSION.dll
0x00007ffaa81f0000 - 0x00007ffaa8202000 	C:\WINDOWS\SYSTEM32\kernel.appcore.dll
0x00007ffa9d3a0000 - 0x00007ffa9d3aa000 	C:\Program Files\Android\Android Studio\jbr\bin\jimage.dll
0x00007ffaa7710000 - 0x00007ffaa78f4000 	C:\WINDOWS\SYSTEM32\DBGHELP.DLL
0x00007ffa928b0000 - 0x00007ffa928e4000 	C:\WINDOWS\SYSTEM32\dbgcore.DLL
0x00007ffaa9fc0000 - 0x00007ffaaa042000 	C:\WINDOWS\System32\bcryptPrimitives.dll
0x00007ffa98170000 - 0x00007ffa98195000 	C:\Program Files\Android\Android Studio\jbr\bin\java.dll
0x00007ffa9ac70000 - 0x00007ffa9ac88000 	C:\Program Files\Android\Android Studio\jbr\bin\zip.dll
0x00007ffaab2f0000 - 0x00007ffaaba34000 	C:\WINDOWS\System32\SHELL32.dll
0x00007ffaa7a40000 - 0x00007ffaa81d3000 	C:\WINDOWS\SYSTEM32\windows.storage.dll
0x00007ffaaaec0000 - 0x00007ffaab214000 	C:\WINDOWS\System32\combase.dll
0x00007ffaa9440000 - 0x00007ffaa946e000 	C:\WINDOWS\SYSTEM32\Wldp.dll
0x00007ffaaabe0000 - 0x00007ffaaac8d000 	C:\WINDOWS\System32\SHCORE.dll
0x00007ffaaab10000 - 0x00007ffaaab65000 	C:\WINDOWS\System32\shlwapi.dll
0x00007ffaa9920000 - 0x00007ffaa993f000 	C:\WINDOWS\SYSTEM32\profapi.dll
0x00007ffa97e80000 - 0x00007ffa97e99000 	C:\Program Files\Android\Android Studio\jbr\bin\net.dll
0x00007ffa9edf0000 - 0x00007ffa9eefa000 	C:\WINDOWS\SYSTEM32\WINHTTP.dll
0x00007ffaa91a0000 - 0x00007ffaa920a000 	C:\WINDOWS\system32\mswsock.dll
0x00007ffa97b80000 - 0x00007ffa97b96000 	C:\Program Files\Android\Android Studio\jbr\bin\nio.dll
0x00007ffa96c90000 - 0x00007ffa96ca0000 	C:\Program Files\Android\Android Studio\jbr\bin\verify.dll
0x00007ffa95c30000 - 0x00007ffa95c57000 	C:\Users\leomorales\.gradle\native\68d5fa5c4cc2d200863cafc0d521ce42e7d3e7ee720ec0a83991735586a16f82\windows-amd64\native-platform.dll
0x00007ffa70990000 - 0x00007ffa70ad4000 	C:\Users\leomorales\.gradle\native\e376f236ea51e6404a007f0833ffe2c6e607c4080706a723a18a27aeea778392\windows-amd64\native-platform-file-events.dll
0x00007ffa9ab30000 - 0x00007ffa9ab39000 	C:\Program Files\Android\Android Studio\jbr\bin\management.dll
0x00007ffa9a910000 - 0x00007ffa9a91b000 	C:\Program Files\Android\Android Studio\jbr\bin\management_ext.dll
0x00007ffaaa3c0000 - 0x00007ffaaa3c8000 	C:\WINDOWS\System32\PSAPI.DLL
0x00007ffaa9390000 - 0x00007ffaa93a8000 	C:\WINDOWS\SYSTEM32\CRYPTSP.dll
0x00007ffaa8a10000 - 0x00007ffaa8a44000 	C:\WINDOWS\system32\rsaenh.dll
0x00007ffaaa150000 - 0x00007ffaaa177000 	C:\WINDOWS\System32\bcrypt.dll
0x00007ffaa98e0000 - 0x00007ffaa990e000 	C:\WINDOWS\SYSTEM32\USERENV.dll
0x00007ffaa93b0000 - 0x00007ffaa93bc000 	C:\WINDOWS\SYSTEM32\CRYPTBASE.dll
0x00007ffaa8e40000 - 0x00007ffaa8e7c000 	C:\WINDOWS\SYSTEM32\IPHLPAPI.DLL
0x00007ffaab280000 - 0x00007ffaab288000 	C:\WINDOWS\System32\NSI.dll
0x00007ffa9f6b0000 - 0x00007ffa9f6c7000 	C:\WINDOWS\SYSTEM32\dhcpcsvc6.DLL
0x00007ffaa0140000 - 0x00007ffaa015d000 	C:\WINDOWS\SYSTEM32\dhcpcsvc.DLL
0x00007ffaa8e90000 - 0x00007ffaa8f5b000 	C:\WINDOWS\SYSTEM32\DNSAPI.dll
0x00007ffa9d3b0000 - 0x00007ffa9d3b7000 	C:\WINDOWS\system32\wshunix.dll

dbghelp: loaded successfully - version: 4.0.5 - missing functions: none
symbol engine: initialized successfully - sym options: 0x614 - pdb path: .;C:\Program Files\Android\Android Studio\jbr\bin;C:\WINDOWS\SYSTEM32;C:\WINDOWS\WinSxS\amd64_microsoft.windows.common-controls_6595b64144ccf1df_6.0.19041.1110_none_60b5254171f9507e;C:\Program Files\Android\Android Studio\jbr\bin\server;C:\Users\leomorales\.gradle\native\68d5fa5c4cc2d200863cafc0d521ce42e7d3e7ee720ec0a83991735586a16f82\windows-amd64;C:\Users\leomorales\.gradle\native\e376f236ea51e6404a007f0833ffe2c6e607c4080706a723a18a27aeea778392\windows-amd64

VM Arguments:
jvm_args: --add-opens=java.base/java.util=ALL-UNNAMED --add-opens=java.base/java.lang=ALL-UNNAMED --add-opens=java.base/java.lang.invoke=ALL-UNNAMED --add-opens=java.prefs/java.util.prefs=ALL-UNNAMED --add-opens=java.base/java.nio.charset=ALL-UNNAMED --add-opens=java.base/java.net=ALL-UNNAMED --add-opens=java.base/java.util.concurrent.atomic=ALL-UNNAMED -Xmx2048m -Dfile.encoding=UTF-8 -Duser.country=AR -Duser.language=es -Duser.variant 
java_command: org.gradle.launcher.daemon.bootstrap.GradleDaemon 8.0
java_class_path (initial): C:\Users\leomorales\.gradle\wrapper\dists\gradle-8.0-bin\ca5e32bp14vu59qr306oxotwh\gradle-8.0\lib\gradle-launcher-8.0.jar
Launcher Type: SUN_STANDARD

[Global flags]
     intx CICompilerCount                          = 3                                         {product} {ergonomic}
     uint ConcGCThreads                            = 1                                         {product} {ergonomic}
     uint G1ConcRefinementThreads                  = 4                                         {product} {ergonomic}
   size_t G1HeapRegionSize                         = 1048576                                   {product} {ergonomic}
    uintx GCDrainStackTargetSize                   = 64                                        {product} {ergonomic}
   size_t InitialHeapSize                          = 132120576                                 {product} {ergonomic}
   size_t MarkStackSize                            = 4194304                                   {product} {ergonomic}
   size_t MaxHeapSize                              = 2147483648                                {product} {command line}
   size_t MaxNewSize                               = 1287651328                                {product} {ergonomic}
   size_t MinHeapDeltaBytes                        = 1048576                                   {product} {ergonomic}
   size_t MinHeapSize                              = 8388608                                   {product} {ergonomic}
    uintx NonNMethodCodeHeapSize                   = 5832780                                {pd product} {ergonomic}
    uintx NonProfiledCodeHeapSize                  = 122912730                              {pd product} {ergonomic}
    uintx ProfiledCodeHeapSize                     = 122912730                              {pd product} {ergonomic}
    uintx ReservedCodeCacheSize                    = 251658240                              {pd product} {ergonomic}
     bool SegmentedCodeCache                       = true                                      {product} {ergonomic}
   size_t SoftMaxHeapSize                          = 2147483648                             {manageable} {ergonomic}
     bool UseCompressedClassPointers               = true                           {product lp64_product} {ergonomic}
     bool UseCompressedOops                        = true                           {product lp64_product} {ergonomic}
     bool UseG1GC                                  = true                                      {product} {ergonomic}
     bool UseLargePagesIndividualAllocation        = false                                  {pd product} {ergonomic}

Logging:
Log output configuration:
 #0: stdout all=warning uptime,level,tags
 #1: stderr all=off uptime,level,tags

Environment Variables:
JAVA_HOME=C:\Program Files\OpenJDK\openjdk-8u262-b10
PATH=C:\Python311\Scripts\;C:\Python311\;C:\Program Files\Common Files\Oracle\Java\javapath;C:\Python38\Scripts\;C:\Python38\;C:\Python27\;C:\Python27\Scripts;C:\Program Files (x86)\Intel\Intel(R) Management Engine Components\iCLS\;C:\Program Files\Intel\Intel(R) Management Engine Components\iCLS\;C:\Program Files\Python37\Scripts\;C:\Program Files\Python37\;C:\Windows\system32;C:\Windows;C:\Windows\System32\Wbem;C:\Windows\System32\WindowsPowerShell\v1.0\;C:\WINDOWS\system32;C:\WINDOWS;C:\WINDOWS\System32\Wbem;C:\WINDOWS\System32\WindowsPowerShell\v1.0\;C:\WINDOWS\System32\OpenSSH\;C:\Program Files (x86)\NVIDIA Corporation\PhysX\Common;C:\Program Files (x86)\Intel\Intel(R) Management Engine Components\DAL;C:\Program Files\Intel\Intel(R) Management Engine Components\DAL;C:\Program Files (x86)\Intel\Intel(R) Management Engine Components\IPT;C:\Program Files\Intel\Intel(R) Management Engine Components\IPT;C:\Program Files\NVIDIA Corporation\NVIDIA NvDLISR;C:\ProgramData\Anaconda3\Scripts;C:\ProgramData\Anaconda3;C:\ProgramData\chocolatey\bin;C:\WINDOWS\system32;C:\WINDOWS;C:\WINDOWS\System32\Wbem;C:\WINDOWS\System32\WindowsPowerShell\v1.0\;C:\WINDOWS\System32\OpenSSH\;C:\Program Files\OpenJDK\openjdk-8u262-b10\bin;C:\Program Files (x86)\Yarn\bin\;C:\Program Files (x86)\Windows Live\Shared;C:\Users\leomorales\AppData\Roaming\nvm;C:\Program Files\nodejs;C:\Program Files\PuTTY\;C:\Program Files\nodejs\;C:\Program Files\Git\cmd;C:\Users\leomorales\AppData\Local\Microsoft\WindowsApps;C:\Users\leomorales\AppData\Local\Programs\Microsoft VS Code\bin;C:\Program Files\wkhtmltopdf\bin;C:\Users\leomorales\home\soft\cmder_mini;C:\Users\leomorales\home\soft\flutter\bin;C:\Program Files\MongoDB\Server\4.0\bin;C:\ProgramData\Anaconda3\Scripts;C:\Users\leomorales\AppData\Local\Programs\MiKTeX 2.9\miktex\bin\x64\;C:\Users\leomorales\AppData\Local\Android\Sdk\platform-tools;C:\Program Files\JetBrains\PyCharm Community Edition 2019.2.3\bin;;C:\Program Files\heroku\bin;C:\Users\leomorales\A
USERNAME=leomorales
OS=Windows_NT
PROCESSOR_IDENTIFIER=Intel64 Family 6 Model 142 Stepping 9, GenuineIntel
TMP=C:\Users\LEOMOR~1\AppData\Local\Temp
TEMP=C:\Users\LEOMOR~1\AppData\Local\Temp



---------------  S Y S T E M  ---------------

OS:
 Windows 10 , 64 bit Build 19041 (10.0.19041.2788)
OS uptime: 1 days 6:01 hours
Hyper-V role detected

CPU: total 4 (initial active 4) (2 cores per cpu, 2 threads per core) family 6 model 142 stepping 9 microcode 0xd6, cx8, cmov, fxsr, ht, mmx, 3dnowpref, sse, sse2, sse3, ssse3, sse4.1, sse4.2, popcnt, lzcnt, tsc, tscinvbit, avx, avx2, aes, erms, clmul, bmi1, bmi2, adx, fma, vzeroupper, clflush, clflushopt, hv

Memory: 4k page, system-wide physical 8043M (294M free)
TotalPageFile size 14043M (AvailPageFile size 4M)
current process WorkingSet (physical memory assigned to process): 247M, peak: 247M
current process commit charge ("private bytes"): 302M, peak: 305M

vm_info: OpenJDK 64-Bit Server VM (17.0.6+0-b2043.56-9586694) for windows-amd64 JRE (17.0.6+0-b2043.56-9586694), built on Feb  9 2023 20:06:20 by "androidbuild" with MS VC++ 16.10 / 16.11 (VS2019)

END.
