#
# There is insufficient memory for the Java Runtime Environment to continue.
# Native memory allocation (malloc) failed to allocate 1567856 bytes for Chunk::new
# Possible reasons:
#   The system is out of physical RAM or swap space
#   The process is running with CompressedOops enabled, and the Java Heap may be blocking the growth of the native heap
# Possible solutions:
#   Reduce memory load on the system
#   Increase physical memory or swap space
#   Check if swap backing store is full
#   Decrease Java heap size (-Xmx/-Xms)
#   Decrease number of Java threads
#   Decrease Java thread stack sizes (-Xss)
#   Set larger code cache with -XX:ReservedCodeCacheSize=
#   JVM is running with Unscaled Compressed Oops mode in which the Java heap is
#     placed in the first 4GB address space. The Java Heap base address is the
#     maximum limit for the native heap growth. Please use -XX:HeapBaseMinAddress
#     to set the Java Heap base and to place the Java Heap above 4GB virtual address.
# This output file may be truncated or incomplete.
#
#  Out of Memory Error (arena.cpp:189), pid=6648, tid=4544
#
# JRE version: OpenJDK Runtime Environment (17.0.6) (build 17.0.6+0-b2043.56-9586694)
# Java VM: OpenJDK 64-Bit Server VM (17.0.6+0-b2043.56-9586694, mixed mode, tiered, compressed oops, compressed class ptrs, g1 gc, windows-amd64)
# No core dump will be written. Minidumps are not enabled by default on client versions of Windows
#

---------------  S U M M A R Y ------------

Command Line: org.jetbrains.kotlin.cli.jvm.K2JVMCompiler @C:\Users\leomorales\code\android\tnt-2023\Compose\WICCapp\app\build\20230428_15635726608568080577.compiler.options

Host: Intel(R) Core(TM) i5-7200U CPU @ 2.50GHz, 4 cores, 7G,  Windows 10 , 64 bit Build 19041 (10.0.19041.2788)
Time: Fri Apr 28 17:31:26 2023 Hora estándar de Argentina elapsed time: 17.310676 seconds (0d 0h 0m 17s)

---------------  T H R E A D  ---------------

Current thread (0x0000021ec402a040):  JavaThread "C2 CompilerThread0" daemon [_thread_in_native, id=4544, stack(0x0000006630900000,0x0000006630a00000)]


Current CompileTask:
C2:  17310 12609       4       org.jetbrains.kotlin.types.AbstractTypeMapper::mapType (540 bytes)

Stack: [0x0000006630900000,0x0000006630a00000]
Native frames: (J=compiled Java code, j=interpreted, Vv=VM code, C=native code)
V  [jvm.dll+0x683b4a]
V  [jvm.dll+0x842654]
V  [jvm.dll+0x843dfe]
V  [jvm.dll+0x844463]
V  [jvm.dll+0x249b75]
V  [jvm.dll+0xabcac]
V  [jvm.dll+0xac27c]
V  [jvm.dll+0x368802]
V  [jvm.dll+0x332f31]
V  [jvm.dll+0x3323da]
V  [jvm.dll+0x21c201]
V  [jvm.dll+0x21b621]
V  [jvm.dll+0x1a4fdd]
V  [jvm.dll+0x22b098]
V  [jvm.dll+0x229159]
V  [jvm.dll+0x7f809c]
V  [jvm.dll+0x7f25fa]
V  [jvm.dll+0x682985]
C  [ucrtbase.dll+0x21bb2]
C  [KERNEL32.DLL+0x17604]
C  [ntdll.dll+0x526a1]


---------------  P R O C E S S  ---------------

Threads class SMR info:
_java_thread_list=0x0000021ecb6bf000, length=12, elements={
0x0000021eaa0bcb20, 0x0000021ec3540380, 0x0000021ec3542480, 0x0000021ec40224d0,
0x0000021ec4022d90, 0x0000021ec4025ff0, 0x0000021ec4027140, 0x0000021ec402a040,
0x0000021ec4034ea0, 0x0000021ec4037f50, 0x0000021ec418eb70, 0x0000021ec4199e40
}

Java Threads: ( => current thread )
  0x0000021eaa0bcb20 JavaThread "main" [_thread_in_Java, id=4880, stack(0x000000662fc00000,0x000000662fd00000)]
  0x0000021ec3540380 JavaThread "Reference Handler" daemon [_thread_blocked, id=6464, stack(0x0000006630300000,0x0000006630400000)]
  0x0000021ec3542480 JavaThread "Finalizer" daemon [_thread_blocked, id=12068, stack(0x0000006630400000,0x0000006630500000)]
  0x0000021ec40224d0 JavaThread "Signal Dispatcher" daemon [_thread_blocked, id=3616, stack(0x0000006630500000,0x0000006630600000)]
  0x0000021ec4022d90 JavaThread "Attach Listener" daemon [_thread_blocked, id=15728, stack(0x0000006630600000,0x0000006630700000)]
  0x0000021ec4025ff0 JavaThread "Service Thread" daemon [_thread_blocked, id=11804, stack(0x0000006630700000,0x0000006630800000)]
  0x0000021ec4027140 JavaThread "Monitor Deflation Thread" daemon [_thread_blocked, id=2236, stack(0x0000006630800000,0x0000006630900000)]
=>0x0000021ec402a040 JavaThread "C2 CompilerThread0" daemon [_thread_in_native, id=4544, stack(0x0000006630900000,0x0000006630a00000)]
  0x0000021ec4034ea0 JavaThread "C1 CompilerThread0" daemon [_thread_in_vm, id=13112, stack(0x0000006630a00000,0x0000006630b00000)]
  0x0000021ec4037f50 JavaThread "Sweeper thread" daemon [_thread_blocked, id=11456, stack(0x0000006630b00000,0x0000006630c00000)]
  0x0000021ec418eb70 JavaThread "Notification Thread" daemon [_thread_blocked, id=5248, stack(0x0000006630c00000,0x0000006630d00000)]
  0x0000021ec4199e40 JavaThread "Common-Cleaner" daemon [_thread_blocked, id=11292, stack(0x0000006630e00000,0x0000006630f00000)]

Other Threads:
  0x0000021ec351e450 VMThread "VM Thread" [stack: 0x0000006630200000,0x0000006630300000] [id=13948]
  0x0000021eaa12d6d0 WatcherThread [stack: 0x0000006630d00000,0x0000006630e00000] [id=11008]
  0x0000021eaa119fe0 GCTaskThread "GC Thread#0" [stack: 0x000000662fd00000,0x000000662fe00000] [id=12028]
  0x0000021ec4558900 GCTaskThread "GC Thread#1" [stack: 0x0000006631000000,0x0000006631100000] [id=15264]
  0x0000021ec4558bb0 GCTaskThread "GC Thread#2" [stack: 0x0000006631100000,0x0000006631200000] [id=13252]
  0x0000021ec45d9c50 GCTaskThread "GC Thread#3" [stack: 0x0000006631200000,0x0000006631300000] [id=1432]
  0x0000021eaa12aaa0 ConcurrentGCThread "G1 Main Marker" [stack: 0x000000662fe00000,0x000000662ff00000] [id=10124]
  0x0000021eaa12bc50 ConcurrentGCThread "G1 Conc#0" [stack: 0x000000662ff00000,0x0000006630000000] [id=11836]
  0x0000021eaa182730 ConcurrentGCThread "G1 Refine#0" [stack: 0x0000006630000000,0x0000006630100000] [id=9680]
  0x0000021ec807af10 ConcurrentGCThread "G1 Refine#1" [stack: 0x0000006631300000,0x0000006631400000] [id=14940]
  0x0000021ec807b1f0 ConcurrentGCThread "G1 Refine#2" [stack: 0x0000006631400000,0x0000006631500000] [id=15776]
  0x0000021eaa183150 ConcurrentGCThread "G1 Service" [stack: 0x0000006630100000,0x0000006630200000] [id=4448]

Threads with active compile tasks:
C2 CompilerThread0    17339 12609       4       org.jetbrains.kotlin.types.AbstractTypeMapper::mapType (540 bytes)
C1 CompilerThread0    17339 12787       2       org.jetbrains.kotlin.codegen.inline.InlineCodegen$Companion::isBackwardsJump (375 bytes)

VM state: not at safepoint (normal execution)

VM Mutex/Monitor currently owned by a thread: None

Heap address: 0x0000000082400000, size: 2012 MB, Compressed Oops mode: 32-bit

CDS archive(s) not mapped
Compressed class space mapped at: 0x0000000100000000-0x0000000140000000, reserved size: 1073741824
Narrow klass base: 0x0000000000000000, Narrow klass shift: 3, Narrow klass range: 0x140000000

GC Precious Log:
 CPUs: 4 total, 4 available
 Memory: 8043M
 Large Page Support: Disabled
 NUMA Support: Disabled
 Compressed Oops: Enabled (32-bit)
 Heap Region Size: 1M
 Heap Min Capacity: 8M
 Heap Initial Capacity: 126M
 Heap Max Capacity: 2012M
 Pre-touch: Disabled
 Parallel Workers: 4
 Concurrent Workers: 1
 Concurrent Refinement Workers: 4
 Periodic GC: Disabled

Heap:
 garbage-first heap   total 182272K, used 101618K [0x0000000082400000, 0x0000000100000000)
  region size 1024K, 33 young (33792K), 5 survivors (5120K)
 Metaspace       used 83829K, committed 84224K, reserved 1130496K
  class space    used 9268K, committed 9472K, reserved 1048576K

Heap Regions: E=young(eden), S=young(survivor), O=old, HS=humongous(starts), HC=humongous(continues), CS=collection set, F=free, OA=open archive, CA=closed archive, TAMS=top-at-mark-start (previous, next)
|   0|0x0000000082400000, 0x0000000082500000, 0x0000000082500000|100%|HS|  |TAMS 0x0000000082500000, 0x0000000082400000| Complete 
|   1|0x0000000082500000, 0x0000000082600000, 0x0000000082600000|100%|HC|  |TAMS 0x0000000082600000, 0x0000000082500000| Complete 
|   2|0x0000000082600000, 0x0000000082700000, 0x0000000082700000|100%|HC|  |TAMS 0x0000000082700000, 0x0000000082600000| Complete 
|   3|0x0000000082700000, 0x0000000082800000, 0x0000000082800000|100%|HC|  |TAMS 0x0000000082800000, 0x0000000082700000| Complete 
|   4|0x0000000082800000, 0x0000000082900000, 0x0000000082900000|100%| O|  |TAMS 0x0000000082900000, 0x0000000082800000| Untracked 
|   5|0x0000000082900000, 0x0000000082a00000, 0x0000000082a00000|100%| O|  |TAMS 0x0000000082a00000, 0x0000000082900000| Untracked 
|   6|0x0000000082a00000, 0x0000000082b00000, 0x0000000082b00000|100%| O|  |TAMS 0x0000000082b00000, 0x0000000082a00000| Untracked 
|   7|0x0000000082b00000, 0x0000000082c00000, 0x0000000082c00000|100%|HS|  |TAMS 0x0000000082c00000, 0x0000000082b00000| Complete 
|   8|0x0000000082c00000, 0x0000000082d00000, 0x0000000082d00000|100%|HC|  |TAMS 0x0000000082d00000, 0x0000000082c00000| Complete 
|   9|0x0000000082d00000, 0x0000000082e00000, 0x0000000082e00000|100%|HC|  |TAMS 0x0000000082e00000, 0x0000000082d00000| Complete 
|  10|0x0000000082e00000, 0x0000000082f00000, 0x0000000082f00000|100%|HC|  |TAMS 0x0000000082f00000, 0x0000000082e00000| Complete 
|  11|0x0000000082f00000, 0x0000000083000000, 0x0000000083000000|100%| O|  |TAMS 0x0000000083000000, 0x0000000082f00000| Untracked 
|  12|0x0000000083000000, 0x0000000083100000, 0x0000000083100000|100%| O|  |TAMS 0x0000000083100000, 0x0000000083000000| Untracked 
|  13|0x0000000083100000, 0x0000000083200000, 0x0000000083200000|100%| O|  |TAMS 0x0000000083200000, 0x0000000083100000| Untracked 
|  14|0x0000000083200000, 0x0000000083300000, 0x0000000083300000|100%| O|  |TAMS 0x0000000083300000, 0x0000000083200000| Untracked 
|  15|0x0000000083300000, 0x0000000083400000, 0x0000000083400000|100%| O|  |TAMS 0x0000000083400000, 0x0000000083300000| Untracked 
|  16|0x0000000083400000, 0x0000000083500000, 0x0000000083500000|100%| O|  |TAMS 0x0000000083500000, 0x0000000083400000| Untracked 
|  17|0x0000000083500000, 0x0000000083600000, 0x0000000083600000|100%| O|  |TAMS 0x0000000083600000, 0x0000000083500000| Untracked 
|  18|0x0000000083600000, 0x0000000083700000, 0x0000000083700000|100%| O|  |TAMS 0x0000000083700000, 0x0000000083600000| Untracked 
|  19|0x0000000083700000, 0x0000000083800000, 0x0000000083800000|100%| O|  |TAMS 0x0000000083800000, 0x0000000083700000| Untracked 
|  20|0x0000000083800000, 0x0000000083900000, 0x0000000083900000|100%| O|  |TAMS 0x0000000083900000, 0x0000000083800000| Untracked 
|  21|0x0000000083900000, 0x0000000083a00000, 0x0000000083a00000|100%| O|  |TAMS 0x0000000083a00000, 0x0000000083900000| Untracked 
|  22|0x0000000083a00000, 0x0000000083b00000, 0x0000000083b00000|100%| O|  |TAMS 0x0000000083b00000, 0x0000000083a00000| Untracked 
|  23|0x0000000083b00000, 0x0000000083c00000, 0x0000000083c00000|100%| O|  |TAMS 0x0000000083c00000, 0x0000000083b00000| Untracked 
|  24|0x0000000083c00000, 0x0000000083d00000, 0x0000000083d00000|100%| O|  |TAMS 0x0000000083d00000, 0x0000000083c00000| Untracked 
|  25|0x0000000083d00000, 0x0000000083e00000, 0x0000000083e00000|100%| O|  |TAMS 0x0000000083e00000, 0x0000000083d00000| Untracked 
|  26|0x0000000083e00000, 0x0000000083f00000, 0x0000000083f00000|100%| O|  |TAMS 0x0000000083f00000, 0x0000000083e00000| Untracked 
|  27|0x0000000083f00000, 0x0000000084000000, 0x0000000084000000|100%|HS|  |TAMS 0x0000000084000000, 0x0000000083f00000| Complete 
|  28|0x0000000084000000, 0x0000000084100000, 0x0000000084100000|100%|HC|  |TAMS 0x0000000084100000, 0x0000000084000000| Complete 
|  29|0x0000000084100000, 0x0000000084200000, 0x0000000084200000|100%| O|  |TAMS 0x0000000084200000, 0x0000000084100000| Untracked 
|  30|0x0000000084200000, 0x0000000084300000, 0x0000000084300000|100%| O|  |TAMS 0x0000000084300000, 0x0000000084200000| Untracked 
|  31|0x0000000084300000, 0x0000000084400000, 0x0000000084400000|100%| O|  |TAMS 0x0000000084400000, 0x0000000084300000| Untracked 
|  32|0x0000000084400000, 0x0000000084500000, 0x0000000084500000|100%| O|  |TAMS 0x0000000084500000, 0x0000000084400000| Untracked 
|  33|0x0000000084500000, 0x0000000084600000, 0x0000000084600000|100%| O|  |TAMS 0x0000000084600000, 0x0000000084500000| Untracked 
|  34|0x0000000084600000, 0x0000000084700000, 0x0000000084700000|100%| O|  |TAMS 0x0000000084700000, 0x0000000084600000| Untracked 
|  35|0x0000000084700000, 0x0000000084800000, 0x0000000084800000|100%| O|  |TAMS 0x0000000084800000, 0x0000000084700000| Untracked 
|  36|0x0000000084800000, 0x0000000084900000, 0x0000000084900000|100%| O|  |TAMS 0x0000000084900000, 0x0000000084800000| Untracked 
|  37|0x0000000084900000, 0x0000000084a00000, 0x0000000084a00000|100%| O|  |TAMS 0x0000000084a00000, 0x0000000084900000| Untracked 
|  38|0x0000000084a00000, 0x0000000084b00000, 0x0000000084b00000|100%| O|  |TAMS 0x0000000084b00000, 0x0000000084a00000| Untracked 
|  39|0x0000000084b00000, 0x0000000084c00000, 0x0000000084c00000|100%| O|  |TAMS 0x0000000084c00000, 0x0000000084b00000| Untracked 
|  40|0x0000000084c00000, 0x0000000084d00000, 0x0000000084d00000|100%| O|  |TAMS 0x0000000084d00000, 0x0000000084c00000| Untracked 
|  41|0x0000000084d00000, 0x0000000084e00000, 0x0000000084e00000|100%| O|  |TAMS 0x0000000084e00000, 0x0000000084d00000| Untracked 
|  42|0x0000000084e00000, 0x0000000084f00000, 0x0000000084f00000|100%| O|  |TAMS 0x0000000084f00000, 0x0000000084e00000| Untracked 
|  43|0x0000000084f00000, 0x0000000085000000, 0x0000000085000000|100%| O|  |TAMS 0x0000000085000000, 0x0000000084f00000| Untracked 
|  44|0x0000000085000000, 0x0000000085100000, 0x0000000085100000|100%| O|  |TAMS 0x0000000085100000, 0x0000000085000000| Untracked 
|  45|0x0000000085100000, 0x0000000085200000, 0x0000000085200000|100%| O|  |TAMS 0x0000000085200000, 0x0000000085100000| Untracked 
|  46|0x0000000085200000, 0x0000000085300000, 0x0000000085300000|100%| O|  |TAMS 0x0000000085300000, 0x0000000085200000| Untracked 
|  47|0x0000000085300000, 0x0000000085400000, 0x0000000085400000|100%| O|  |TAMS 0x0000000085400000, 0x0000000085300000| Untracked 
|  48|0x0000000085400000, 0x0000000085500000, 0x0000000085500000|100%| O|  |TAMS 0x0000000085500000, 0x0000000085400000| Untracked 
|  49|0x0000000085500000, 0x0000000085600000, 0x0000000085600000|100%| O|  |TAMS 0x0000000085600000, 0x0000000085500000| Untracked 
|  50|0x0000000085600000, 0x0000000085700000, 0x0000000085700000|100%| O|  |TAMS 0x0000000085700000, 0x0000000085600000| Untracked 
|  51|0x0000000085700000, 0x0000000085800000, 0x0000000085800000|100%| O|  |TAMS 0x0000000085800000, 0x0000000085700000| Untracked 
|  52|0x0000000085800000, 0x0000000085900000, 0x0000000085900000|100%| O|  |TAMS 0x0000000085880000, 0x0000000085800000| Untracked 
|  53|0x0000000085900000, 0x0000000085a00000, 0x0000000085a00000|100%| O|  |TAMS 0x0000000085900000, 0x0000000085900000| Untracked 
|  54|0x0000000085a00000, 0x0000000085b00000, 0x0000000085b00000|100%| O|  |TAMS 0x0000000085a00000, 0x0000000085a00000| Untracked 
|  55|0x0000000085b00000, 0x0000000085c00000, 0x0000000085c00000|100%| O|  |TAMS 0x0000000085b00000, 0x0000000085b00000| Untracked 
|  56|0x0000000085c00000, 0x0000000085d00000, 0x0000000085d00000|100%| O|  |TAMS 0x0000000085c00000, 0x0000000085c00000| Untracked 
|  57|0x0000000085d00000, 0x0000000085e00000, 0x0000000085e00000|100%| O|  |TAMS 0x0000000085d00000, 0x0000000085d00000| Untracked 
|  58|0x0000000085e00000, 0x0000000085f00000, 0x0000000085f00000|100%| O|  |TAMS 0x0000000085e00000, 0x0000000085e00000| Untracked 
|  59|0x0000000085f00000, 0x0000000086000000, 0x0000000086000000|100%| O|  |TAMS 0x0000000085f00000, 0x0000000085f00000| Untracked 
|  60|0x0000000086000000, 0x0000000086100000, 0x0000000086100000|100%| O|  |TAMS 0x0000000086000000, 0x0000000086000000| Untracked 
|  61|0x0000000086100000, 0x0000000086200000, 0x0000000086200000|100%| O|  |TAMS 0x0000000086100000, 0x0000000086100000| Untracked 
|  62|0x0000000086200000, 0x0000000086300000, 0x0000000086300000|100%| O|  |TAMS 0x0000000086200000, 0x0000000086200000| Untracked 
|  63|0x0000000086300000, 0x0000000086400000, 0x0000000086400000|100%| O|  |TAMS 0x0000000086300000, 0x0000000086300000| Untracked 
|  64|0x0000000086400000, 0x0000000086500000, 0x0000000086500000|100%| O|  |TAMS 0x0000000086400000, 0x0000000086400000| Untracked 
|  65|0x0000000086500000, 0x0000000086600000, 0x0000000086600000|100%| O|  |TAMS 0x0000000086500000, 0x0000000086500000| Untracked 
|  66|0x0000000086600000, 0x0000000086700000, 0x0000000086700000|100%| O|  |TAMS 0x0000000086600000, 0x0000000086600000| Untracked 
|  67|0x0000000086700000, 0x00000000867be600, 0x0000000086800000| 74%| O|  |TAMS 0x0000000086700000, 0x0000000086700000| Untracked 
|  68|0x0000000086800000, 0x0000000086800000, 0x0000000086900000|  0%| F|  |TAMS 0x0000000086800000, 0x0000000086800000| Untracked 
|  69|0x0000000086900000, 0x0000000086900000, 0x0000000086a00000|  0%| F|  |TAMS 0x0000000086900000, 0x0000000086900000| Untracked 
|  70|0x0000000086a00000, 0x0000000086a00000, 0x0000000086b00000|  0%| F|  |TAMS 0x0000000086a00000, 0x0000000086a00000| Untracked 
|  71|0x0000000086b00000, 0x0000000086b00000, 0x0000000086c00000|  0%| F|  |TAMS 0x0000000086b00000, 0x0000000086b00000| Untracked 
|  72|0x0000000086c00000, 0x0000000086c00000, 0x0000000086d00000|  0%| F|  |TAMS 0x0000000086c00000, 0x0000000086c00000| Untracked 
|  73|0x0000000086d00000, 0x0000000086d00000, 0x0000000086e00000|  0%| F|  |TAMS 0x0000000086d00000, 0x0000000086d00000| Untracked 
|  74|0x0000000086e00000, 0x0000000086e00000, 0x0000000086f00000|  0%| F|  |TAMS 0x0000000086e00000, 0x0000000086e00000| Untracked 
|  75|0x0000000086f00000, 0x0000000086f00000, 0x0000000087000000|  0%| F|  |TAMS 0x0000000086f00000, 0x0000000086f00000| Untracked 
|  76|0x0000000087000000, 0x0000000087000000, 0x0000000087100000|  0%| F|  |TAMS 0x0000000087000000, 0x0000000087000000| Untracked 
|  77|0x0000000087100000, 0x0000000087100000, 0x0000000087200000|  0%| F|  |TAMS 0x0000000087100000, 0x0000000087100000| Untracked 
|  78|0x0000000087200000, 0x0000000087200000, 0x0000000087300000|  0%| F|  |TAMS 0x0000000087200000, 0x0000000087200000| Untracked 
|  79|0x0000000087300000, 0x0000000087300000, 0x0000000087400000|  0%| F|  |TAMS 0x0000000087300000, 0x0000000087300000| Untracked 
|  80|0x0000000087400000, 0x0000000087400000, 0x0000000087500000|  0%| F|  |TAMS 0x0000000087400000, 0x0000000087400000| Untracked 
|  81|0x0000000087500000, 0x0000000087500000, 0x0000000087600000|  0%| F|  |TAMS 0x0000000087500000, 0x0000000087500000| Untracked 
|  82|0x0000000087600000, 0x0000000087600000, 0x0000000087700000|  0%| F|  |TAMS 0x0000000087600000, 0x0000000087600000| Untracked 
|  83|0x0000000087700000, 0x0000000087700000, 0x0000000087800000|  0%| F|  |TAMS 0x0000000087700000, 0x0000000087700000| Untracked 
|  84|0x0000000087800000, 0x0000000087800000, 0x0000000087900000|  0%| F|  |TAMS 0x0000000087800000, 0x0000000087800000| Untracked 
|  85|0x0000000087900000, 0x0000000087900000, 0x0000000087a00000|  0%| F|  |TAMS 0x0000000087900000, 0x0000000087900000| Untracked 
|  86|0x0000000087a00000, 0x0000000087a00000, 0x0000000087b00000|  0%| F|  |TAMS 0x0000000087a00000, 0x0000000087a00000| Untracked 
|  87|0x0000000087b00000, 0x0000000087b00000, 0x0000000087c00000|  0%| F|  |TAMS 0x0000000087b00000, 0x0000000087b00000| Untracked 
|  88|0x0000000087c00000, 0x0000000087c00000, 0x0000000087d00000|  0%| F|  |TAMS 0x0000000087c00000, 0x0000000087c00000| Untracked 
|  89|0x0000000087d00000, 0x0000000087d00000, 0x0000000087e00000|  0%| F|  |TAMS 0x0000000087d00000, 0x0000000087d00000| Untracked 
|  90|0x0000000087e00000, 0x0000000087e00000, 0x0000000087f00000|  0%| F|  |TAMS 0x0000000087e00000, 0x0000000087e00000| Untracked 
|  91|0x0000000087f00000, 0x0000000087f00000, 0x0000000088000000|  0%| F|  |TAMS 0x0000000087f00000, 0x0000000087f00000| Untracked 
|  92|0x0000000088000000, 0x0000000088000000, 0x0000000088100000|  0%| F|  |TAMS 0x0000000088000000, 0x0000000088000000| Untracked 
|  93|0x0000000088100000, 0x0000000088100000, 0x0000000088200000|  0%| F|  |TAMS 0x0000000088100000, 0x0000000088100000| Untracked 
|  94|0x0000000088200000, 0x0000000088200000, 0x0000000088300000|  0%| F|  |TAMS 0x0000000088200000, 0x0000000088200000| Untracked 
|  95|0x0000000088300000, 0x0000000088300000, 0x0000000088400000|  0%| F|  |TAMS 0x0000000088300000, 0x0000000088300000| Untracked 
|  96|0x0000000088400000, 0x000000008847e2e8, 0x0000000088500000| 49%| S|CS|TAMS 0x0000000088400000, 0x0000000088400000| Complete 
|  97|0x0000000088500000, 0x0000000088600000, 0x0000000088600000|100%| S|CS|TAMS 0x0000000088500000, 0x0000000088500000| Complete 
|  98|0x0000000088600000, 0x0000000088700000, 0x0000000088700000|100%| S|CS|TAMS 0x0000000088600000, 0x0000000088600000| Complete 
|  99|0x0000000088700000, 0x0000000088800000, 0x0000000088800000|100%| S|CS|TAMS 0x0000000088700000, 0x0000000088700000| Complete 
| 100|0x0000000088800000, 0x0000000088900000, 0x0000000088900000|100%| S|CS|TAMS 0x0000000088800000, 0x0000000088800000| Complete 
| 101|0x0000000088900000, 0x0000000088900000, 0x0000000088a00000|  0%| F|  |TAMS 0x0000000088900000, 0x0000000088900000| Untracked 
| 102|0x0000000088a00000, 0x0000000088a00000, 0x0000000088b00000|  0%| F|  |TAMS 0x0000000088a00000, 0x0000000088a00000| Untracked 
| 103|0x0000000088b00000, 0x0000000088b00000, 0x0000000088c00000|  0%| F|  |TAMS 0x0000000088b00000, 0x0000000088b00000| Untracked 
| 104|0x0000000088c00000, 0x0000000088c00000, 0x0000000088d00000|  0%| F|  |TAMS 0x0000000088c00000, 0x0000000088c00000| Untracked 
| 105|0x0000000088d00000, 0x0000000088d00000, 0x0000000088e00000|  0%| F|  |TAMS 0x0000000088d00000, 0x0000000088d00000| Untracked 
| 106|0x0000000088e00000, 0x0000000088e00000, 0x0000000088f00000|  0%| F|  |TAMS 0x0000000088e00000, 0x0000000088e00000| Untracked 
| 107|0x0000000088f00000, 0x0000000088f00000, 0x0000000089000000|  0%| F|  |TAMS 0x0000000088f00000, 0x0000000088f00000| Untracked 
| 108|0x0000000089000000, 0x0000000089000000, 0x0000000089100000|  0%| F|  |TAMS 0x0000000089000000, 0x0000000089000000| Untracked 
| 109|0x0000000089100000, 0x0000000089100000, 0x0000000089200000|  0%| F|  |TAMS 0x0000000089100000, 0x0000000089100000| Untracked 
| 110|0x0000000089200000, 0x0000000089200000, 0x0000000089300000|  0%| F|  |TAMS 0x0000000089200000, 0x0000000089200000| Untracked 
| 111|0x0000000089300000, 0x0000000089300000, 0x0000000089400000|  0%| F|  |TAMS 0x0000000089300000, 0x0000000089300000| Untracked 
| 112|0x0000000089400000, 0x0000000089400000, 0x0000000089500000|  0%| F|  |TAMS 0x0000000089400000, 0x0000000089400000| Untracked 
| 113|0x0000000089500000, 0x0000000089500000, 0x0000000089600000|  0%| F|  |TAMS 0x0000000089500000, 0x0000000089500000| Untracked 
| 114|0x0000000089600000, 0x0000000089600000, 0x0000000089700000|  0%| F|  |TAMS 0x0000000089600000, 0x0000000089600000| Untracked 
| 115|0x0000000089700000, 0x0000000089700000, 0x0000000089800000|  0%| F|  |TAMS 0x0000000089700000, 0x0000000089700000| Untracked 
| 116|0x0000000089800000, 0x0000000089800000, 0x0000000089900000|  0%| F|  |TAMS 0x0000000089800000, 0x0000000089800000| Untracked 
| 117|0x0000000089900000, 0x0000000089900000, 0x0000000089a00000|  0%| F|  |TAMS 0x0000000089900000, 0x0000000089900000| Untracked 
| 118|0x0000000089a00000, 0x0000000089a00000, 0x0000000089b00000|  0%| F|  |TAMS 0x0000000089a00000, 0x0000000089a00000| Untracked 
| 119|0x0000000089b00000, 0x0000000089b00000, 0x0000000089c00000|  0%| F|  |TAMS 0x0000000089b00000, 0x0000000089b00000| Untracked 
| 120|0x0000000089c00000, 0x0000000089c00000, 0x0000000089d00000|  0%| F|  |TAMS 0x0000000089c00000, 0x0000000089c00000| Untracked 
| 121|0x0000000089d00000, 0x0000000089d00000, 0x0000000089e00000|  0%| F|  |TAMS 0x0000000089d00000, 0x0000000089d00000| Untracked 
| 122|0x0000000089e00000, 0x0000000089e00000, 0x0000000089f00000|  0%| F|  |TAMS 0x0000000089e00000, 0x0000000089e00000| Untracked 
| 123|0x0000000089f00000, 0x0000000089f00000, 0x000000008a000000|  0%| F|  |TAMS 0x0000000089f00000, 0x0000000089f00000| Untracked 
| 124|0x000000008a000000, 0x000000008a000000, 0x000000008a100000|  0%| F|  |TAMS 0x000000008a000000, 0x000000008a000000| Untracked 
| 125|0x000000008a100000, 0x000000008a100000, 0x000000008a200000|  0%| F|  |TAMS 0x000000008a100000, 0x000000008a100000| Untracked 
| 126|0x000000008a200000, 0x000000008a200000, 0x000000008a300000|  0%| F|  |TAMS 0x000000008a200000, 0x000000008a200000| Untracked 
| 127|0x000000008a300000, 0x000000008a300000, 0x000000008a400000|  0%| F|  |TAMS 0x000000008a300000, 0x000000008a300000| Untracked 
| 128|0x000000008a400000, 0x000000008a400000, 0x000000008a500000|  0%| F|  |TAMS 0x000000008a400000, 0x000000008a400000| Untracked 
| 129|0x000000008a500000, 0x000000008a500000, 0x000000008a600000|  0%| F|  |TAMS 0x000000008a500000, 0x000000008a500000| Untracked 
| 130|0x000000008a600000, 0x000000008a600000, 0x000000008a700000|  0%| F|  |TAMS 0x000000008a600000, 0x000000008a600000| Untracked 
| 131|0x000000008a700000, 0x000000008a700000, 0x000000008a800000|  0%| F|  |TAMS 0x000000008a700000, 0x000000008a700000| Untracked 
| 132|0x000000008a800000, 0x000000008a800000, 0x000000008a900000|  0%| F|  |TAMS 0x000000008a800000, 0x000000008a800000| Untracked 
| 133|0x000000008a900000, 0x000000008a900000, 0x000000008aa00000|  0%| F|  |TAMS 0x000000008a900000, 0x000000008a900000| Untracked 
| 134|0x000000008aa00000, 0x000000008aa00000, 0x000000008ab00000|  0%| F|  |TAMS 0x000000008aa00000, 0x000000008aa00000| Untracked 
| 135|0x000000008ab00000, 0x000000008ab00000, 0x000000008ac00000|  0%| F|  |TAMS 0x000000008ab00000, 0x000000008ab00000| Untracked 
| 136|0x000000008ac00000, 0x000000008ac00000, 0x000000008ad00000|  0%| F|  |TAMS 0x000000008ac00000, 0x000000008ac00000| Untracked 
| 137|0x000000008ad00000, 0x000000008ad00000, 0x000000008ae00000|  0%| F|  |TAMS 0x000000008ad00000, 0x000000008ad00000| Untracked 
| 138|0x000000008ae00000, 0x000000008ae00000, 0x000000008af00000|  0%| F|  |TAMS 0x000000008ae00000, 0x000000008ae00000| Untracked 
| 139|0x000000008af00000, 0x000000008af00000, 0x000000008b000000|  0%| F|  |TAMS 0x000000008af00000, 0x000000008af00000| Untracked 
| 140|0x000000008b000000, 0x000000008b000000, 0x000000008b100000|  0%| F|  |TAMS 0x000000008b000000, 0x000000008b000000| Untracked 
| 141|0x000000008b100000, 0x000000008b100000, 0x000000008b200000|  0%| F|  |TAMS 0x000000008b100000, 0x000000008b100000| Untracked 
| 142|0x000000008b200000, 0x000000008b200000, 0x000000008b300000|  0%| F|  |TAMS 0x000000008b200000, 0x000000008b200000| Untracked 
| 143|0x000000008b300000, 0x000000008b300000, 0x000000008b400000|  0%| F|  |TAMS 0x000000008b300000, 0x000000008b300000| Untracked 
| 144|0x000000008b400000, 0x000000008b400000, 0x000000008b500000|  0%| F|  |TAMS 0x000000008b400000, 0x000000008b400000| Untracked 
| 145|0x000000008b500000, 0x000000008b500000, 0x000000008b600000|  0%| F|  |TAMS 0x000000008b500000, 0x000000008b500000| Untracked 
| 146|0x000000008b600000, 0x000000008b600000, 0x000000008b700000|  0%| F|  |TAMS 0x000000008b600000, 0x000000008b600000| Untracked 
| 147|0x000000008b700000, 0x000000008b700000, 0x000000008b800000|  0%| F|  |TAMS 0x000000008b700000, 0x000000008b700000| Untracked 
| 148|0x000000008b800000, 0x000000008b800000, 0x000000008b900000|  0%| F|  |TAMS 0x000000008b800000, 0x000000008b800000| Untracked 
| 149|0x000000008b900000, 0x000000008b900000, 0x000000008ba00000|  0%| F|  |TAMS 0x000000008b900000, 0x000000008b900000| Untracked 
| 150|0x000000008ba00000, 0x000000008ba80800, 0x000000008bb00000| 50%| E|  |TAMS 0x000000008ba00000, 0x000000008ba00000| Complete 
| 151|0x000000008bb00000, 0x000000008bc00000, 0x000000008bc00000|100%| E|CS|TAMS 0x000000008bb00000, 0x000000008bb00000| Complete 
| 152|0x000000008bc00000, 0x000000008bd00000, 0x000000008bd00000|100%| E|CS|TAMS 0x000000008bc00000, 0x000000008bc00000| Complete 
| 153|0x000000008bd00000, 0x000000008be00000, 0x000000008be00000|100%| E|CS|TAMS 0x000000008bd00000, 0x000000008bd00000| Complete 
| 154|0x000000008be00000, 0x000000008bf00000, 0x000000008bf00000|100%| E|CS|TAMS 0x000000008be00000, 0x000000008be00000| Complete 
| 155|0x000000008bf00000, 0x000000008c000000, 0x000000008c000000|100%| E|CS|TAMS 0x000000008bf00000, 0x000000008bf00000| Complete 
| 156|0x000000008c000000, 0x000000008c100000, 0x000000008c100000|100%| E|CS|TAMS 0x000000008c000000, 0x000000008c000000| Complete 
| 157|0x000000008c100000, 0x000000008c200000, 0x000000008c200000|100%| E|CS|TAMS 0x000000008c100000, 0x000000008c100000| Complete 
| 158|0x000000008c200000, 0x000000008c300000, 0x000000008c300000|100%| E|CS|TAMS 0x000000008c200000, 0x000000008c200000| Complete 
| 159|0x000000008c300000, 0x000000008c400000, 0x000000008c400000|100%| E|CS|TAMS 0x000000008c300000, 0x000000008c300000| Complete 
| 160|0x000000008c400000, 0x000000008c500000, 0x000000008c500000|100%| E|CS|TAMS 0x000000008c400000, 0x000000008c400000| Complete 
| 161|0x000000008c500000, 0x000000008c600000, 0x000000008c600000|100%| E|CS|TAMS 0x000000008c500000, 0x000000008c500000| Complete 
| 162|0x000000008c600000, 0x000000008c700000, 0x000000008c700000|100%| E|CS|TAMS 0x000000008c600000, 0x000000008c600000| Complete 
| 163|0x000000008c700000, 0x000000008c800000, 0x000000008c800000|100%| E|CS|TAMS 0x000000008c700000, 0x000000008c700000| Complete 
| 164|0x000000008c800000, 0x000000008c900000, 0x000000008c900000|100%| E|CS|TAMS 0x000000008c800000, 0x000000008c800000| Complete 
| 165|0x000000008c900000, 0x000000008ca00000, 0x000000008ca00000|100%| E|CS|TAMS 0x000000008c900000, 0x000000008c900000| Complete 
| 166|0x000000008ca00000, 0x000000008cb00000, 0x000000008cb00000|100%| E|CS|TAMS 0x000000008ca00000, 0x000000008ca00000| Complete 
| 167|0x000000008cb00000, 0x000000008cc00000, 0x000000008cc00000|100%| E|CS|TAMS 0x000000008cb00000, 0x000000008cb00000| Complete 
| 168|0x000000008cc00000, 0x000000008cd00000, 0x000000008cd00000|100%| E|CS|TAMS 0x000000008cc00000, 0x000000008cc00000| Complete 
| 169|0x000000008cd00000, 0x000000008ce00000, 0x000000008ce00000|100%| E|CS|TAMS 0x000000008cd00000, 0x000000008cd00000| Complete 
| 170|0x000000008ce00000, 0x000000008cf00000, 0x000000008cf00000|100%| E|CS|TAMS 0x000000008ce00000, 0x000000008ce00000| Complete 
| 171|0x000000008cf00000, 0x000000008d000000, 0x000000008d000000|100%| E|CS|TAMS 0x000000008cf00000, 0x000000008cf00000| Complete 
| 172|0x000000008d000000, 0x000000008d100000, 0x000000008d100000|100%| E|CS|TAMS 0x000000008d000000, 0x000000008d000000| Complete 
| 173|0x000000008d100000, 0x000000008d200000, 0x000000008d200000|100%| E|CS|TAMS 0x000000008d100000, 0x000000008d100000| Complete 
| 174|0x000000008d200000, 0x000000008d300000, 0x000000008d300000|100%| E|CS|TAMS 0x000000008d200000, 0x000000008d200000| Complete 
| 175|0x000000008d300000, 0x000000008d400000, 0x000000008d400000|100%| E|CS|TAMS 0x000000008d300000, 0x000000008d300000| Complete 
| 176|0x000000008d400000, 0x000000008d500000, 0x000000008d500000|100%| E|CS|TAMS 0x000000008d400000, 0x000000008d400000| Complete 
| 177|0x000000008d500000, 0x000000008d600000, 0x000000008d600000|100%| E|CS|TAMS 0x000000008d500000, 0x000000008d500000| Complete 

Card table byte_map: [0x0000021ebc980000,0x0000021ebcd70000] _byte_map_base: 0x0000021ebc56e000

Marking Bits (Prev, Next): (CMBitMap*) 0x0000021eaa11a5f0, (CMBitMap*) 0x0000021eaa11a630
 Prev Bits: [0x0000021ebd160000, 0x0000021ebf0d0000)
 Next Bits: [0x0000021ebf0d0000, 0x0000021ec1040000)

Polling page: 0x0000021ea7e50000

Metaspace:

Usage:
  Non-class:     72.82 MB used.
      Class:      9.05 MB used.
       Both:     81.87 MB used.

Virtual space:
  Non-class space:       80.00 MB reserved,      73.00 MB ( 91%) committed,  10 nodes.
      Class space:        1.00 GB reserved,       9.25 MB ( <1%) committed,  1 nodes.
             Both:        1.08 GB reserved,      82.25 MB (  7%) committed. 

Chunk freelists:
   Non-Class:  3.00 MB
       Class:  2.80 MB
        Both:  5.80 MB

MaxMetaspaceSize: unlimited
CompressedClassSpaceSize: 1.00 GB
Initial GC threshold: 21.00 MB
Current GC threshold: 112.94 MB
CDS: off
MetaspaceReclaimPolicy: balanced
 - commit_granule_bytes: 65536.
 - commit_granule_words: 8192.
 - virtual_space_node_default_size: 1048576.
 - enlarge_chunks_in_place: 1.
 - new_chunks_are_fully_committed: 0.
 - uncommit_free_chunks: 1.
 - use_allocation_guard: 0.
 - handle_deallocations: 1.


Internal statistics:

num_allocs_failed_limit: 12.
num_arena_births: 440.
num_arena_deaths: 0.
num_vsnodes_births: 11.
num_vsnodes_deaths: 0.
num_space_committed: 1314.
num_space_uncommitted: 0.
num_chunks_returned_to_freelist: 12.
num_chunks_taken_from_freelist: 3080.
num_chunk_merges: 12.
num_chunk_splits: 2509.
num_chunks_enlarged: 2165.
num_purges: 0.
num_inconsistent_stats: 0.

CodeHeap 'non-profiled nmethods': size=120000Kb used=4844Kb max_used=5044Kb free=115155Kb
 bounds [0x0000021eb5060000, 0x0000021eb5550000, 0x0000021ebc590000]
CodeHeap 'profiled nmethods': size=120000Kb used=30518Kb max_used=31521Kb free=89481Kb
 bounds [0x0000021ead590000, 0x0000021eaf470000, 0x0000021eb4ac0000]
CodeHeap 'non-nmethods': size=5760Kb used=1405Kb max_used=1480Kb free=4354Kb
 bounds [0x0000021eb4ac0000, 0x0000021eb4d30000, 0x0000021eb5060000]
 total_blobs=11656 nmethods=10919 adapters=646
 compilation: enabled
              stopped_count=0, restarted_count=0
 full_count=0

Compilation events (20 events):
Event: 17.301 Thread 0x0000021ec4034ea0 12747       3       org.jetbrains.org.objectweb.asm.SymbolTable::addConstantClass (8 bytes)
Event: 17.301 Thread 0x0000021ec4034ea0 nmethod 12747 0x0000021eaeba4410 code [0x0000021eaeba45a0, 0x0000021eaeba46e8]
Event: 17.301 Thread 0x0000021ec4034ea0 12740       3       org.jetbrains.org.objectweb.asm.SymbolTable$Entry::<init> (18 bytes)
Event: 17.302 Thread 0x0000021ec4034ea0 nmethod 12740 0x0000021eae114f10 code [0x0000021eae1150c0, 0x0000021eae115248]
Event: 17.302 Thread 0x0000021ec4034ea0 12749       3       org.jetbrains.kotlin.backend.jvm.codegen.ExpressionCodegen::getRealType (154 bytes)
Event: 17.304 Thread 0x0000021ec4034ea0 nmethod 12749 0x0000021eaf06fd10 code [0x0000021eaf0700a0, 0x0000021eaf071f18]
Event: 17.304 Thread 0x0000021ec4034ea0 12750       3       kotlin.sequences.DropWhileSequence$iterator$1::next (47 bytes)
Event: 17.304 Thread 0x0000021ec4034ea0 nmethod 12750 0x0000021eaeb60290 code [0x0000021eaeb60440, 0x0000021eaeb60718]
Event: 17.304 Thread 0x0000021ec4034ea0 12751       3       kotlin.ranges.IntRange::getEndInclusive (8 bytes)
Event: 17.305 Thread 0x0000021ec4034ea0 nmethod 12751 0x0000021eaebc5f90 code [0x0000021eaebc6160, 0x0000021eaebc64f8]
Event: 17.305 Thread 0x0000021ec4034ea0 12752       3       kotlin.text.DelimitedRangesSequence$iterator$1::calcNext (238 bytes)
Event: 17.307 Thread 0x0000021ec4034ea0 nmethod 12752 0x0000021eaf0d1690 code [0x0000021eaf0d1a60, 0x0000021eaf0d3628]
Event: 17.307 Thread 0x0000021ec4034ea0 12754       3       org.jetbrains.org.objectweb.asm.tree.LineNumberNode::accept (16 bytes)
Event: 17.307 Thread 0x0000021ec4034ea0 nmethod 12754 0x0000021eaec4d890 code [0x0000021eaec4da60, 0x0000021eaec4de68]
Event: 17.307 Thread 0x0000021ec4034ea0 12753       3       kotlin.text.DelimitedRangesSequence$iterator$1::next (5 bytes)
Event: 17.307 Thread 0x0000021ec4034ea0 nmethod 12753 0x0000021eaec4d510 code [0x0000021eaec4d6a0, 0x0000021eaec4d7e8]
Event: 17.308 Thread 0x0000021ec4034ea0 12741       3       org.jetbrains.org.objectweb.asm.MethodVisitor::visitIntInsn (17 bytes)
Event: 17.308 Thread 0x0000021ec4034ea0 nmethod 12741 0x0000021eae262d90 code [0x0000021eae262f40, 0x0000021eae263148]
Event: 17.308 Thread 0x0000021ec4034ea0 12755       1       org.jetbrains.kotlin.codegen.inline.ParameterInfo::getType (5 bytes)
Event: 17.308 Thread 0x0000021ec4034ea0 nmethod 12755 0x0000021eb53e9c10 code [0x0000021eb53e9da0, 0x0000021eb53e9e78]

GC Heap History (20 events):
Event: 4.388 GC heap before
{Heap before GC invocations=10 (full 0):
 garbage-first heap   total 75776K, used 54828K [0x0000000082400000, 0x0000000100000000)
  region size 1024K, 32 young (32768K), 3 survivors (3072K)
 Metaspace       used 41054K, committed 41280K, reserved 1089536K
  class space    used 5053K, committed 5184K, reserved 1048576K
}
Event: 4.401 GC heap after
{Heap after GC invocations=11 (full 0):
 garbage-first heap   total 75776K, used 26245K [0x0000000082400000, 0x0000000100000000)
  region size 1024K, 4 young (4096K), 4 survivors (4096K)
 Metaspace       used 41054K, committed 41280K, reserved 1089536K
  class space    used 5053K, committed 5184K, reserved 1048576K
}
Event: 4.422 GC heap before
{Heap before GC invocations=11 (full 0):
 garbage-first heap   total 75776K, used 27269K [0x0000000082400000, 0x0000000100000000)
  region size 1024K, 5 young (5120K), 4 survivors (4096K)
 Metaspace       used 41353K, committed 41600K, reserved 1089536K
  class space    used 5076K, committed 5184K, reserved 1048576K
}
Event: 4.433 GC heap after
{Heap after GC invocations=12 (full 0):
 garbage-first heap   total 75776K, used 26826K [0x0000000082400000, 0x0000000100000000)
  region size 1024K, 1 young (1024K), 1 survivors (1024K)
 Metaspace       used 41353K, committed 41600K, reserved 1089536K
  class space    used 5076K, committed 5184K, reserved 1048576K
}
Event: 5.279 GC heap before
{Heap before GC invocations=12 (full 0):
 garbage-first heap   total 75776K, used 53450K [0x0000000082400000, 0x0000000100000000)
  region size 1024K, 27 young (27648K), 1 survivors (1024K)
 Metaspace       used 48132K, committed 48448K, reserved 1097728K
  class space    used 5868K, committed 6016K, reserved 1048576K
}
Event: 5.288 GC heap after
{Heap after GC invocations=13 (full 0):
 garbage-first heap   total 75776K, used 28549K [0x0000000082400000, 0x0000000100000000)
  region size 1024K, 3 young (3072K), 3 survivors (3072K)
 Metaspace       used 48132K, committed 48448K, reserved 1097728K
  class space    used 5868K, committed 6016K, reserved 1048576K
}
Event: 6.013 GC heap before
{Heap before GC invocations=13 (full 0):
 garbage-first heap   total 75776K, used 57221K [0x0000000082400000, 0x0000000100000000)
  region size 1024K, 29 young (29696K), 3 survivors (3072K)
 Metaspace       used 51786K, committed 52096K, reserved 1097728K
  class space    used 6246K, committed 6400K, reserved 1048576K
}
Event: 6.029 GC heap after
{Heap after GC invocations=14 (full 0):
 garbage-first heap   total 151552K, used 34704K [0x0000000082400000, 0x0000000100000000)
  region size 1024K, 4 young (4096K), 4 survivors (4096K)
 Metaspace       used 51786K, committed 52096K, reserved 1097728K
  class space    used 6246K, committed 6400K, reserved 1048576K
}
Event: 7.853 GC heap before
{Heap before GC invocations=14 (full 0):
 garbage-first heap   total 151552K, used 112528K [0x0000000082400000, 0x0000000100000000)
  region size 1024K, 79 young (80896K), 4 survivors (4096K)
 Metaspace       used 55360K, committed 55680K, reserved 1105920K
  class space    used 6508K, committed 6656K, reserved 1048576K
}
Event: 7.876 GC heap after
{Heap after GC invocations=15 (full 0):
 garbage-first heap   total 151552K, used 43508K [0x0000000082400000, 0x0000000100000000)
  region size 1024K, 10 young (10240K), 10 survivors (10240K)
 Metaspace       used 55360K, committed 55680K, reserved 1105920K
  class space    used 6508K, committed 6656K, reserved 1048576K
}
Event: 10.466 GC heap before
{Heap before GC invocations=15 (full 0):
 garbage-first heap   total 151552K, used 111092K [0x0000000082400000, 0x0000000100000000)
  region size 1024K, 76 young (77824K), 10 survivors (10240K)
 Metaspace       used 59759K, committed 60032K, reserved 1105920K
  class space    used 6899K, committed 7040K, reserved 1048576K
}
Event: 10.501 GC heap after
{Heap after GC invocations=16 (full 0):
 garbage-first heap   total 151552K, used 53865K [0x0000000082400000, 0x0000000100000000)
  region size 1024K, 10 young (10240K), 10 survivors (10240K)
 Metaspace       used 59759K, committed 60032K, reserved 1105920K
  class space    used 6899K, committed 7040K, reserved 1048576K
}
Event: 10.863 GC heap before
{Heap before GC invocations=16 (full 0):
 garbage-first heap   total 151552K, used 62057K [0x0000000082400000, 0x0000000100000000)
  region size 1024K, 19 young (19456K), 10 survivors (10240K)
 Metaspace       used 60462K, committed 60736K, reserved 1105920K
  class space    used 6947K, committed 7104K, reserved 1048576K
}
Event: 10.879 GC heap after
{Heap after GC invocations=17 (full 0):
 garbage-first heap   total 151552K, used 55808K [0x0000000082400000, 0x0000000100000000)
  region size 1024K, 2 young (2048K), 2 survivors (2048K)
 Metaspace       used 60462K, committed 60736K, reserved 1105920K
  class space    used 6947K, committed 7104K, reserved 1048576K
}
Event: 13.221 GC heap before
{Heap before GC invocations=18 (full 0):
 garbage-first heap   total 151552K, used 114176K [0x0000000082400000, 0x0000000100000000)
  region size 1024K, 59 young (60416K), 2 survivors (2048K)
 Metaspace       used 69111K, committed 69376K, reserved 1114112K
  class space    used 7873K, committed 8000K, reserved 1048576K
}
Event: 13.238 GC heap after
{Heap after GC invocations=19 (full 0):
 garbage-first heap   total 151552K, used 60928K [0x0000000082400000, 0x0000000100000000)
  region size 1024K, 7 young (7168K), 7 survivors (7168K)
 Metaspace       used 69111K, committed 69376K, reserved 1114112K
  class space    used 7873K, committed 8000K, reserved 1048576K
}
Event: 14.905 GC heap before
{Heap before GC invocations=20 (full 0):
 garbage-first heap   total 151552K, used 117248K [0x0000000082400000, 0x0000000100000000)
  region size 1024K, 62 young (63488K), 7 survivors (7168K)
 Metaspace       used 72567K, committed 72896K, reserved 1114112K
  class space    used 8241K, committed 8384K, reserved 1048576K
}
Event: 14.931 GC heap after
{Heap after GC invocations=21 (full 0):
 garbage-first heap   total 151552K, used 68903K [0x0000000082400000, 0x0000000100000000)
  region size 1024K, 8 young (8192K), 8 survivors (8192K)
 Metaspace       used 72567K, committed 72896K, reserved 1114112K
  class space    used 8241K, committed 8384K, reserved 1048576K
}
Event: 16.515 GC heap before
{Heap before GC invocations=21 (full 0):
 garbage-first heap   total 151552K, used 117031K [0x0000000082400000, 0x0000000100000000)
  region size 1024K, 55 young (56320K), 8 survivors (8192K)
 Metaspace       used 80106K, committed 80512K, reserved 1122304K
  class space    used 8980K, committed 9152K, reserved 1048576K
}
Event: 16.537 GC heap after
{Heap after GC invocations=22 (full 0):
 garbage-first heap   total 182272K, used 73970K [0x0000000082400000, 0x0000000100000000)
  region size 1024K, 5 young (5120K), 5 survivors (5120K)
 Metaspace       used 80106K, committed 80512K, reserved 1122304K
  class space    used 8980K, committed 9152K, reserved 1048576K
}

Dll operation events (2 events):
Event: 0.010 Loaded shared library C:\Program Files\Android\Android Studio\jbr\bin\java.dll
Event: 1.622 Loaded shared library C:\Program Files\Android\Android Studio\jbr\bin\verify.dll

Deoptimization events (20 events):
Event: 17.081 Thread 0x0000021eaa0bcb20 Uncommon trap: trap_request=0xffffffc6 fr.pc=0x0000021eb52618b0 relative=0x00000000000017d0
Event: 17.081 Thread 0x0000021eaa0bcb20 Uncommon trap: reason=bimorphic_or_optimized_type_check action=maybe_recompile pc=0x0000021eb52618b0 method=java.util.concurrent.ConcurrentHashMap.computeIfAbsent(Ljava/lang/Object;Ljava/util/function/Function;)Ljava/lang/Object; @ 356 c2
Event: 17.081 Thread 0x0000021eaa0bcb20 DEOPT PACKING pc=0x0000021eb52618b0 sp=0x000000662fcfe0a0
Event: 17.081 Thread 0x0000021eaa0bcb20 DEOPT UNPACKING pc=0x0000021eb4b169a3 sp=0x000000662fcfe038 mode 2
Event: 17.146 Thread 0x0000021eaa0bcb20 Uncommon trap: trap_request=0xffffffde fr.pc=0x0000021eb5133094 relative=0x0000000000000254
Event: 17.146 Thread 0x0000021eaa0bcb20 Uncommon trap: reason=class_check action=maybe_recompile pc=0x0000021eb5133094 method=org.jetbrains.kotlin.utils.ThreadLocalDelegate.getValue(Ljava/lang/Object;Lkotlin/reflect/KProperty;)Ljava/lang/Object; @ 42 c2
Event: 17.146 Thread 0x0000021eaa0bcb20 DEOPT PACKING pc=0x0000021eb5133094 sp=0x000000662fcfc850
Event: 17.146 Thread 0x0000021eaa0bcb20 DEOPT UNPACKING pc=0x0000021eb4b169a3 sp=0x000000662fcfc7f0 mode 2
Event: 17.222 Thread 0x0000021eaa0bcb20 Uncommon trap: trap_request=0xffffff45 fr.pc=0x0000021eb532c950 relative=0x0000000000000510
Event: 17.222 Thread 0x0000021eaa0bcb20 Uncommon trap: reason=unstable_if action=reinterpret pc=0x0000021eb532c950 method=java.lang.String.valueOf(Ljava/lang/Object;)Ljava/lang/String; @ 1 c2
Event: 17.222 Thread 0x0000021eaa0bcb20 DEOPT PACKING pc=0x0000021eb532c950 sp=0x000000662fcfcee0
Event: 17.222 Thread 0x0000021eaa0bcb20 DEOPT UNPACKING pc=0x0000021eb4b169a3 sp=0x000000662fcfce78 mode 2
Event: 17.230 Thread 0x0000021eaa0bcb20 Uncommon trap: trap_request=0xffffff45 fr.pc=0x0000021eb518b260 relative=0x00000000000000c0
Event: 17.230 Thread 0x0000021eaa0bcb20 Uncommon trap: reason=unstable_if action=reinterpret pc=0x0000021eb518b260 method=java.lang.StringLatin1.lastIndexOf([BI[BII)I @ 32 c2
Event: 17.230 Thread 0x0000021eaa0bcb20 DEOPT PACKING pc=0x0000021eb518b260 sp=0x000000662fcfcbc0
Event: 17.230 Thread 0x0000021eaa0bcb20 DEOPT UNPACKING pc=0x0000021eb4b169a3 sp=0x000000662fcfcb40 mode 2
Event: 17.249 Thread 0x0000021eaa0bcb20 Uncommon trap: trap_request=0xffffff45 fr.pc=0x0000021eb538159c relative=0x000000000000017c
Event: 17.249 Thread 0x0000021eaa0bcb20 Uncommon trap: reason=unstable_if action=reinterpret pc=0x0000021eb538159c method=org.jetbrains.kotlin.codegen.inline.InlineCodegenUtilsKt.isInlineMarker(Lorg/jetbrains/org/objectweb/asm/tree/AbstractInsnNode;Ljava/lang/String;)Z @ 33 c2
Event: 17.249 Thread 0x0000021eaa0bcb20 DEOPT PACKING pc=0x0000021eb538159c sp=0x000000662fcfdeb0
Event: 17.249 Thread 0x0000021eaa0bcb20 DEOPT UNPACKING pc=0x0000021eb4b169a3 sp=0x000000662fcfde38 mode 2

Classes unloaded (0 events):
No events

Classes redefined (0 events):
No events

Internal exceptions (20 events):
Event: 6.852 Thread 0x0000021eaa0bcb20 Exception <a 'java/lang/NoSuchMethodError'{0x000000008840a910}: 'java.lang.Object java.lang.invoke.DirectMethodHandle$Holder.invokeStaticInit(java.lang.Object, java.lang.Object, java.lang.Object)'> (0x000000008840a910) 
thrown [s\src\hotspot\share\interpreter\linkResolver.cpp, line 771]
Event: 7.941 Thread 0x0000021eaa0bcb20 Implicit null exception at 0x0000021eb516980f to 0x0000021eb5169889
Event: 8.211 Thread 0x0000021eaa0bcb20 Implicit null exception at 0x0000021eb517f820 to 0x0000021eb517f9a4
Event: 8.211 Thread 0x0000021eaa0bcb20 Implicit null exception at 0x0000021eb50c6c60 to 0x0000021eb50c6cfa
Event: 8.252 Thread 0x0000021eaa0bcb20 Exception <a 'java/lang/NoSuchMethodError'{0x000000008aa471f8}: 'int java.lang.invoke.DirectMethodHandle$Holder.invokeStaticInit(java.lang.Object, int)'> (0x000000008aa471f8) 
thrown [s\src\hotspot\share\interpreter\linkResolver.cpp, line 771]
Event: 9.077 Thread 0x0000021eaa0bcb20 Implicit null exception at 0x0000021eb507a8f2 to 0x0000021eb507af0c
Event: 9.091 Thread 0x0000021eaa0bcb20 Exception <a 'java/lang/NoSuchMethodError'{0x00000000893074f0}: 'java.lang.Object java.lang.invoke.DirectMethodHandle$Holder.invokeInterface(java.lang.Object, java.lang.Object, java.lang.Object)'> (0x00000000893074f0) 
thrown [s\src\hotspot\share\interpreter\linkResolver.cpp, line 771]
Event: 9.092 Thread 0x0000021eaa0bcb20 Exception <a 'java/lang/IncompatibleClassChangeError'{0x000000008930b108}: Found class java.lang.Object, but interface was expected> (0x000000008930b108) 
thrown [s\src\hotspot\share\interpreter\linkResolver.cpp, line 838]
Event: 9.105 Thread 0x0000021eaa0bcb20 Implicit null exception at 0x0000021eb507b972 to 0x0000021eb507bf8c
Event: 9.325 Thread 0x0000021eaa0bcb20 Exception <a 'java/lang/NoSuchMethodError'{0x0000000089079218}: 'java.lang.Object java.lang.invoke.DirectMethodHandle$Holder.newInvokeSpecial(java.lang.Object, java.lang.Object, java.lang.Object, java.lang.Object, java.lang.Object, java.lang.Object, java.lang.Object)'> (0x0000000089079218) 
thrown [s\src\hotspot\share\interpreter\linkResolver.cpp, line 771]
Event: 9.326 Thread 0x0000021eaa0bcb20 Exception <a 'java/lang/NoSuchMethodError'{0x000000008907ddd0}: 'java.lang.Object java.lang.invoke.Invokers$Holder.linkToTargetMethod(java.lang.Object, java.lang.Object, java.lang.Object, java.lang.Object, java.lang.Object, java.lang.Object, java.lang.Object)'> (0x000000008907ddd0) 
thrown [s\src\hotspot\share\interpreter\linkResolver.cpp, line 771]
Event: 10.211 Thread 0x0000021eaa0bcb20 Exception <a 'java/lang/NoSuchMethodError'{0x0000000087aef5a0}: 'java.lang.Object java.lang.invoke.DirectMethodHandle$Holder.newInvokeSpecial(java.lang.Object, int, java.lang.Object)'> (0x0000000087aef5a0) 
thrown [s\src\hotspot\share\interpreter\linkResolver.cpp, line 771]
Event: 10.212 Thread 0x0000021eaa0bcb20 Exception <a 'java/lang/NoSuchMethodError'{0x0000000087af5e28}: 'int java.lang.invoke.DirectMethodHandle$Holder.invokeInterface(java.lang.Object, java.lang.Object)'> (0x0000000087af5e28) 
thrown [s\src\hotspot\share\interpreter\linkResolver.cpp, line 771]
Event: 10.965 Thread 0x0000021eaa0bcb20 Implicit null exception at 0x0000021eb50f2c6f to 0x0000021eb50f2e44
Event: 11.349 Thread 0x0000021eaa0bcb20 Exception <a 'java/lang/NoSuchMethodError'{0x000000008afdf150}: 'java.lang.Object java.lang.invoke.DirectMethodHandle$Holder.invokeStaticInit(java.lang.Object, java.lang.Object, java.lang.Object, java.lang.Object)'> (0x000000008afdf150) 
thrown [s\src\hotspot\share\interpreter\linkResolver.cpp, line 771]
Event: 11.635 Thread 0x0000021eaa0bcb20 Exception <a 'java/lang/NoSuchMethodError'{0x000000008a235790}: 'int java.lang.invoke.DirectMethodHandle$Holder.invokeStaticInit(java.lang.Object, java.lang.Object, java.lang.Object, java.lang.Object)'> (0x000000008a235790) 
thrown [s\src\hotspot\share\interpreter\linkResolver.cpp, line 771]
Event: 12.162 Thread 0x0000021eaa0bcb20 Exception <a 'java/lang/NoSuchMethodError'{0x00000000896f1b00}: 'java.lang.Object java.lang.invoke.DirectMethodHandle$Holder.newInvokeSpecial(java.lang.Object, java.lang.Object, int, int, java.lang.Object, java.lang.Object, java.lang.Object)'> (0x00000000896f1b00) 
thrown [s\src\hotspot\share\interpreter\linkResolver.cpp, line 771]
Event: 12.162 Thread 0x0000021eaa0bcb20 Exception <a 'java/lang/NoSuchMethodError'{0x00000000896f6100}: 'java.lang.Object java.lang.invoke.DirectMethodHandle$Holder.invokeSpecial(java.lang.Object, java.lang.Object, java.lang.Object, int, int, java.lang.Object, java.lang.Object, java.lang.Object)'> (0x00000000896f6100) 
thrown [s\src\hotspot\share\interpreter\linkResolver.cpp, line 771]
Event: 12.188 Thread 0x0000021eaa0bcb20 Exception <a 'java/lang/NoSuchMethodError'{0x0000000089544148}: 'java.lang.Object java.lang.invoke.DirectMethodHandle$Holder.invokeSpecial(java.lang.Object, java.lang.Object, int, int, java.lang.Object, java.lang.Object, java.lang.Object, java.lang.Object, java.lang.Object)'> (0x0000000089544148) 
thrown [s\src\hotspot\share\interpreter\linkResolver.cpp, line 771]
Event: 14.594 Thread 0x0000021eaa0bcb20 Implicit null exception at 0x0000021eb50cbe6f to 0x0000021eb50cc0b4

VM Operations (20 events):
Event: 16.766 Executing VM operation: HandshakeAllThreads
Event: 16.766 Executing VM operation: HandshakeAllThreads done
Event: 16.787 Executing VM operation: HandshakeAllThreads
Event: 16.787 Executing VM operation: HandshakeAllThreads done
Event: 16.794 Executing VM operation: ICBufferFull
Event: 16.804 Executing VM operation: ICBufferFull done
Event: 16.927 Executing VM operation: HandshakeAllThreads
Event: 16.927 Executing VM operation: HandshakeAllThreads done
Event: 16.963 Executing VM operation: ICBufferFull
Event: 16.963 Executing VM operation: ICBufferFull done
Event: 17.136 Executing VM operation: HandshakeAllThreads
Event: 17.136 Executing VM operation: HandshakeAllThreads done
Event: 17.136 Executing VM operation: HandshakeAllThreads
Event: 17.136 Executing VM operation: HandshakeAllThreads done
Event: 17.177 Executing VM operation: HandshakeAllThreads
Event: 17.177 Executing VM operation: HandshakeAllThreads done
Event: 17.255 Executing VM operation: HandshakeAllThreads
Event: 17.255 Executing VM operation: HandshakeAllThreads done
Event: 17.257 Executing VM operation: HandshakeAllThreads
Event: 17.257 Executing VM operation: HandshakeAllThreads done

Events (20 events):
Event: 17.160 Thread 0x0000021ec4037f50 flushing nmethod 0x0000021eaf125590
Event: 17.160 Thread 0x0000021ec4037f50 flushing nmethod 0x0000021eaf12c990
Event: 17.161 Thread 0x0000021ec4037f50 flushing nmethod 0x0000021eaf12f810
Event: 17.161 Thread 0x0000021ec4037f50 flushing nmethod 0x0000021eaf150f10
Event: 17.161 Thread 0x0000021ec4037f50 flushing nmethod 0x0000021eaf16fa90
Event: 17.161 Thread 0x0000021ec4037f50 flushing nmethod 0x0000021eaf1e1490
Event: 17.161 Thread 0x0000021ec4037f50 flushing nmethod 0x0000021eaf1ee010
Event: 17.161 Thread 0x0000021ec4037f50 flushing nmethod 0x0000021eaf1ee590
Event: 17.161 Thread 0x0000021ec4037f50 flushing nmethod 0x0000021eaf1ee910
Event: 17.161 Thread 0x0000021ec4037f50 flushing nmethod 0x0000021eaf1eec90
Event: 17.161 Thread 0x0000021ec4037f50 flushing nmethod 0x0000021eaf1ef010
Event: 17.161 Thread 0x0000021ec4037f50 flushing nmethod 0x0000021eaf204290
Event: 17.161 Thread 0x0000021ec4037f50 flushing nmethod 0x0000021eaf204910
Event: 17.161 Thread 0x0000021ec4037f50 flushing nmethod 0x0000021eaf211890
Event: 17.161 Thread 0x0000021ec4037f50 flushing nmethod 0x0000021eaf213590
Event: 17.161 Thread 0x0000021ec4037f50 flushing nmethod 0x0000021eaf216190
Event: 17.161 Thread 0x0000021ec4037f50 flushing nmethod 0x0000021eaf21bd90
Event: 17.161 Thread 0x0000021ec4037f50 flushing nmethod 0x0000021eaf256310
Event: 17.161 Thread 0x0000021ec4037f50 flushing nmethod 0x0000021eaf256710
Event: 17.163 Thread 0x0000021ec4037f50 flushing nmethod 0x0000021eaf3da290


Dynamic libraries:
0x00007ff688fe0000 - 0x00007ff688fea000 	C:\Program Files\Android\Android Studio\jbr\bin\java.exe
0x00007ffaac2d0000 - 0x00007ffaac4c8000 	C:\WINDOWS\SYSTEM32\ntdll.dll
0x00007ffaaba40000 - 0x00007ffaabaff000 	C:\WINDOWS\System32\KERNEL32.DLL
0x00007ffaa9c30000 - 0x00007ffaa9f0a000 	C:\WINDOWS\System32\KERNELBASE.dll
0x00007ffaaa050000 - 0x00007ffaaa150000 	C:\WINDOWS\System32\ucrtbase.dll
0x00007ffa96b70000 - 0x00007ffa96b8b000 	C:\Program Files\Android\Android Studio\jbr\bin\VCRUNTIME140.dll
0x00007ffa95c60000 - 0x00007ffa95c77000 	C:\Program Files\Android\Android Studio\jbr\bin\jli.dll
0x00007ffaaa3d0000 - 0x00007ffaaa56d000 	C:\WINDOWS\System32\USER32.dll
0x00007ffa944a0000 - 0x00007ffa9473a000 	C:\WINDOWS\WinSxS\amd64_microsoft.windows.common-controls_6595b64144ccf1df_6.0.19041.1110_none_60b5254171f9507e\COMCTL32.dll
0x00007ffaa9b40000 - 0x00007ffaa9b62000 	C:\WINDOWS\System32\win32u.dll
0x00007ffaaa570000 - 0x00007ffaaa60e000 	C:\WINDOWS\System32\msvcrt.dll
0x00007ffaaa900000 - 0x00007ffaaa92b000 	C:\WINDOWS\System32\GDI32.dll
0x00007ffaaa220000 - 0x00007ffaaa330000 	C:\WINDOWS\System32\gdi32full.dll
0x00007ffaaa180000 - 0x00007ffaaa21d000 	C:\WINDOWS\System32\msvcp_win.dll
0x00007ffaaae10000 - 0x00007ffaaae40000 	C:\WINDOWS\System32\IMM32.DLL
0x00007ffaa0d90000 - 0x00007ffaa0d9c000 	C:\Program Files\Android\Android Studio\jbr\bin\vcruntime140_1.dll
0x00007ffa92030000 - 0x00007ffa920bd000 	C:\Program Files\Android\Android Studio\jbr\bin\msvcp140.dll
0x00007ffa59680000 - 0x00007ffa5a2ed000 	C:\Program Files\Android\Android Studio\jbr\bin\server\jvm.dll
0x00007ffaaad60000 - 0x00007ffaaae0e000 	C:\WINDOWS\System32\ADVAPI32.dll
0x00007ffaaaa70000 - 0x00007ffaaab0c000 	C:\WINDOWS\System32\sechost.dll
0x00007ffaac0b0000 - 0x00007ffaac1d6000 	C:\WINDOWS\System32\RPCRT4.dll
0x00007ffa94740000 - 0x00007ffa94767000 	C:\WINDOWS\SYSTEM32\WINMM.dll
0x00007ffa90d30000 - 0x00007ffa90d39000 	C:\WINDOWS\SYSTEM32\WSOCK32.dll
0x00007ffaaab70000 - 0x00007ffaaabdb000 	C:\WINDOWS\System32\WS2_32.dll
0x00007ffaa1700000 - 0x00007ffaa170a000 	C:\WINDOWS\SYSTEM32\VERSION.dll
0x00007ffaa81f0000 - 0x00007ffaa8202000 	C:\WINDOWS\SYSTEM32\kernel.appcore.dll
0x00007ffa9d3a0000 - 0x00007ffa9d3aa000 	C:\Program Files\Android\Android Studio\jbr\bin\jimage.dll
0x00007ffaa7710000 - 0x00007ffaa78f4000 	C:\WINDOWS\SYSTEM32\DBGHELP.DLL
0x00007ffa928b0000 - 0x00007ffa928e4000 	C:\WINDOWS\SYSTEM32\dbgcore.DLL
0x00007ffaa9fc0000 - 0x00007ffaaa042000 	C:\WINDOWS\System32\bcryptPrimitives.dll
0x00007ffa98170000 - 0x00007ffa98195000 	C:\Program Files\Android\Android Studio\jbr\bin\java.dll
0x00007ffa9ac70000 - 0x00007ffa9ac88000 	C:\Program Files\Android\Android Studio\jbr\bin\zip.dll
0x00007ffaab2f0000 - 0x00007ffaaba34000 	C:\WINDOWS\System32\SHELL32.dll
0x00007ffaa7a40000 - 0x00007ffaa81d3000 	C:\WINDOWS\SYSTEM32\windows.storage.dll
0x00007ffaaaec0000 - 0x00007ffaab214000 	C:\WINDOWS\System32\combase.dll
0x00007ffaa9440000 - 0x00007ffaa946e000 	C:\WINDOWS\SYSTEM32\Wldp.dll
0x00007ffaaabe0000 - 0x00007ffaaac8d000 	C:\WINDOWS\System32\SHCORE.dll
0x00007ffaaab10000 - 0x00007ffaaab65000 	C:\WINDOWS\System32\shlwapi.dll
0x00007ffaa9920000 - 0x00007ffaa993f000 	C:\WINDOWS\SYSTEM32\profapi.dll
0x00007ffa97e80000 - 0x00007ffa97e99000 	C:\Program Files\Android\Android Studio\jbr\bin\net.dll
0x00007ffa9edf0000 - 0x00007ffa9eefa000 	C:\WINDOWS\SYSTEM32\WINHTTP.dll
0x00007ffaa91a0000 - 0x00007ffaa920a000 	C:\WINDOWS\system32\mswsock.dll
0x00007ffa97b80000 - 0x00007ffa97b96000 	C:\Program Files\Android\Android Studio\jbr\bin\nio.dll
0x00007ffa96c90000 - 0x00007ffa96ca0000 	C:\Program Files\Android\Android Studio\jbr\bin\verify.dll

dbghelp: loaded successfully - version: 4.0.5 - missing functions: none
symbol engine: initialized successfully - sym options: 0x614 - pdb path: .;C:\Program Files\Android\Android Studio\jbr\bin;C:\WINDOWS\SYSTEM32;C:\WINDOWS\WinSxS\amd64_microsoft.windows.common-controls_6595b64144ccf1df_6.0.19041.1110_none_60b5254171f9507e;C:\Program Files\Android\Android Studio\jbr\bin\server

VM Arguments:
java_command: org.jetbrains.kotlin.cli.jvm.K2JVMCompiler @C:\Users\leomorales\code\android\tnt-2023\Compose\WICCapp\app\build\20230428_15635726608568080577.compiler.options
java_class_path (initial): C:\Users\leomorales\.gradle\caches\modules-2\files-2.1\org.jetbrains.kotlin\kotlin-compiler-embeddable\1.7.20\8db18559a581dd2c36ddfd5046af145650f5b126\kotlin-compiler-embeddable-1.7.20.jar;C:\Users\leomorales\.gradle\caches\modules-2\files-2.1\org.jetbrains.kotlin\kotlin-reflect\1.7.20\12b2501e33bb6373e8e347c86d85481863629381\kotlin-reflect-1.7.20.jar;C:\Users\leomorales\.gradle\caches\modules-2\files-2.1\org.jetbrains.kotlin\kotlin-stdlib\1.7.20\726594ea9ba2beb2ee113647fefa9a10f9fabe52\kotlin-stdlib-1.7.20.jar;C:\Users\leomorales\.gradle\caches\modules-2\files-2.1\org.jetbrains.kotlin\kotlin-script-runtime\1.7.20\bcd1cc6f865e632550357fcc59f5ffd532615a8\kotlin-script-runtime-1.7.20.jar;C:\Users\leomorales\.gradle\caches\modules-2\files-2.1\org.jetbrains.kotlin\kotlin-daemon-embeddable\1.7.20\1e24355adad8d529d75d5b19eab55484057431ba\kotlin-daemon-embeddable-1.7.20.jar;C:\Users\leomorales\.gradle\caches\modules-2\files-2.1\org.jetbrains.intellij.deps\trove4j\1.0.20200330\3afb14d5f9ceb459d724e907a21145e8ff394f02\trove4j-1.0.20200330.jar;C:\Users\leomorales\.gradle\caches\modules-2\files-2.1\net.java.dev.jna\jna\5.6.0\330f2244e9030119ab3030fc3fededc86713d9cc\jna-5.6.0.jar;C:\Users\leomorales\.gradle\caches\modules-2\files-2.1\org.jetbrains.kotlin\kotlin-stdlib-common\1.7.20\e15351bdaf9fa06f009be5da7a202e4184f00ae3\kotlin-stdlib-common-1.7.20.jar;C:\Users\leomorales\.gradle\caches\modules-2\files-2.1\org.jetbrains\annotations\13.0\919f0dfe192fb4e063e7dacadee7f8bb9a2672a9\annotations-13.0.jar
Launcher Type: SUN_STANDARD

[Global flags]
     intx CICompilerCount                          = 3                                         {product} {ergonomic}
     uint ConcGCThreads                            = 1                                         {product} {ergonomic}
     uint G1ConcRefinementThreads                  = 4                                         {product} {ergonomic}
   size_t G1HeapRegionSize                         = 1048576                                   {product} {ergonomic}
    uintx GCDrainStackTargetSize                   = 64                                        {product} {ergonomic}
   size_t InitialHeapSize                          = 132120576                                 {product} {ergonomic}
   size_t MarkStackSize                            = 4194304                                   {product} {ergonomic}
   size_t MaxHeapSize                              = 2109734912                                {product} {ergonomic}
   size_t MaxNewSize                               = 1265631232                                {product} {ergonomic}
   size_t MinHeapDeltaBytes                        = 1048576                                   {product} {ergonomic}
   size_t MinHeapSize                              = 8388608                                   {product} {ergonomic}
    uintx NonNMethodCodeHeapSize                   = 5832780                                {pd product} {ergonomic}
    uintx NonProfiledCodeHeapSize                  = 122912730                              {pd product} {ergonomic}
    uintx ProfiledCodeHeapSize                     = 122912730                              {pd product} {ergonomic}
    uintx ReservedCodeCacheSize                    = 251658240                              {pd product} {ergonomic}
     bool SegmentedCodeCache                       = true                                      {product} {ergonomic}
   size_t SoftMaxHeapSize                          = 2109734912                             {manageable} {ergonomic}
     bool UseCompressedClassPointers               = true                           {product lp64_product} {ergonomic}
     bool UseCompressedOops                        = true                           {product lp64_product} {ergonomic}
     bool UseG1GC                                  = true                                      {product} {ergonomic}
     bool UseLargePagesIndividualAllocation        = false                                  {pd product} {ergonomic}

Logging:
Log output configuration:
 #0: stdout all=warning uptime,level,tags
 #1: stderr all=off uptime,level,tags

Environment Variables:
JAVA_HOME=C:\Program Files\OpenJDK\openjdk-8u262-b10
PATH=C:\Python311\Scripts\;C:\Python311\;C:\Program Files\Common Files\Oracle\Java\javapath;C:\Python38\Scripts\;C:\Python38\;C:\Python27\;C:\Python27\Scripts;C:\Program Files (x86)\Intel\Intel(R) Management Engine Components\iCLS\;C:\Program Files\Intel\Intel(R) Management Engine Components\iCLS\;C:\Program Files\Python37\Scripts\;C:\Program Files\Python37\;C:\Windows\system32;C:\Windows;C:\Windows\System32\Wbem;C:\Windows\System32\WindowsPowerShell\v1.0\;C:\WINDOWS\system32;C:\WINDOWS;C:\WINDOWS\System32\Wbem;C:\WINDOWS\System32\WindowsPowerShell\v1.0\;C:\WINDOWS\System32\OpenSSH\;C:\Program Files (x86)\NVIDIA Corporation\PhysX\Common;C:\Program Files (x86)\Intel\Intel(R) Management Engine Components\DAL;C:\Program Files\Intel\Intel(R) Management Engine Components\DAL;C:\Program Files (x86)\Intel\Intel(R) Management Engine Components\IPT;C:\Program Files\Intel\Intel(R) Management Engine Components\IPT;C:\Program Files\NVIDIA Corporation\NVIDIA NvDLISR;C:\ProgramData\Anaconda3\Scripts;C:\ProgramData\Anaconda3;C:\ProgramData\chocolatey\bin;C:\WINDOWS\system32;C:\WINDOWS;C:\WINDOWS\System32\Wbem;C:\WINDOWS\System32\WindowsPowerShell\v1.0\;C:\WINDOWS\System32\OpenSSH\;C:\Program Files\OpenJDK\openjdk-8u262-b10\bin;C:\Program Files (x86)\Yarn\bin\;C:\Program Files (x86)\Windows Live\Shared;C:\Users\leomorales\AppData\Roaming\nvm;C:\Program Files\nodejs;C:\Program Files\PuTTY\;C:\Program Files\nodejs\;C:\Program Files\Git\cmd;C:\Users\leomorales\AppData\Local\Microsoft\WindowsApps;C:\Users\leomorales\AppData\Local\Programs\Microsoft VS Code\bin;C:\Program Files\wkhtmltopdf\bin;C:\Users\leomorales\home\soft\cmder_mini;C:\Users\leomorales\home\soft\flutter\bin;C:\Program Files\MongoDB\Server\4.0\bin;C:\ProgramData\Anaconda3\Scripts;C:\Users\leomorales\AppData\Local\Programs\MiKTeX 2.9\miktex\bin\x64\;C:\Users\leomorales\AppData\Local\Android\Sdk\platform-tools;C:\Program Files\JetBrains\PyCharm Community Edition 2019.2.3\bin;;C:\Program Files\heroku\bin;C:\Users\leomorales\A
USERNAME=leomorales
OS=Windows_NT
PROCESSOR_IDENTIFIER=Intel64 Family 6 Model 142 Stepping 9, GenuineIntel
TMP=C:\Users\LEOMOR~1\AppData\Local\Temp
TEMP=C:\Users\LEOMOR~1\AppData\Local\Temp



---------------  S Y S T E M  ---------------

OS:
 Windows 10 , 64 bit Build 19041 (10.0.19041.2788)
OS uptime: 1 days 6:07 hours
Hyper-V role detected

CPU: total 4 (initial active 4) (2 cores per cpu, 2 threads per core) family 6 model 142 stepping 9 microcode 0xd6, cx8, cmov, fxsr, ht, mmx, 3dnowpref, sse, sse2, sse3, ssse3, sse4.1, sse4.2, popcnt, lzcnt, tsc, tscinvbit, avx, avx2, aes, erms, clmul, bmi1, bmi2, adx, fma, vzeroupper, clflush, clflushopt, hv

Memory: 4k page, system-wide physical 8043M (352M free)
TotalPageFile size 14043M (AvailPageFile size 5M)
current process WorkingSet (physical memory assigned to process): 394M, peak: 394M
current process commit charge ("private bytes"): 424M, peak: 426M

vm_info: OpenJDK 64-Bit Server VM (17.0.6+0-b2043.56-9586694) for windows-amd64 JRE (17.0.6+0-b2043.56-9586694), built on Feb  9 2023 20:06:20 by "androidbuild" with MS VC++ 16.10 / 16.11 (VS2019)

END.
